           1    -1.19936    -1.19936           0
           2    -1.22355    -1.21145   0.0120931
           3    -1.19874    -1.20722  0.00816731
           4    -1.15264    -1.19357   0.0148163
           5    -1.17708    -1.19027   0.0119411
           6    -1.15018    -1.18359   0.0118196
           7    -1.09328    -1.17069   0.0163165
           8     -1.0585    -1.15667   0.0199085
           9    -1.06576    -1.14657   0.0202557
          10    -0.98184    -1.13009   0.0244863
          11   -0.982649    -1.11669   0.0258889
          12   -0.990505    -1.10617    0.025867
          13    -1.02922    -1.10025   0.0245194
          14   -0.929865    -1.08808   0.0257574
          15    -1.10873    -1.08946   0.0240183
          16   -0.968274    -1.08189   0.0237094
          17   -0.937604     -1.0734   0.0238335
          18   -0.971925    -1.06776   0.0231668
          19   -0.970575    -1.06265   0.0225026
          20   -0.962992    -1.05766   0.0219217
          21   -0.974126    -1.05369   0.0212277
          22   -0.966855    -1.04974   0.0206211
          23   -0.912781    -1.04378   0.0205842
          24   -0.902938    -1.03792   0.0205631
          25   -0.881138    -1.03164   0.0206964
          26    -0.90204    -1.02666   0.0204998
          27   -0.959058    -1.02416   0.0198842
          28   -0.937545    -1.02106   0.0194089
          29   -0.924146    -1.01772   0.0190236
          30    -1.03378    -1.01826   0.0183863
          31   -0.982653    -1.01711   0.0178203
          32   -0.937644    -1.01462   0.0174323
          33    -1.00176    -1.01423   0.0169002
          34   -0.958787     -1.0126   0.0164765
          35    -1.05242    -1.01374   0.0160393
          36    -1.02036    -1.01393   0.0155884
          37    -1.04821    -1.01485   0.0151896
          38    -1.05597    -1.01593    0.014824
          39    -1.18042    -1.02015   0.0150422
          40    -1.16631    -1.02381   0.0151098
          41    -1.14185    -1.02668   0.0150153
          42    -1.15044    -1.02963   0.0149467
          43    -1.02537    -1.02953   0.0145953
          44    -1.11525    -1.03148   0.0143922
          45    -1.09318    -1.03285   0.0141354
          46    -1.05754    -1.03339   0.0138351
          47    -1.02812    -1.03328    0.013538
          48    -1.09445    -1.03455   0.0133141
          49    -1.10991    -1.03609     0.01313
          50    -1.16283    -1.03862    0.013112
          51    -1.08395    -1.03951    0.012883
          52    -1.12226     -1.0411   0.0127327
          53    -1.07878    -1.04181   0.0125104
          54    -1.05194      -1.042   0.0122779
          55   -0.930104    -1.03997   0.0122231
          56   -0.842749    -1.03645   0.0125089
          57   -0.894421    -1.03395   0.0125376
          58   -0.905206    -1.03173   0.0125179
          59   -0.871775    -1.02902    0.012599
          60   -0.917855    -1.02717   0.0125251
          61   -0.951765    -1.02593   0.0123799
          62   -0.955705     -1.0248   0.0122312
          63    -1.05121    -1.02522   0.0120427
          64    -1.01344    -1.02504   0.0118545
          65   -0.996486     -1.0246    0.011679
          66    -1.04214    -1.02486   0.0115037
          67    -1.05904    -1.02537   0.0113422
          68    -1.03092    -1.02545   0.0111745
          69   -0.991376    -1.02496   0.0110224
          70   -0.917322    -1.02342   0.0109721
          71   -0.917458    -1.02193   0.0109189
          72   -0.909541    -1.02037   0.0108788
          73   -0.870839    -1.01832   0.0109225
          74   -0.933695    -1.01718   0.0108344
          75   -0.996372     -1.0169   0.0106926
          76    -1.08737    -1.01783   0.0105916
          77    -1.07832    -1.01861   0.0104826
          78    -1.06434     -1.0192    0.010364
          79    -1.02173    -1.01923    0.010232
          80   -0.986659    -1.01882   0.0101115
          81   -0.958839    -1.01808   0.0100133
          82    -1.02758     -1.0182  0.00989109
          83    -1.03325    -1.01838  0.00977287
          84    -1.04122    -1.01865  0.00965966
          85    -1.09143    -1.01951  0.00958366
          86    -1.04707    -1.01983  0.00947699
          87    -1.11112    -1.02088  0.00942602
          88    -1.07232    -1.02146  0.00933661
          89    -1.08167    -1.02214  0.00925586
          90    -1.07192    -1.02269  0.00916914
          91    -1.02128    -1.02268  0.00906783
          92      -1.044    -1.02291  0.00897172
          93    -1.05948     -1.0233  0.00888344
          94    -1.06744    -1.02377  0.00880096
          95    -1.04568      -1.024  0.00871087
          96    -1.03543    -1.02412  0.00862048
          97    -1.00137    -1.02389  0.00853437
          98    -1.06684    -1.02433   0.0084582
          99    -1.02056    -1.02429  0.00837241
         100    -1.05049    -1.02455  0.00829241
