200 1.83109 0
400 1.89189 0.0429884
600 1.92388 0.0387774
800 1.94569 0.0346783
1000 1.93284 0.0300305
1200 1.9192 0.0279526
1400 1.91645 0.0240939
1600 1.90095 0.025589
1800 1.89506 0.0234139
2000 1.88631 0.0226486
2200 1.87941 0.021615
2400 1.87366 0.0205643
2600 1.86879 0.0195495
2800 1.86462 0.0185925
3000 1.86101 0.0177008
3200 1.85784 0.0168746
3400 1.85505 0.016111
3600 1.85257 0.0154057
3800 1.85036 0.0147538
4000 1.84836 0.0141507
4200 1.84655 0.0135917
4400 1.84491 0.0130728
4600 1.84341 0.0125902
4800 1.84203 0.0121404
5000 1.84077 0.0117205
5200 1.8396 0.0113278
5400 1.83852 0.0109597
5600 1.83752 0.0106142
5800 1.83658 0.0102892
6000 1.83571 0.00998316
6200 1.83489 0.00969442
6400 1.83413 0.00942161
6600 1.83341 0.00916348
6800 1.83273 0.00891889
7000 1.83209 0.00868684
7200 1.83149 0.0084664
7400 1.83092 0.00825673
7600 1.83038 0.00805707
7800 1.82987 0.00786674
8000 1.82938 0.0076851
8200 1.82892 0.00751158
8400 1.82848 0.00734565
8600 1.82806 0.00718683
8800 1.82766 0.00703468
9000 1.82728 0.00688879
9200 1.82691 0.00674878
9400 1.82656 0.00661432
9600 1.82622 0.00648507
9800 1.8259 0.00636074
10000 1.82559 0.00624107
10200 1.82529 0.00612579
10400 1.82501 0.00601466
10600 1.82473 0.00590748
10800 1.82446 0.00580403
11000 1.82421 0.00570413
11200 1.82396 0.00560759
11400 1.82373 0.00551425
11600 1.8235 0.00542395
11800 1.82327 0.00533655
12000 1.82306 0.00525191
12200 1.82285 0.00516991
12400 1.82265 0.00509042
12600 1.82246 0.00501332
12800 1.82227 0.00493852
13000 1.82209 0.00486591
13200 1.82191 0.0047954
13400 1.82174 0.0047269
13600 1.82157 0.00466032
13800 1.82141 0.00459559
14000 1.82125 0.00453262
14200 1.8211 0.00447135
14400 1.82095 0.00441172
14600 1.82081 0.00435364
14800 1.82067 0.00429708
15000 1.82053 0.00424196
15200 1.8204 0.00418823
15400 1.82027 0.00413585
15600 1.82014 0.00408475
15800 1.82002 0.0040349
16000 1.8199 0.00398625
16200 1.81978 0.00393876
16400 1.81967 0.00389239
16600 1.81955 0.00384709
16800 1.81945 0.00380283
17000 1.81934 0.00375957
17200 1.81924 0.00371729
17400 1.81913 0.00367595
17600 1.81903 0.00363551
17800 1.81894 0.00359595
18000 1.81884 0.00355725
18200 1.81875 0.00351936
18400 1.81866 0.00348228
18600 1.81857 0.00344596
18800 1.81848 0.0034104
19000 1.8184 0.00337556
19200 1.81832 0.00334142
19400 1.81823 0.00330797
19600 1.81815 0.00327518
19800 1.81808 0.00324303
20000 1.818 0.0032115
