   0.0323165           0           0
   0.0969496           0           0
    0.161583           0           0
    0.226216           0           0
    0.290849           0           0
    0.355482           0           0
    0.420115           0           0
    0.484748           0           0
    0.549381           0           0
    0.614014           0           0
    0.678647           0           0
     0.74328           0           0
    0.807913           0           0
    0.872546 0.000143684 8.88886e-05
    0.937179     0.17522  0.00531318
     1.00181     2.62747   0.0333961
     1.06645     6.35918   0.0556563
     1.13108     7.07061   0.0655382
     1.19571     5.97236   0.0505335
     1.26034     4.72858    0.045702
     1.32498     3.81761    0.038797
     1.38961     3.20788    0.036293
     1.45424     2.77518   0.0290171
     1.51888     2.51256   0.0238318
     1.58351     2.33276   0.0234752
     1.64814     2.20123   0.0236083
     1.71278      2.1689    0.023245
     1.77741     2.15047   0.0237286
     1.84204     2.18176   0.0244658
     1.90667     2.22952   0.0252254
     1.97131     2.26731   0.0259606
     2.03594     2.31231   0.0284451
     2.10057     2.33588   0.0285864
     2.16521     2.30167    0.028109
     2.22984     2.21682   0.0280414
     2.29447     2.12201   0.0263946
     2.35911     2.01751   0.0263496
     2.42374     1.92985   0.0261188
     2.48837      1.8506   0.0232662
     2.55301     1.79433   0.0218307
     2.61764     1.73411    0.020804
     2.68227     1.68224   0.0212032
      2.7469     1.65368   0.0216898
     2.81154     1.63367    0.020834
     2.87617     1.60258   0.0199086
      2.9408     1.57314   0.0198541
     3.00544     1.55722    0.019963
     3.07007     1.52681    0.019403
      3.1347     1.48888    0.018596
     3.19934     1.45875   0.0189598
     3.26397     1.42721   0.0181627
      3.3286     1.38919   0.0177316
     3.39323     1.35598   0.0172648
     3.45787       1.329   0.0161257
      3.5225      1.2977   0.0154737
     3.58713     1.27467   0.0149256
     3.65177     1.24928   0.0146013
      3.7164     1.22626   0.0147325
     3.78103     1.20612   0.0148037
     3.84567     1.18848   0.0143539
      3.9103     1.17053   0.0139949
     3.97493     1.14731   0.0130664
     4.03957     1.13278   0.0119615
      4.1042     1.11862   0.0113562
     4.16883     1.10541   0.0113579
     4.23346     1.09608   0.0114776
      4.2981     1.08047   0.0111971
     4.36273     1.06824   0.0107099
     4.42736     1.05432  0.00950622
       4.492     1.03951  0.00960143
     4.55663     1.02622  0.00872296
     4.62126      1.0193   0.0085189
      4.6859     1.00747  0.00793609
     4.75053     1.00266  0.00758727
     4.81516    0.995405  0.00733561
     4.87979    0.984956  0.00705674
     4.94443    0.980631  0.00694252
     5.00906    0.967547  0.00626841
     5.07369      0.9631  0.00639399
     5.13833    0.958557  0.00604329
     5.20296    0.952376  0.00601709
     5.26759    0.944361   0.0057084
     5.33223    0.939151   0.0058502
     5.39686    0.932675  0.00548721
     5.46149    0.927987  0.00507753
     5.52612    0.925353   0.0046675
     5.59076    0.918252  0.00461467
     5.65539    0.914007  0.00466656
     5.72002    0.906488  0.00430425
     5.78466    0.904991  0.00427664
     5.84929    0.903681  0.00473546
     5.91392    0.898535   0.0044284
     5.97856    0.896636  0.00442941
     6.04319    0.893658   0.0046808
     6.10782    0.894253  0.00473931
     6.17246    0.885909    0.004744
     6.23709    0.886104  0.00455539
     6.30172    0.882314  0.00449386
     6.36635    0.882808  0.00426552
     6.43099    0.883565  0.00448916
