200 0.370766 0
400 0.393827 0.0163067
600 0.407431 0.0155423
800 0.415976 0.0138073
1000 0.409707 0.0123874
1200 0.405137 0.0111342
1400 0.405519 0.00955016
1600 0.397676 0.0111204
1800 0.395959 0.0100164
2000 0.393574 0.00929441
2200 0.387624 0.0101773
2400 0.382666 0.0104676
2600 0.37847 0.0104695
2800 0.374874 0.0103208
3000 0.371757 0.0100924
3200 0.36903 0.00982315
3400 0.366624 0.00953548
3600 0.364485 0.00924251
3800 0.362571 0.008952
4000 0.360849 0.00866851
4200 0.359291 0.00839462
4400 0.357874 0.00813171
4600 0.356581 0.00788036
4800 0.355395 0.00764069
5000 0.354304 0.00741252
5200 0.353297 0.00719549
5400 0.352365 0.00698913
5600 0.351499 0.00679293
5800 0.350693 0.00660634
6000 0.349941 0.00642882
6200 0.349237 0.00625984
6400 0.348577 0.00609889
6600 0.347957 0.00594548
6800 0.347374 0.00579916
7000 0.346824 0.00565949
7200 0.346305 0.00552607
7400 0.345813 0.00539852
7600 0.345348 0.00527649
7800 0.344906 0.00515964
8000 0.344487 0.00504768
8200 0.344087 0.00494032
8400 0.343707 0.00483729
8600 0.343345 0.00473835
8800 0.342999 0.00464327
9000 0.342668 0.00455184
9200 0.342352 0.00446385
9400 0.34205 0.00437913
9600 0.341759 0.0042975
9800 0.341481 0.00421879
10000 0.341214 0.00414287
10200 0.340957 0.00406958
10400 0.340711 0.00399879
10600 0.340473 0.00393039
10800 0.340244 0.00386425
11000 0.340024 0.00380027
11200 0.339812 0.00373834
11400 0.339606 0.00367838
11600 0.339409 0.00362028
11800 0.339217 0.00356397
12000 0.339032 0.00350936
12200 0.338854 0.00345639
12400 0.33868 0.00340497
12600 0.338513 0.00335504
12800 0.338351 0.00330654
13000 0.338193 0.00325941
13200 0.338041 0.0032136
13400 0.337893 0.00316904
13600 0.337749 0.00312569
13800 0.33761 0.0030835
14000 0.337474 0.00304243
14200 0.337342 0.00300243
14400 0.337214 0.00296345
14600 0.33709 0.00292547
14800 0.336969 0.00288845
15000 0.336851 0.00285234
15200 0.336736 0.00281712
15400 0.336624 0.00278275
15600 0.336515 0.00274921
15800 0.336409 0.00271646
16000 0.336305 0.00268448
16200 0.336204 0.00265324
16400 0.336106 0.00262271
16600 0.33601 0.00259287
16800 0.335916 0.0025637
17000 0.335824 0.00253518
17200 0.335734 0.00250728
17400 0.335647 0.00247999
17600 0.335562 0.00245328
17800 0.335478 0.00242714
18000 0.335396 0.00240155
18200 0.335316 0.00237648
18400 0.335238 0.00235194
18600 0.335162 0.00232789
18800 0.335087 0.00230433
19000 0.335013 0.00228124
19200 0.334942 0.00225861
19400 0.334871 0.00223641
19600 0.334803 0.00221465
19800 0.334735 0.00219331
20000 0.334669 0.00217237
