200 1.22073 0
400 1.26126 0.0286589
600 1.28259 0.0258517
800 1.29713 0.0231189
1000 1.28856 0.0200203
1200 1.27946 0.0186351
1400 1.27763 0.0160626
1600 1.2673 0.0170594
1800 1.26337 0.0156092
2000 1.25754 0.015099
2200 1.25294 0.01441
2400 1.2491 0.0137095
2600 1.24586 0.0130329
2800 1.24308 0.012395
3000 1.24067 0.0118005
3200 1.23856 0.0112497
3400 1.2367 0.0107407
3600 1.23505 0.0102704
3800 1.23357 0.00983587
4000 1.23224 0.00943377
4200 1.23103 0.00906114
4400 1.22994 0.0087152
4600 1.22894 0.00839345
4800 1.22802 0.00809362
5000 1.22718 0.00781368
5200 1.2264 0.00755183
5400 1.22568 0.00730644
5600 1.22501 0.00707609
5800 1.22439 0.00685946
6000 1.22381 0.00665542
6200 1.22326 0.00646293
6400 1.22275 0.00628106
6600 1.22227 0.00610897
6800 1.22182 0.00594592
7000 1.2214 0.00579122
7200 1.22099 0.00564425
7400 1.22061 0.00550447
7600 1.22026 0.00537137
7800 1.21991 0.00524448
8000 1.21959 0.00512339
8200 1.21928 0.00500771
8400 1.21899 0.00489709
8600 1.21871 0.00479121
8800 1.21844 0.00468978
9000 1.21818 0.00459252
9200 1.21794 0.00449918
9400 1.21771 0.00440954
9600 1.21748 0.00432337
9800 1.21727 0.00424049
10000 1.21706 0.0041607
10200 1.21686 0.00408385
10400 1.21667 0.00400977
10600 1.21649 0.00393831
10800 1.21631 0.00386935
11000 1.21614 0.00380274
11200 1.21598 0.00373838
11400 1.21582 0.00367616
11600 1.21566 0.00361596
11800 1.21552 0.00355769
12000 1.21537 0.00350127
12200 1.21523 0.0034466
12400 1.2151 0.0033936
12600 1.21497 0.00334221
12800 1.21485 0.00329234
13000 1.21472 0.00324394
13200 1.21461 0.00319693
13400 1.21449 0.00315126
13600 1.21438 0.00310687
13800 1.21427 0.00306372
14000 1.21417 0.00302174
14200 1.21407 0.0029809
14400 1.21397 0.00294114
14600 1.21387 0.00290242
14800 1.21378 0.00286471
15000 1.21369 0.00282797
15200 1.2136 0.00279215
15400 1.21351 0.00275723
15600 1.21343 0.00272316
15800 1.21334 0.00268993
16000 1.21326 0.0026575
16200 1.21319 0.00262584
16400 1.21311 0.00259492
16600 1.21304 0.00256472
16800 1.21296 0.00253521
17000 1.21289 0.00250638
17200 1.21282 0.00247819
17400 1.21276 0.00245063
17600 1.21269 0.00242367
17800 1.21263 0.0023973
18000 1.21256 0.00237149
18200 1.2125 0.00234624
18400 1.21244 0.00232151
18600 1.21238 0.0022973
18800 1.21232 0.00227359
19000 1.21227 0.00225037
19200 1.21221 0.00222761
19400 1.21216 0.00220531
19600 1.2121 0.00218345
19800 1.21205 0.00216201
20000 1.212 0.002141
