           1     1.39051     1.39051           0
           2     1.39043     1.39047   4.062e-05
           3     1.39061     1.39052 5.18515e-05
           4     1.39071     1.39057 6.13167e-05
           5      1.3907     1.39059 5.40597e-05
           6     1.39065      1.3906  4.5134e-05
           7      1.3907     1.39062 4.05065e-05
           8     1.39063     1.39062 3.51108e-05
           9     1.39065     1.39062 3.12403e-05
          10     1.39056     1.39062  2.8528e-05
          11     1.39058     1.39061 2.59782e-05
          12     1.39071     1.39062  2.5072e-05
          13     1.39071     1.39063   2.405e-05
          14     1.39077     1.39064 2.44897e-05
          15     1.39065     1.39064 2.28117e-05
          16     1.39058     1.39063  2.1634e-05
          17     1.39064     1.39063 2.03218e-05
          18     1.39069     1.39064 1.94124e-05
          19     1.39064     1.39064 1.83625e-05
          20     1.39058     1.39064 1.76617e-05
          21     1.39073     1.39064 1.74141e-05
          22     1.39072     1.39064 1.69874e-05
          23     1.39076     1.39065 1.70236e-05
          24      1.3906     1.39065 1.64285e-05
          25     1.39065     1.39065 1.57578e-05
          26     1.39069     1.39065 1.52445e-05
          27      1.3906     1.39065  1.4763e-05
          28     1.39046     1.39064 1.57759e-05
          29     1.39049     1.39063  1.6071e-05
          30     1.39059     1.39063 1.56117e-05
          31     1.39072     1.39064 1.53409e-05
          32     1.39063     1.39064 1.48551e-05
          33     1.39064     1.39064 1.43989e-05
          34     1.39068     1.39064 1.40339e-05
          35     1.39056     1.39063 1.38241e-05
          36     1.39065     1.39064 1.34401e-05
          37     1.39065     1.39064 1.30767e-05
          38     1.39064     1.39064 1.27279e-05
          39     1.39058     1.39063 1.24877e-05
          40     1.39067     1.39063 1.22088e-05
          41     1.39073     1.39064 1.21486e-05
          42     1.39068     1.39064 1.18915e-05
          43     1.39071     1.39064 1.17472e-05
          44     1.39061     1.39064 1.14965e-05
          45     1.39037     1.39063 1.27177e-05
          46     1.39054     1.39063 1.26035e-05
          47     1.39045     1.39063 1.29497e-05
          48     1.39049     1.39062  1.2984e-05
          49     1.39065     1.39063 1.27306e-05
          50     1.39074     1.39063 1.26876e-05
