1.19967
1.19907
1.19821
1.19706
1.19563
1.19391
1.19197
1.18988
1.18778
1.18583
1.18417
1.18297
1.18231
1.18225
1.18277
1.18384
1.18535
1.18717
1.18917
1.19115
1.19293
1.19433
1.19517
1.19534
1.19478
1.19356
1.19185
1.18993
1.18815
1.18687
1.18638
1.1868
1.18809
1.19008
1.19252
1.19515
1.19776
1.20019
1.20238
1.20428
1.20589
1.20722
1.20825
1.20898
1.20938
1.20946
1.20924
1.20879
1.20824
1.20774
1.20741
1.20729
1.2072
1.20683
1.20575
1.20362
1.20037
1.19635
1.19234
1.18935
1.18821
1.18923
1.19217
1.19645
1.20134
1.2062
1.21049
1.21383
1.216
1.21693
1.21665
1.21526
1.21289
1.2097
1.20589
1.20172
1.19752
1.19369
1.19066
1.18882
1.18841
1.1895
1.19195
1.19545
1.19961
1.20404
1.2084
1.21242
1.21593
1.21884
1.22112
1.22276
1.22381
1.22433
1.22439
1.22407
1.22341
1.22249
1.22133
1.21995
1.21833
1.21646
1.2143
1.21185
1.20913
1.20625
1.20339
1.20082
1.19884
1.19773
1.19762
1.19845
1.2
1.20195
1.20396
1.20577
1.20729
1.20854
1.20964
1.21073
1.21192
1.21327
1.21473
1.21623
1.21765
1.21891
1.21994
1.22069
1.22115
1.22128
1.22107
1.22047
1.21943
1.21792
1.21585
1.21316
1.20976
1.20558
1.20064
1.19511
1.18946
1.18455
1.1814
1.18082
1.18291
1.18696
1.19188
1.19663
1.20061
1.20363
1.20577
1.20724
1.20826
1.20899
1.20957
1.21006
1.21047
1.21082
1.2111
1.21132
1.21149
1.21164
1.21183
1.21209
1.21244
1.21288
1.2134
1.21398
1.21459
1.21522
1.21588
1.21656
1.21728
1.21801
1.21876
1.21948
1.22015
1.22075
1.22125
1.22167
1.22205
1.22246
1.22297
1.22367
1.22463
1.22589
1.22743
1.22917
1.23101
1.23281
1.23443
1.23576
1.2367
1.23718
1.23719
1.23674
1.23586
1.23463
1.23313
1.23147
1.22972
1.22794
1.22614
1.22429
1.22232
1.22014
1.21769
1.21496
1.21204
1.20913
1.20652
1.20455
1.20356
1.20379
1.20534
1.20814
1.21197
1.21645
1.22118
1.22576
1.2299
1.23341
1.23623
1.23839
1.23995
1.24103
1.2417
1.24205
1.24212
1.24192
1.24147
1.24075
1.23973
1.23841
1.23678
1.23487
1.23272
1.2304
1.228
1.22563
1.22339
1.22139
1.21967
1.21823
1.21698
1.21579
1.21449
1.21292
1.21097
1.20863
1.20604
1.20345
1.20124
1.19975
1.19923
1.19971
1.20105
1.20296
1.20511
1.2072
1.20902
1.2104
1.21126
1.21158
1.21139
1.21079
1.20993
1.20903
1.20828
1.2078
1.20763
1.20768
1.2078
1.20781
1.2076
1.20714
1.2065
1.20586
1.20542
1.20536
1.20583
1.20683
1.2083
1.21006
1.21192
1.21369
1.21521
1.21637
1.2171
1.21735
1.21711
1.21633
1.21494
1.21285
1.20989
1.20591
1.20074
1.19441
1.18718
1.17978
1.17334
1.16915
1.16812
1.17038
1.17517
1.18128
1.18743
1.19266
1.19632
1.19814
1.19804
1.19612
1.19259
1.18776
1.18205
1.17593
1.16997
1.16472
1.16067
1.15821
1.15751
1.15856
1.1611
1.16471
1.16888
1.17315
1.17711
1.1805
1.18316
1.18505
1.1862
1.18667
1.18658
1.18606
1.18525
1.1843
1.18337
1.18258
1.18203
1.18176
1.18178
1.18202
1.18242
1.18288
1.18332
1.18366
1.18386
1.18388
1.1837
1.18332
1.18274
1.18195
1.18094
1.17972
1.17828
1.17662
1.17476
1.17274
1.17065
1.1686
1.16672
1.16515
1.16401
1.16332
1.16307
1.16314
1.16338
1.16361
1.16366
1.1634
1.16278
1.16178
1.16049
1.15906
1.15767
1.15652
1.15578
1.15558
1.15597
1.1569
1.15827
1.15996
1.16181
1.16372
1.16559
1.1674
1.16912
1.17077
1.17236
1.17388
1.1753
1.17657
1.1776
1.17834
1.17873
1.17875
1.17844
1.1779
1.17727
1.17672
1.17643
1.17651
1.17699
1.17782
1.17885
1.17991
1.1808
1.18136
1.18146
1.181
1.17989
1.1781
1.17558
1.17232
1.16832
1.16362
1.15833
1.15263
1.14677
1.14107
1.13591
1.13162
1.12848
1.12666
1.12624
1.12718
1.12938
1.13268
1.13681
1.14147
1.14637
1.15123
1.15586
1.16013
1.16397
1.16733
1.17016
1.17243
1.1741
1.17515
1.17555
1.17529
1.17437
1.17281
1.17064
1.16793
1.1648
1.16138
1.15785
1.1544
1.15119
1.14838
1.1461
1.14443
1.14346
1.14323
1.14372
1.14482
1.14636
1.14813
1.14989
1.15147
1.15272
1.15356
1.15394
1.15387
1.15334
1.15236
1.15089
1.14887
1.14618
1.14259
1.1378
1.13152
1.12367
1.11479
1.10651
1.10143
1.10188
1.10828
1.11862
1.12997
1.14008
1.14793
1.15348
1.15707
1.15919
1.16024
1.16058
1.16042
1.15994
1.15925
1.15843
1.15752
1.15657
1.15559
1.15458
1.15356
1.15253
1.15149
1.15045
1.14941
1.1484
1.14744
1.14654
1.14573
1.14505
1.14453
1.14419
1.14406
1.14416
1.1445
1.14508
1.1459
1.14694
1.14817
1.14956
1.15105
1.15259
1.15414
1.15563
1.15699
1.15818
1.15913
1.15978
1.16008
1.16
1.1595
1.15862
1.15742
1.15602
1.15461
1.15339
1.15256
1.15222
1.15238
1.15292
1.15368
1.15447
1.15517
1.15575
1.15628
1.15689
1.15772
1.15889
1.16045
1.16236
1.16454
1.16684
1.16913
1.17129
1.17322
1.17488
1.17621
1.17721
1.17786
1.17819
1.17821
1.17798
1.17754
1.17699
1.17643
1.17598
1.17579
1.17596
1.17661
1.17776
1.17942
1.18149
1.18385
1.18637
1.18888
1.19125
1.19338
1.19521
1.19668
1.1978
1.19858
1.19905
1.19929
1.19938
1.19942
1.19951
1.19974
1.20017
1.20081
1.20165
1.20261
1.20361
1.20454
1.2053
1.20578
1.20589
1.20556
1.20471
1.20331
1.2013
1.19874
1.19574
1.19257
1.18961
1.18735
1.18623
1.1865
1.1881
1.19067
1.19365
1.19643
1.19856
1.19976
1.19997
1.19936
1.19824
1.19702
1.19611
1.19588
1.19652
1.19805
1.20033
1.20306
1.20593
1.20863
1.21092
1.21266
1.21375
1.2142
1.21402
1.21328
1.21205
1.21042
1.20851
1.20647
1.20446
1.20267
1.20125
1.20034
1.19995
1.20001
1.20037
1.20084
1.20121
1.20134
1.20114
1.20056
1.19965
1.19849
1.1972
1.19593
1.19481
1.19397
1.19348
1.1934
1.19369
1.19431
1.19515
1.19609
1.19704
1.1979
1.19858
1.19906
1.19929
1.19929
1.19906
1.19863
1.19804
1.19735
1.19662
1.19593
1.19537
1.19503
1.19501
1.19535
1.19608
1.19716
1.19855
1.20014
1.20184
1.20354
1.20516
1.20663
1.20789
1.20887
1.20952
1.20975
1.20947
1.20852
1.20675
1.20395
1.19998
1.19482
1.18878
1.18258
1.17736
1.17434
1.17422
1.17679
1.18107
1.18587
1.19023
1.19364
1.19596
1.19724
1.19767
1.19743
1.19677
1.19594
1.19517
1.19469
1.19457
1.19476
1.19507
1.19523
1.19502
1.19433
1.19326
1.19207
1.19111
1.19077
1.1913
1.19274
1.19491
1.19749
1.2001
1.20244
1.20431
1.20563
1.20639
1.20655
1.20603
1.20463
1.20207
1.1981
1.19267
1.18626
1.18017
1.17628
1.17625
1.18045
1.18764
1.19579
1.20316
1.20874
1.21226
1.21383
1.21375
1.21241
1.21024
1.20771
1.20534
1.20356
1.2027
1.20285
1.2039
1.20561
1.20767
1.20979
1.21177
1.21349
1.2149
1.21598
1.21674
1.21723
1.21748
1.21751
1.21737
1.21707
1.21663
1.21607
1.21538
1.21457
1.21362
1.21252
1.21125
1.2098
1.20815
1.2063
1.20428
1.20211
1.19987
1.19765
1.19557
1.19376
1.19233
1.19141
1.19105
1.19127
1.19203
1.19325
1.19483
1.19664
1.19856
1.2005
1.20239
1.20418
1.20586
1.20743
1.20889
1.21022
1.21143
1.21248
1.21333
1.21398
1.21439
1.21458
1.21458
1.21445
1.21425
1.21407
1.21398
1.21404
1.21428
1.21471
1.2153
1.216
1.21676
1.21752
1.21822
1.2188
1.21923
1.21947
1.21949
1.21928
1.21881
1.21806
1.21699
1.21554
1.21367
1.21132
1.20846
1.20521
1.20184
1.19878
1.19658
1.19571
1.19633
1.19823
1.20092
1.20387
1.20671
1.20931
1.21173
1.21408
1.21645
1.21881
1.22102
1.22289
1.2242
1.2248
1.22463
1.22368
1.22203
1.21982
1.21724
1.2145
1.21182
1.20939
1.20738
1.2059
1.205
1.20466
1.20482
1.20539
1.20625
1.20729
1.20838
1.20944
1.21039
1.21119
1.21182
1.2123
1.21265
1.21291
1.21312
1.21329
1.21341
1.21346
1.2134
1.21322
1.21289
1.21243
1.21186
1.21124
1.2106
1.20995
1.20932
1.20867
1.20797
1.20718
1.20624
1.20512
1.2038
1.20231
1.20076
1.19927
1.19804
1.19725
1.19705
1.19746
1.19842
1.19974
1.2012
1.20258
1.20371
1.20449
1.2049
1.205
1.20491
1.20474
1.2046
1.20456
1.20464
1.20481
1.20503
1.20527
1.20549
1.20567
1.20575
1.20566
1.20529
1.20451
1.20322
1.20137
1.19899
1.19623
1.19336
1.19074
1.18873
1.18766
1.18768
1.18877
1.19076
1.19337
1.19632
1.19933
1.20218
1.20472
1.20685
1.20853
1.20976
1.21056
1.21095
1.21096
1.21061
1.20992
1.20891
1.20757
1.2059
1.20392
1.20165
1.19913
1.19646
1.19375
1.19113
1.18875
1.18669
1.18501
1.18369
1.18266
1.18185
1.18125
1.18098
1.18125
1.18232
1.18437
1.18736
1.19099
1.19482
1.19839
1.20133
1.20348
1.2048
1.20538
1.20537
1.20495
1.20427
1.20346
1.20256
1.20161
1.20058
1.19941
1.19806
1.1965
1.19474
1.19281
1.1908
1.18881
1.18698
1.18544
1.18429
1.18362
1.18346
1.18381
1.1846
1.18576
1.18717
1.18874
1.19041
1.19212
1.19385
1.19561
1.19739
1.19919
1.20101
1.20282
1.20455
1.20617
1.20759
1.20874
1.20955
1.20992
1.20973
1.20884
1.20709
1.20425
1.20004
1.19414
1.18627
1.17632
1.16464
1.1524
1.1417
1.13522
1.13493
1.14093
1.15117
1.16264
1.17285
1.18053
1.18554
1.1884
1.18992
1.19087
1.19183
1.19308
1.19463
1.19636
1.19806
1.19961
1.20093
1.20202
1.20289
1.20355
1.204
1.2042
1.20414
1.20381
1.20325
1.20255
1.20184
1.20127
1.20096
1.201
1.20142
1.20215
1.20311
1.20416
1.20518
1.20605
1.20664
1.20686
1.20658
1.20569
1.20407
1.20161
1.19828
1.19417
1.18961
1.18519
1.18177
1.18019
1.18094
1.18392
1.18851
1.1938
1.19896
1.20339
1.20672
1.20878
1.20951
1.2089
1.20705
1.20411
1.20035
1.19614
1.19195
1.1883
1.18565
1.18429
1.18429
1.18547
1.18747
1.18987
1.19233
1.19467
1.19686
1.19902
1.2013
1.20381
1.20654
1.20942
1.2123
1.21503
1.21747
1.21956
1.22127
1.22266
1.22378
1.2247
1.22543
1.22591
1.22602
1.22558
1.22437
1.2222
1.21892
1.21448
1.20901
1.2029
1.19685
1.19182
1.18882
1.18852
1.19098
1.19561
1.20142
1.20747
1.21305
1.21782
1.22171
1.22483
1.22734
1.22943
1.23121
1.23274
1.234
1.2349
1.23532
1.23508
1.23404
1.23213
1.22936
1.22586
1.22194
1.21796
1.21432
1.21131
1.20911
1.20785
1.20762
1.20847
1.21031
1.2128
1.2154
1.21754
1.21883
1.21916
1.21876
1.21808
1.21764
1.21774
1.21839
1.21924
1.21977
1.21946
1.21795
1.21516
1.2113
1.20692
1.2028
1.19985
1.19875
1.19972
1.20245
1.20618
1.21011
1.21355
1.21611
1.21765
1.21828
1.21823
1.21782
1.21738
1.2172
1.21743
1.2181
1.21907
1.22012
1.221
1.22146
1.22129
1.22034
1.21855
1.21588
1.21242
1.20833
1.2039
1.19949
1.1955
1.19226
1.18998
1.18868
1.18818
1.18821
1.18846
1.1887
1.18879
1.18869
1.18845
1.18818
1.18798
1.18796
1.18817
1.18863
1.18934
1.19024
1.19127
1.19236
1.19346
1.19451
1.19549
1.19636
1.19711
1.19776
1.1983
1.19876
1.19915
1.19949
1.19981
1.20011
1.20041
1.20072
1.20105
1.20139
1.20174
1.20211
1.2025
1.20289
1.20327
1.20363
1.20393
1.20413
1.20417
1.20397
1.20344
1.2025
1.20109
1.19922
1.19696
1.19453
1.19222
1.19039
1.18928
1.18901
1.18944
1.19025
1.19107
1.19157
1.19153
1.19089
1.1897
1.18811
1.18631
1.18449
1.18283
1.1814
1.18025
1.1793
1.17852
1.17788
1.17744
1.17732
1.17766
1.17856
1.18007
1.18216
1.18476
1.18774
1.19096
1.19424
1.1974
1.20028
1.20277
1.2048
1.20637
1.2075
1.20825
1.20867
1.20885
1.20885
1.20875
1.2086
1.20845
1.20831
1.2082
1.20809
1.20798
1.2078
1.2075
1.20705
1.20638
1.2055
1.20438
1.20306
1.20162
1.20014
1.19876
1.19764
1.19694
1.19681
1.19737
1.19862
1.20049
1.2028
1.20533
1.2078
1.20998
1.21172
1.2129
1.21351
1.21361
1.21331
1.21278
1.21221
1.21178
1.21166
1.21196
1.21273
1.21394
1.21553
1.21735
1.21925
1.22103
1.2225
1.22352
1.22392
1.22361
1.2225
1.22054
1.21773
1.21411
1.20983
1.20517
1.20058
1.19667
1.19407
1.19326
1.19435
1.19706
1.20078
1.20482
1.20862
1.2118
1.21422
1.21592
1.21704
1.21779
1.21838
1.21902
1.21985
1.22092
1.22222
1.22365
1.22507
1.22637
1.2274
1.22811
1.22844
1.2284
1.22806
1.2275
1.22685
1.22624
1.22578
1.22553
1.2255
1.22561
1.22576
1.22582
1.22574
1.22555
1.22536
1.22534
1.22567
1.22643
1.2276
1.22905
1.23054
1.23184
1.23273
1.23305
1.2327
1.23164
1.22992
1.22769
1.22516
1.22263
1.22037
1.21851
1.21703
1.21574
1.21447
1.21324
1.21237
1.21232
1.21355
1.2162
1.22003
1.22449
1.22889
1.23265
1.23532
1.2367
1.23676
1.23567
1.23375
1.23145
1.22928
1.22773
1.22716
1.22768
1.2292
1.23139
1.23385
1.23618
1.23806
1.23934
1.23997
1.24002
1.23966
1.23907
1.23843
1.23794
1.23771
1.23783
1.23832
1.23915
1.24025
1.24151
1.2428
1.24402
1.24505
1.24581
1.24627
1.24646
1.24648
1.24648
1.24666
1.24721
1.24823
1.24972
1.25157
1.25356
1.25541
1.25684
1.2576
1.2575
1.25635
1.25404
1.25048
1.24565
1.23966
1.23276
1.22542
1.21833
1.21228
1.208
1.20591
1.20598
1.20779
1.21066
1.21393
1.21704
1.21966
1.22165
1.22303
1.22398
1.22474
1.22554
1.22656
1.22783
1.22929
1.23076
1.23203
1.2329
1.23323
1.23295
1.23204
1.23053
1.2285
1.22604
1.2233
1.22042
1.21756
1.21488
1.21252
1.21061
1.20923
1.20845
1.20827
1.20867
1.20958
1.2109
1.21249
1.21423
1.21595
1.21755
1.21893
1.22003
1.22081
1.2213
1.22149
1.22142
1.22113
1.22066
1.22002
1.21924
1.21835
1.21735
1.21625
1.21507
1.2138
1.21246
1.21105
1.20959
1.2081
1.20658
1.20507
1.20359
1.20215
1.20079
1.19955
1.19845
1.19752
1.19679
1.19628
1.19598
1.19588
1.19594
1.19612
1.19636
1.19661
1.19681
1.1969
1.19684
1.19661
1.1962
1.19559
1.1948
1.19386
1.19281
1.19168
1.19051
1.18934
1.18819
1.18705
1.1859
1.18471
1.18346
1.18214
1.18073
1.17926
1.17779
1.17641
1.17521
1.17429
1.17371
1.17351
1.17372
1.17433
1.17536
1.17681
1.17864
1.1808
1.18317
1.18564
1.18806
1.19036
1.19247
1.19436
1.19603
1.19748
1.19874
1.19984
1.20078
1.20161
1.20232
1.20294
1.20348
1.20394
1.20434
1.20468
1.20497
1.20521
1.20542
1.2056
1.20577
1.20595
1.20614
1.20635
1.20658
1.2068
1.20697
1.20705
1.20697
1.20665
1.20604
1.20512
1.20391
1.20247
1.20098
1.19963
1.19867
1.19831
1.19869
1.19982
1.20158
1.20374
1.20602
1.2081
1.20971
1.21058
1.21048
1.20922
1.2067
1.20294
1.19817
1.19289
1.1878
1.18364
1.18092
1.17978
1.17999
1.18122
1.18321
1.18582
1.18895
1.19244
1.19609
1.19963
1.20288
1.2057
1.20805
1.20995
1.21146
1.21264
1.21354
1.21421
1.21471
1.21506
1.2153
1.21547
1.21559
1.21568
1.21577
1.21585
1.21595
1.21604
1.21613
1.2162
1.21622
1.21617
1.216
1.21568
1.21517
1.21441
1.21337
1.21203
1.2104
1.20854
1.20658
1.20469
1.2031
1.20205
1.20169
1.20207
1.20314
1.20471
1.20657
1.20851
1.21036
1.21201
1.21341
1.21455
1.21543
1.21608
1.21652
1.21676
1.21681
1.21669
1.2164
1.21594
1.21531
1.21453
1.21361
1.21258
1.21146
1.21029
1.20912
1.208
1.20697
1.20606
1.20529
1.20464
1.20408
1.20355
1.203
1.20242
1.20181
1.20125
1.20081
1.20059
1.20065
1.20104
1.20175
1.20282
1.20423
1.20597
1.208
1.21024
1.21261
1.21502
1.21737
1.2196
1.22168
1.22356
1.22524
1.2267
1.22795
1.22899
1.22983
1.2305
1.23102
1.23141
1.23172
1.23197
1.23218
1.23236
1.23253
1.23269
1.23284
1.23296
1.23307
1.23315
1.23321
1.23326
1.23333
1.23343
1.23358
1.23379
1.23403
1.2343
1.23452
1.23465
1.23462
1.23441
1.23405
1.23362
1.23326
1.23317
1.23353
1.23443
1.23585
1.23765
1.23959
1.2414
1.24281
1.24362
1.24367
1.24291
1.24135
1.23906
1.23622
1.23309
1.22998
1.22723
1.2251
1.22375
1.2232
1.22335
1.224
1.225
1.2262
1.22758
1.22922
1.23123
1.23375
1.23681
1.24035
1.24419
1.24807
1.25174
1.25498
1.25765
1.25964
1.26088
1.26131
1.26082
1.25928
1.2565
1.25234
1.24676
1.24005
1.23296
1.22671
1.22266
1.22164
1.22347
1.22717
1.23148
1.23545
1.23856
1.24062
1.24152
1.24116
1.23937
1.23604
1.23133
1.22587
1.22086
1.21779
1.21771
1.22067
1.22569
1.23142
1.2368
1.24129
1.24482
1.24756
1.24973
1.25151
1.25299
1.25417
1.25496
1.25526
1.25503
1.25427
1.2531
1.25168
1.25024
1.24891
1.24774
1.24668
1.24556
1.24421
1.24252
1.24044
1.23803
1.23544
1.23291
1.23067
1.22896
1.22795
1.2277
1.22817
1.2292
1.23058
1.23209
1.23354
1.23479
1.23574
1.23634
1.23659
1.2365
1.23615
1.23561
1.23497
1.23434
1.2338
1.23338
1.23305
1.2327
1.2321
1.23095
1.22885
1.22544
1.22056
1.21458
1.20866
1.20464
1.20422
1.20788
1.21451
1.22213
1.22909
1.23453
1.23831
1.24071
1.24211
1.24285
1.24317
1.24321
1.243
1.24252
1.24173
1.24056
1.23896
1.23689
1.23432
1.23126
1.22776
1.22394
1.21999
1.21621
1.213
1.21082
1.21006
1.21098
1.21351
1.21733
1.22191
1.22666
1.23108
1.23479
1.23755
1.23922
1.23978
1.23928
1.23782
1.23561
1.23283
1.22968
1.22627
1.22259
1.21863
1.2144
1.21013
1.20632
1.20369
1.2029
1.20414
1.207
1.21063
1.21416
1.21708
1.21926
1.22092
1.22238
1.22391
1.22562
1.22748
1.22935
1.23112
1.23267
1.23391
1.23481
1.23532
1.23543
1.23511
1.23433
1.23309
1.23141
1.22936
1.22708
1.22477
1.22271
1.22114
1.22028
1.22019
1.22076
1.22177
1.22294
1.224
1.22474
1.22506
1.22492
1.22438
1.22355
1.22258
1.22162
1.22082
1.22029
1.22009
1.22021
1.22061
1.22122
1.22196
1.22275
1.22354
1.22427
1.22493
1.22549
1.22594
1.22629
1.22652
1.22666
1.22668
1.2266
1.22639
1.22606
1.22561
1.22503
1.22437
1.22368
1.22305
1.22259
1.22241
1.22261
1.22325
1.22432
1.22579
