1.19787
1.19477
1.19093
1.18661
1.18225
1.1783
1.17517
1.17308
1.172
1.17177
1.17216
1.17301
1.17422
1.17572
1.17742
1.17922
1.18101
1.1827
1.18425
1.18566
1.18697
1.18825
1.18957
1.19099
1.19253
1.19419
1.19595
1.19774
1.1995
1.20113
1.20255
1.20368
1.20446
1.20482
1.20476
1.20427
1.20337
1.20211
1.20058
1.19888
1.19715
1.19552
1.19415
1.19316
1.19261
1.19253
1.19285
1.19346
1.19421
1.19494
1.19552
1.19585
1.19586
1.19555
1.19495
1.19414
1.19323
1.19237
1.1917
1.19135
1.19143
1.19194
1.19283
1.19399
1.19526
1.19647
1.19746
1.19811
1.19837
1.19823
1.19772
1.19691
1.19589
1.19474
1.19352
1.19229
1.19106
1.18987
1.18876
1.18776
1.18695
1.1864
1.18618
1.18633
1.18689
1.18785
1.18914
1.1907
1.19242
1.19417
1.19581
1.19718
1.19814
1.19856
1.19832
1.19732
1.19551
1.19289
1.18951
1.18552
1.18117
1.17678
1.17274
1.16942
1.16718
1.16625
1.16669
1.16841
1.17118
1.17463
1.17838
1.18205
1.18535
1.1881
1.19019
1.19161
1.1924
1.19263
1.19242
1.19187
1.19111
1.19024
1.18938
1.1886
1.18797
1.1875
1.1872
1.18706
1.18703
1.18708
1.18717
1.18727
1.18735
1.1874
1.18742
1.18739
1.18733
1.18724
1.18714
1.18702
1.18688
1.18672
1.18653
1.18626
1.1859
1.18537
1.18463
1.18358
1.18215
1.18026
1.17784
1.17487
1.17137
1.16748
1.16339
1.15944
1.15598
1.15336
1.15183
1.1515
1.15232
1.15414
1.15675
1.15994
1.16351
1.16729
1.17112
1.17488
1.17847
1.1818
1.18482
1.18747
1.18972
1.19154
1.19291
1.19378
1.19413
1.19389
1.19306
1.19165
1.18972
1.18747
1.18517
1.18317
1.18182
1.18134
1.18175
1.18282
1.18416
1.18532
1.18592
1.18574
1.18472
1.18303
1.18096
1.17884
1.177
1.17558
1.1746
1.174
1.17367
1.1736
1.17385
1.17449
1.17557
1.17707
1.17889
1.18086
1.1828
1.18455
1.18596
1.18694
1.18742
1.18741
1.18693
1.18603
1.18482
1.18343
1.18198
1.1806
1.1794
1.17843
1.17769
1.17714
1.17668
1.17622
1.17567
1.175
1.17419
1.17331
1.17245
1.17176
1.17135
1.17134
1.17177
1.17261
1.17379
1.17519
1.17667
1.17811
1.17941
1.18049
1.18131
1.18182
1.18201
1.18183
1.18128
1.18032
1.17895
1.17717
1.17504
1.17266
1.1702
1.16786
1.16585
1.16433
1.16338
1.16294
1.16285
1.16295
1.16308
1.16318
1.16326
1.16342
1.16377
1.16443
1.16543
1.16674
1.16828
1.16991
1.17151
1.17295
1.17416
1.17512
1.17586
1.17642
1.17693
1.17748
1.17819
1.17914
1.18036
1.18184
1.18351
1.18528
1.18704
1.18868
1.19013
1.19134
1.19229
1.19301
1.19354
1.1939
1.19413
1.19421
1.19412
1.19381
1.19322
1.19233
1.19115
1.18977
1.18833
1.187
1.18595
1.18531
1.1852
1.18573
1.18698
1.18897
1.19162
1.1947
1.19792
1.20095
1.20354
1.20553
1.20687
1.20759
1.2078
1.20761
1.20719
1.20671
1.2063
1.20611
1.20622
1.20665
1.20739
1.20833
1.20934
1.21028
1.21103
1.2115
1.21168
1.21164
1.21149
1.21143
1.21161
1.21218
1.21321
1.21469
1.21655
1.21863
1.2208
1.22287
1.22471
1.22617
1.22715
1.22756
1.22737
1.2266
1.22537
1.22393
1.22265
1.22196
1.22231
1.22392
1.22674
1.23043
1.23442
1.23815
1.2411
1.24294
1.24346
1.24258
1.24038
1.23701
1.23283
1.22831
1.22405
1.22062
1.21846
1.2177
1.21815
1.21941
1.22098
1.2224
1.22334
1.22362
1.2232
1.22218
1.22076
1.21925
1.21799
1.21737
1.21766
1.219
1.22135
1.2245
1.22819
1.2321
1.23594
1.23945
1.24239
1.2446
1.24595
1.24637
1.24582
1.24423
1.24147
1.23739
1.23182
1.22467
1.21617
1.20705
1.19869
1.19283
1.19077
1.19261
1.19723
1.20299
1.20852
1.21306
1.21644
1.21882
1.2205
1.2218
1.22293
1.22399
1.22498
1.22581
1.22637
1.22655
1.22628
1.2255
1.22424
1.22255
1.22053
1.21833
1.21613
1.21407
1.21227
1.21075
1.20947
1.20826
1.20692
1.20522
1.20292
1.19984
1.19585
1.19091
1.18517
1.17897
1.17288
1.16761
1.16384
1.16201
1.16226
1.16439
1.16804
1.17273
1.17799
1.18337
1.18855
1.19325
1.19732
1.20071
1.20339
1.20542
1.20685
1.20777
1.20826
1.20842
1.2083
1.20799
1.20754
1.20701
1.20643
1.20583
1.2052
1.20455
1.20383
1.20299
1.20192
1.2005
1.19855
1.19584
1.19211
1.18711
1.18066
1.17278
1.16394
1.1551
1.14769
1.1431
1.14203
1.14419
1.14851
1.15373
1.15888
1.16339
1.16702
1.16974
1.17155
1.1725
1.17261
1.17188
1.1703
1.16788
1.16466
1.16078
1.15645
1.15203
1.14794
1.14471
1.14281
1.14254
1.14393
1.14668
1.15027
1.1541
1.1577
1.16073
1.16305
1.16462
1.16552
1.16584
1.16569
1.16519
1.16446
1.16362
1.16277
1.16202
1.16144
1.16108
1.16096
1.16106
1.16132
1.16169
1.1621
1.16251
1.16288
1.16318
1.16342
1.16361
1.16374
1.16384
1.16392
1.16397
1.16401
1.16402
1.16399
1.16393
1.16383
1.16368
1.16349
1.16329
1.1631
1.16295
1.16288
1.16295
1.16319
1.16363
1.16428
1.16513
1.16616
1.16733
1.16859
1.16988
1.17116
1.17236
1.17345
1.17437
1.17508
1.17551
1.17563
1.17535
1.1746
1.17332
1.17144
1.1689
1.16569
1.16187
1.15761
1.1532
1.14912
1.14593
1.14423
1.14443
1.14666
1.15066
1.15592
1.16182
1.16777
1.17334
1.17828
1.18246
1.18589
1.18859
1.19062
1.19205
1.19292
1.19327
1.19314
1.19259
1.19169
1.19053
1.18922
1.18788
1.18662
1.18555
1.18473
1.18423
1.18406
1.18424
1.18474
1.18553
1.18654
1.18766
1.18879
1.18981
1.19062
1.19114
1.19132
1.19112
1.19057
1.18968
1.18854
1.18724
1.18593
1.18477
1.18396
1.18369
1.18412
1.18536
1.18743
1.19025
1.19367
1.19748
1.20145
1.20539
1.20912
1.21249
1.21542
1.21784
1.21971
1.221
1.2217
1.22181
1.22133
1.22027
1.21868
1.21665
1.2143
1.21181
1.2094
1.2073
1.20571
1.20475
1.20447
1.20483
1.2057
1.20695
1.20843
1.21003
1.2117
1.21342
1.2152
1.21706
1.21903
1.2211
1.22322
1.2253
1.22719
1.22876
1.22989
1.23048
1.23048
1.22988
1.22869
1.22694
1.22462
1.22174
1.21831
1.2144
1.21015
1.20593
1.20222
1.19963
1.19863
1.19937
1.20161
1.20482
1.20841
1.21197
1.21532
1.2185
1.22169
1.22502
1.22848
1.23185
1.23474
1.23669
1.23725
1.23611
1.23319
1.22869
1.22325
1.21785
1.21367
1.21167
1.21221
1.21489
1.21882
1.22299
1.22663
1.22935
1.23106
1.23187
1.23201
1.23172
1.23122
1.23065
1.23008
1.22949
1.22882
1.22793
1.2267
1.22504
1.22291
1.22039
1.21763
1.21492
1.21259
1.21102
1.21048
1.21114
1.21302
1.21592
1.21957
1.22359
1.22763
1.23139
1.23464
1.23722
1.23903
1.23999
1.23998
1.23888
1.23649
1.23246
1.22631
1.21738
1.20512
1.18987
1.17432
1.16412
1.16492
1.17703
1.19486
1.21205
1.22527
1.23404
1.23917
1.24172
1.24256
1.24234
1.24152
1.24046
1.23942
1.23861
1.23818
1.23821
1.23871
1.2396
1.24074
1.24194
1.24302
1.24378
1.24408
1.24385
1.24305
1.24173
1.24002
1.2381
1.2362
1.23459
1.23352
1.23318
1.23369
1.23505
1.23717
1.23986
1.24292
1.24613
1.2493
1.25228
1.25498
1.25734
1.25935
1.26099
1.26228
1.26322
1.2638
1.26402
1.26385
1.26323
1.26209
1.26035
1.25789
1.2546
1.25046
1.24552
1.24007
1.23466
1.23005
1.22701
1.226
1.22704
1.22967
1.23325
1.23714
1.24087
1.24407
1.24641
1.24757
1.24721
1.2451
1.24135
1.23665
1.23234
1.22999
1.23049
1.23337
1.23712
1.24012
1.2415
1.24132
1.24034
1.23951
1.23955
1.24067
1.24269
1.2452
1.24782
1.25024
1.25225
1.25369
1.25442
1.25427
1.25307
1.25065
1.24685
1.24164
1.23527
1.22839
1.22214
1.21786
1.21654
1.21827
1.2222
1.22706
1.23173
1.23554
1.23827
1.23995
1.24073
1.24081
1.24033
1.23943
1.23819
1.23665
1.23486
1.23284
1.23062
1.22828
1.2259
1.22367
1.22177
1.22042
1.2198
1.22001
1.22103
1.22275
1.22495
1.22737
1.22979
1.23202
1.23391
1.23539
1.23644
1.23705
1.23723
1.23698
1.23634
1.23533
1.23399
1.2324
1.23068
1.22896
1.22739
1.22611
1.22521
1.2247
1.22455
1.22465
1.22487
1.22501
1.22485
1.22413
1.22265
1.2203
1.21719
1.21376
1.21075
1.20902
1.20926
1.21154
1.21535
1.21979
1.224
1.22737
1.22966
1.23086
1.23113
1.23068
1.22975
1.22857
1.22731
1.22615
1.22518
1.22448
1.22408
1.22398
1.22414
1.22451
1.225
1.22554
1.22604
1.22642
1.22663
1.22662
1.22638
1.22591
1.22524
1.22444
1.22356
1.22271
1.22193
1.22131
1.22088
1.22063
1.22054
1.22056
1.22061
1.22061
1.22049
1.22017
1.21963
1.21886
1.21791
1.21688
1.21595
1.21532
1.21519
1.21572
1.21692
1.21873
1.22095
1.22334
1.22566
1.22771
1.22935
1.23051
1.23116
1.23129
1.23094
1.23016
1.229
1.22754
1.22589
1.22415
1.22246
1.22092
1.21964
1.2187
1.21816
1.21804
1.21835
1.21905
1.2201
1.22142
1.22291
1.22449
1.22604
1.22748
1.22873
1.22972
1.2304
1.23072
1.23064
1.23009
1.22903
1.22741
1.22521
1.2224
1.21903
1.21524
1.21132
1.20784
1.20549
1.20496
1.20658
1.2101
1.21479
1.21971
1.22407
1.22735
1.22936
1.23011
1.22974
1.22847
1.22658
1.22438
1.22221
1.22038
1.21918
1.21878
1.21925
1.22051
1.22234
1.22449
1.22667
1.22863
1.23019
1.23122
1.23165
1.23148
1.23075
1.22954
1.22802
1.22641
1.225
1.22413
1.22409
1.22505
1.22702
1.2298
1.23308
1.23653
1.23981
1.24269
1.24499
1.24657
1.24732
1.24714
1.24593
1.24363
1.24022
1.23571
1.23022
1.22392
1.21716
1.21046
1.20454
1.20015
1.19767
1.19696
1.19749
1.19872
1.20037
1.20244
1.20502
1.2081
1.21152
1.21498
1.21816
1.22086
1.22298
1.22459
1.22592
1.22723
1.22884
1.23098
1.23375
1.23712
1.24092
1.24488
1.24866
1.25191
1.25432
1.2556
1.25549
1.25382
1.25051
1.24567
1.23962
1.23293
1.22636
1.22065
1.21631
1.21343
1.21178
1.21098
1.21073
1.21095
1.21171
1.21318
1.21547
1.2186
1.22242
1.22664
1.23093
1.23492
1.23832
1.24093
1.24264
1.24347
1.24349
1.24283
1.24164
1.24009
1.23834
1.23657
1.23494
1.2336
1.23265
1.23209
1.23187
1.23188
1.232
1.23212
1.23218
1.23217
1.23213
1.23209
1.23207
1.23209
1.23212
1.23215
1.23213
1.23204
1.23188
1.23164
1.23135
1.23103
1.23069
1.23036
1.23004
1.22974
1.22943
1.22909
1.22868
1.22818
1.22754
1.22671
1.22568
1.2244
1.22289
1.22115
1.21924
1.21723
1.21523
1.21334
1.21167
1.21025
1.20909
1.20813
1.20726
1.20638
1.2054
1.20423
1.20288
1.20135
1.19971
1.19807
1.19659
1.19542
1.19471
1.19453
1.19483
1.1955
1.19641
1.19744
1.19861
1.19999
1.20168
1.20375
1.20617
1.20882
1.21152
1.21408
1.21636
1.21825
1.21969
1.22068
1.22123
1.22137
1.22116
1.22067
1.21996
1.21912
1.21825
1.21745
1.21681
1.21641
1.2163
1.21652
1.21707
1.21794
1.21908
1.22044
1.22194
1.22353
1.22512
1.22665
1.22804
1.22923
1.23015
1.23074
1.23091
1.2306
1.22972
1.2282
1.22599
1.22309
1.21964
1.2159
1.21235
1.20958
1.20817
1.20848
1.21054
1.214
1.21826
1.2227
1.22675
1.23
1.23216
1.23306
1.23256
1.2306
1.22721
1.2226
1.2172
1.21176
1.20717
1.20435
1.20384
1.2057
1.20943
1.21422
1.21923
1.22378
1.22747
1.23014
1.2318
1.23257
1.23259
1.23204
1.23106
1.22982
1.22846
1.22712
1.22595
1.22507
1.22459
1.22459
1.22509
1.22605
1.22739
1.229
1.23076
1.23252
1.23419
1.23567
1.23689
1.2378
1.23833
1.23844
1.23803
1.23701
1.23525
1.23259
1.22888
1.22406
1.21824
1.21184
1.20569
1.20085
1.19829
1.19842
1.20086
1.20473
1.20905
1.21309
1.21648
1.21909
1.22094
1.22206
1.22252
1.22234
1.22156
1.22022
1.21839
1.21615
1.21365
1.21105
1.2085
1.20616
1.20415
1.20252
1.20127
1.20033
1.19964
1.19912
1.19873
1.19845
1.19825
1.19803
1.19762
1.19674
1.1951
1.19252
1.18912
1.1855
1.18275
1.18207
1.18414
1.18866
1.19446
1.20007
1.20431
1.2064
1.20589
1.20251
1.19619
1.18734
1.17737
1.16899
1.16531
1.16793
1.1756
1.18529
1.19418
1.20078
1.20481
1.20658
1.20662
1.20545
1.20349
1.20111
1.19859
1.19618
1.19403
1.19222
1.19076
1.18961
1.18865
1.18777
1.18686
1.18585
1.18469
1.1834
1.182
1.18052
1.17897
1.17736
1.17567
1.1739
1.17207
1.17023
1.16846
1.16684
1.16547
1.16439
1.16365
1.16325
1.16318
1.16343
1.16397
1.16476
1.16574
1.16683
1.16793
1.16894
1.1698
1.17043
1.17082
1.17096
1.17086
1.17055
1.17007
1.16946
1.16875
1.16799
1.1672
1.16641
1.16566
1.16495
1.16431
1.16375
1.16328
1.16291
1.16263
1.16246
1.16239
1.16241
1.16252
1.16272
1.16299
1.16333
1.16372
1.16417
1.16465
1.16516
1.16569
1.16623
1.16677
1.16728
1.16777
1.16821
1.16858
1.16887
1.16906
1.16911
1.16902
1.16879
1.1684
1.16789
1.16729
1.16668
1.16614
1.16576
1.16565
1.16588
1.16651
1.16753
1.1689
1.17057
1.17242
1.17433
1.17618
1.17781
1.17904
1.17971
1.17968
1.17885
1.17731
1.17529
1.17322
1.17159
1.17073
1.17066
1.17098
1.1711
1.1705
1.16898
1.16675
1.16437
1.16251
1.16159
1.16165
1.16232
1.16302
1.1632
1.1625
1.16101
1.15942
1.15905
1.16137
1.16715
1.17588
1.18599
1.19572
1.20384
1.20981
1.2136
1.21543
1.21563
1.21454
1.21247
1.20974
1.20659
1.20321
1.19968
1.196
1.19205
1.18767
1.18277
1.17736
1.1717
1.16628
1.1618
1.15899
1.15834
1.15994
1.16345
1.16824
1.17366
1.17919
1.18452
1.18953
1.19415
1.19842
1.20232
1.20584
1.20895
1.21159
1.2137
1.21518
1.21595
1.21592
1.21499
1.21307
1.21011
1.2061
1.20108
1.19519
1.1886
1.18165
1.17491
1.16939
1.16634
1.16679
1.17078
1.17722
1.18452
1.19133
1.19692
1.20109
1.20401
1.20595
1.20722
1.20808
1.20872
1.20923
1.20958
1.20969
1.20945
1.20873
1.2075
1.20579
1.20372
1.20148
1.19928
1.19734
1.1958
1.19474
1.19411
1.19375
1.19342
1.1929
1.19208
1.19107
1.19029
1.19031
1.19164
1.19443
1.19841
1.203
1.20755
1.21152
1.21457
1.21654
1.21743
1.21733
1.21644
1.215
1.21329
1.21162
1.21026
1.20942
1.20924
1.20971
1.21072
1.21203
1.21335
1.21439
1.21489
1.21465
1.21357
1.21159
1.20877
1.20522
1.20117
1.19693
1.19292
1.18958
1.18729
1.18626
1.18652
1.18788
1.19011
1.19298
1.1963
1.19992
1.20373
1.20759
1.21135
1.21489
1.21808
1.22085
1.22317
1.22503
1.22646
1.22751
1.22824
1.22871
1.22896
1.22906
1.22904
1.22893
1.22876
1.22854
1.22826
1.22789
1.22742
1.22681
1.22603
1.22509
1.22401
1.22282
1.22158
1.22037
1.21924
1.21822
1.21729
1.21643
1.21553
1.2145
1.21323
1.21162
1.20956
1.20699
1.20386
1.20024
1.19638
1.19271
1.18977
1.18803
1.18768
1.18845
1.18971
1.19071
1.1909
1.19024
1.18937
1.18941
1.1914
1.19565
1.20159
1.2082
1.21455
1.22012
1.22478
1.22857
1.2316
1.23394
1.23564
1.23674
1.23725
1.23723
1.23669
1.2357
1.23429
1.23249
1.23037
1.22797
1.22536
1.22263
1.21987
1.21718
1.21466
1.21241
1.21049
1.20896
1.20785
1.20721
1.20709
1.20751
1.20849
1.20996
1.21182
1.21387
1.21587
1.21757
1.21869
1.21899
1.21825
1.21634
1.21329
1.20938
1.2052
1.20163
1.19955
1.19951
1.20142
1.20463
1.20829
1.21162
1.2142
1.21586
1.21662
1.21659
1.21589
1.21461
1.2128
1.2105
1.20775
1.20464
1.20134
1.19814
1.19545
1.19369
1.19326
1.19432
1.19676
1.20016
1.20398
1.20775
1.2112
1.21431
1.21726
1.22028
1.22352
1.22701
1.23059
1.23401
1.23698
1.23921
1.24041
1.2403
1.23858
1.23487
1.22881
1.22017
1.20916
1.19688
1.1857
1.17883
1.17877
1.18556
1.19678
1.20918
1.22037
1.22921
1.23544
1.23917
1.24054
1.23958
1.23624
1.23054
1.22282
1.21397
1.20533
1.19833
1.19384
1.192
1.19259
1.19544
1.20044
1.20719
1.21491
1.22263
1.22963
1.23555
1.24036
1.24424
1.24731
1.24959
1.25101
1.25143
1.25076
1.24901
1.24632
1.24291
1.2391
1.23519
1.23152
1.22833
1.22584
1.22417
1.22336
1.2234
1.22423
1.22576
1.22792
1.23061
1.23371
1.23706
1.24046
1.24372
1.24668
1.24922
1.25128
1.25284
1.25388
1.25442
1.25447
1.25408
1.25333
1.2523
1.25111
1.24987
1.24867
1.24762
1.2468
1.24627
1.24607
1.2462
1.24662
1.24726
1.24802
1.24876
1.24938
1.24976
1.2498
1.24944
1.24866
1.24743
1.24582
1.24393
1.24191
1.23999
1.23839
1.23736
1.23708
1.23763
1.23895
1.24089
1.24323
1.24568
1.24801
1.25
1.25149
1.25236
1.25256
1.25204
1.25079
1.24885
1.24629
1.24326
1.23998
1.23674
1.2339
1.23182
1.23073
1.23071
1.23167
1.23336
1.23543
1.23757
1.23949
1.241
1.24195
1.24224
1.24184
1.24073
1.23892
1.23647
1.23343
1.22992
1.22606
1.222
1.21792
1.21395
1.2102
1.20683
1.20416
1.20266
1.20278
1.20469
1.208
1.212
1.21593
1.21927
1.22184
1.22368
1.22497
1.22594
1.22682
1.22778
1.229
1.23057
1.2325
1.23473
1.23714
1.23957
1.24185
1.24387
1.24553
1.2468
1.2477
1.24825
1.24849
1.24845
1.24815
1.2476
1.24675
1.24559
1.24409
1.24224
1.24003
1.23753
1.23481
1.23197
1.22915
1.22645
1.22399
1.22182
1.21998
1.21846
1.21725
1.2163
1.2156
1.21511
1.21483
1.21477
1.21496
1.21544
1.21623
1.21735
1.21877
1.22045
1.2223
1.2242
1.22605
1.22774
1.22918
1.2303
1.23107
1.23145
1.23144
1.23102
1.2302
1.22899
1.2274
1.22547
1.22326
1.22083
1.21831
1.21581
1.21349
1.21149
1.20994
1.20892
1.20848
1.2086
1.20922
1.21027
1.21166
1.21331
1.21516
1.21713
1.21917
1.22119
1.22309
1.22476
1.22604
1.22679
1.22686
1.22612
1.22452
1.22213
1.21923
1.21625
1.21374
1.21216
1.21168
1.21207
1.21282
1.21331
1.21308
1.21191
1.20985
1.20717
1.20426
1.20162
1.19969
1.19884
1.19926
1.20095
1.20377
1.20745
1.21165
1.21601
1.22022
1.22398
1.22701
1.2291
1.23003
1.22967
1.22791
1.22481
1.22064
1.21599
1.21178
1.20903
1.20858
1.21061
1.2146
1.21958
1.22453
1.2287
1.23167
1.23333
1.23371
1.23296
1.23129
1.22891
1.22603
1.22287
