1.20171
1.20374
1.20592
1.20819
1.21049
1.21278
1.21499
1.21709
1.21901
1.22068
1.22205
1.22305
1.22362
1.22373
1.22335
1.22246
1.22105
1.21917
1.21686
1.21418
1.21121
1.20803
1.20473
1.20135
1.19794
1.19454
1.19117
1.18789
1.18484
1.1822
1.1802
1.17912
1.1792
1.18062
1.18341
1.18746
1.19252
1.19823
1.20418
1.21
1.21536
1.22004
1.22392
1.22693
1.22908
1.23041
1.23097
1.23082
1.23
1.22856
1.2265
1.22383
1.22053
1.21655
1.21185
1.20642
1.20029
1.19361
1.18671
1.18008
1.17433
1.17012
1.16792
1.16793
1.17
1.17368
1.17843
1.18366
1.18887
1.19371
1.19794
1.20146
1.20425
1.20634
1.20782
1.20877
1.20927
1.2094
1.2092
1.20873
1.20803
1.20712
1.20604
1.2048
1.20345
1.20201
1.20053
1.19906
1.19766
1.19638
1.19528
1.19439
1.19376
1.19338
1.19323
1.19328
1.19346
1.19371
1.19398
1.19422
1.1944
1.1945
1.19452
1.1945
1.19446
1.19444
1.19448
1.19461
1.19487
1.19526
1.19579
1.19645
1.19723
1.19811
1.19903
1.19994
1.20073
1.20124
1.20127
1.20058
1.19894
1.19619
1.19237
1.18777
1.18289
1.1783
1.17438
1.17126
1.16902
1.16803
1.16901
1.17265
1.17892
1.18694
1.19531
1.20276
1.20847
1.21215
1.21388
1.214
1.21291
1.21105
1.20885
1.20664
1.20465
1.203
1.20172
1.2008
1.20021
1.19994
1.20002
1.20047
1.20129
1.2024
1.20363
1.20475
1.20547
1.20554
1.20476
1.20314
1.20096
1.19882
1.19749
1.19763
1.19941
1.2024
1.20577
1.20866
1.2105
1.21113
1.21069
1.20957
1.20826
1.20719
1.20669
1.20685
1.20758
1.20862
1.20966
1.21038
1.21051
1.20989
1.20838
1.20594
1.20263
1.19861
1.1942
1.18988
1.1862
1.18362
1.18239
1.18241
1.18332
1.18468
1.18611
1.18736
1.18835
1.18912
1.18972
1.19024
1.19075
1.19129
1.19188
1.19251
1.19317
1.19381
1.19439
1.19486
1.19516
1.19522
1.195
1.19442
1.19344
1.19203
1.19016
1.18786
1.18517
1.1822
1.17911
1.1761
1.17335
1.17105
1.16931
1.16816
1.16754
1.16734
1.16744
1.1677
1.168
1.16826
1.16841
1.16842
1.16825
1.1679
1.16737
1.16667
1.16584
1.1649
1.16391
1.16292
1.16198
1.16112
1.16037
1.15971
1.15913
1.15859
1.15806
1.15753
1.15702
1.15656
1.15623
1.15606
1.15611
1.15638
1.15683
1.15739
1.158
1.15857
1.15904
1.15938
1.15957
1.15961
1.15951
1.1593
1.15899
1.15859
1.15813
1.15759
1.15698
1.15629
1.15548
1.15455
1.15344
1.15212
1.15051
1.14857
1.14623
1.14345
1.14019
1.1365
1.1325
1.12842
1.12462
1.1215
1.11948
1.11876
1.11936
1.12101
1.12335
1.12594
1.12846
1.1307
1.13254
1.13396
1.13498
1.13566
1.13607
1.13625
1.13627
1.13618
1.13601
1.13581
1.13559
1.13537
1.13518
1.13501
1.13487
1.13476
1.13467
1.13459
1.1345
1.1344
1.13426
1.13406
1.13378
1.13339
1.13287
1.13218
1.13132
1.13024
1.12895
1.12744
1.12572
1.12384
1.12183
1.1198
1.11783
1.11607
1.11462
1.11362
1.11315
1.11327
1.11401
1.11532
1.11715
1.1194
1.12195
1.12467
1.12744
1.13014
1.13268
1.135
1.13704
1.13878
1.14022
1.14136
1.14222
1.1428
1.14315
1.1433
1.14329
1.14316
1.14297
1.14276
1.14259
1.14248
1.14243
1.14241
1.14236
1.14219
1.14183
1.1412
1.14025
1.139
1.13756
1.1361
1.13485
1.13407
1.13399
1.13474
1.13637
1.13881
1.14191
1.14542
1.14909
1.15266
1.15589
1.15861
1.1607
1.1621
1.16278
1.16274
1.16203
1.16071
1.15891
1.15678
1.15451
1.15233
1.15048
1.14912
1.14836
1.14817
1.14847
1.14912
1.14998
1.15096
1.15203
1.15321
1.15454
1.15607
1.15784
1.15983
1.16203
1.16436
1.16674
1.16903
1.17113
1.17292
1.1743
1.17519
1.17556
1.17539
1.1747
1.17356
1.17204
1.17024
1.16824
1.16611
1.16381
1.16128
1.15844
1.15527
1.15188
1.14859
1.14586
1.1442
1.14403
1.14551
1.14854
1.15277
1.15769
1.16282
1.16775
1.17222
1.17613
1.17947
1.18229
1.18468
1.18673
1.18851
1.19006
1.19142
1.19261
1.19361
1.19445
1.19511
1.19559
1.19588
1.19596
1.1958
1.19538
1.19465
1.19355
1.19204
1.19006
1.18758
1.18461
1.18123
1.17755
1.17378
1.17018
1.16697
1.16439
1.16257
1.16164
1.16163
1.16256
1.16437
1.16693
1.17005
1.1735
1.17706
1.18056
1.18386
1.18688
1.18957
1.1919
1.19389
1.19555
1.19691
1.19802
1.19891
1.19963
1.2002
1.20064
1.20098
1.20124
1.20141
1.20149
1.20145
1.20127
1.20088
1.20028
1.19946
1.19847
1.19743
1.1965
1.19588
1.19574
1.19616
1.19712
1.19846
1.19997
1.20139
1.20247
1.20304
1.20299
1.20228
1.20094
1.19908
1.19686
1.19445
1.19205
1.1898
1.18778
1.18601
1.18438
1.1827
1.18071
1.17819
1.17509
1.1717
1.16879
1.16738
1.16833
1.17177
1.17703
1.18295
1.18839
1.19259
1.19518
1.19601
1.19511
1.19258
1.18862
1.18369
1.17858
1.17439
1.17224
1.1728
1.1759
1.18067
1.18598
1.19087
1.19482
1.19765
1.1994
1.20023
1.20034
1.19988
1.19902
1.19786
1.1965
1.19501
1.19347
1.19194
1.19051
1.18926
1.18826
1.18756
1.18718
1.18706
1.18712
1.18722
1.18722
1.18699
1.18641
1.18543
1.18403
1.18228
1.18029
1.17828
1.17652
1.17529
1.17486
1.17534
1.17666
1.1786
1.18081
1.1829
1.18452
1.1854
1.18535
1.18426
1.18207
1.17884
1.17474
1.17006
1.16525
1.16089
1.15754
1.15566
1.15545
1.1568
1.15939
1.16279
1.16658
1.17039
1.17399
1.1772
1.17992
1.18209
1.18371
1.18481
1.18543
1.18565
1.18556
1.18526
1.18484
1.18439
1.18397
1.18365
1.18344
1.18334
1.18334
1.18341
1.18352
1.18361
1.18366
1.18362
1.18347
1.18314
1.18262
1.18185
1.18077
1.17934
1.17752
1.17528
1.17266
1.16977
1.16683
1.16413
1.16202
1.16081
1.16066
1.16154
1.16323
1.16541
1.16777
1.17005
1.17211
1.17389
1.17539
1.17663
1.17766
1.17853
1.17924
1.1798
1.18019
1.18037
1.18026
1.17974
1.1787
1.17696
1.17437
1.17083
1.16637
1.16128
1.15618
1.15196
1.14953
1.14941
1.15143
1.15486
1.15875
1.16231
1.16504
1.16679
1.16757
1.16751
1.16675
1.16546
1.16374
1.1617
1.1594
1.15686
1.15405
1.15094
1.1475
1.14376
1.1399
1.13629
1.13344
1.13186
1.13185
1.13327
1.13567
1.13844
1.14106
1.14326
1.145
1.1464
1.14756
1.14857
1.14938
1.14994
1.15016
1.15001
1.14956
1.14892
1.14826
1.14772
1.14745
1.14749
1.14782
1.14835
1.14895
1.1495
1.14987
1.14996
1.14971
1.14908
1.14802
1.14654
1.1446
1.14222
1.1394
1.13618
1.13264
1.1289
1.12513
1.12149
1.11819
1.11539
1.11322
1.11175
1.11103
1.11107
1.11184
1.11327
1.11528
1.11771
1.12043
1.12324
1.126
1.12858
1.13087
1.1328
1.13433
1.13545
1.13615
1.13643
1.13631
1.13577
1.13484
1.13351
1.1318
1.12977
1.12745
1.12494
1.12232
1.11969
1.11713
1.11469
1.11241
1.11034
1.10859
1.1073
1.10662
1.10668
1.10749
1.10893
1.1108
1.11286
1.11489
1.11678
1.11845
1.11992
1.12122
1.12238
1.12343
1.12438
1.12522
1.12592
1.12643
1.12674
1.1268
1.12661
1.12619
1.12556
1.12474
1.12376
1.12264
1.12138
1.11996
1.11833
1.11643
1.11419
1.11154
1.10842
1.10476
1.10059
1.09605
1.09149
1.08756
1.08506
1.08465
1.08652
1.0903
1.09517
1.1003
1.10509
1.10925
1.11276
1.11574
1.11833
1.12064
1.12268
1.12441
1.12569
1.12632
1.12608
1.12475
1.12211
1.11804
1.11252
1.10573
1.09804
1.08994
1.08195
1.07442
1.06758
1.0617
1.05735
1.05545
1.05696
1.06221
1.07056
1.08057
1.09063
1.09948
1.10641
1.11124
1.11409
1.11524
1.11507
1.11394
1.1123
1.1106
1.10927
1.10869
1.10904
1.11032
1.11232
1.11476
1.1173
1.11968
1.12171
1.12328
1.12437
1.125
1.12523
1.12514
1.12486
1.12451
1.12421
1.12409
1.1242
1.12457
1.12517
1.1259
1.12666
1.12731
1.12777
1.12798
1.12795
1.12773
1.12747
1.12732
1.12745
1.12797
1.12893
1.13027
1.13186
1.13356
1.1352
1.13666
1.13787
1.13883
1.13956
1.14016
1.14071
1.14135
1.14215
1.1432
1.1445
1.14601
1.14766
1.14931
1.15083
1.15209
1.15299
1.15346
1.15344
1.15293
1.15194
1.15055
1.14885
1.147
1.14521
1.14371
1.14273
1.14247
1.14304
1.14446
1.14663
1.14942
1.15262
1.15603
1.15944
1.16271
1.16571
1.16835
1.17059
1.17242
1.17385
1.1749
1.17562
1.17604
1.17622
1.17621
1.17602
1.17569
1.1752
1.17452
1.17359
1.17233
1.17063
1.1684
1.16554
1.16203
1.15794
1.15353
1.1493
1.14594
1.14419
1.14452
1.14698
1.15109
1.15607
1.16112
1.16566
1.16934
1.17205
1.17382
1.17475
1.17495
1.17456
1.17367
1.1724
1.1709
1.16933
1.16797
1.1671
1.16698
1.16774
1.16935
1.17163
1.17427
1.17698
1.17955
1.18182
1.18373
1.18527
1.1864
1.18712
1.18739
1.18718
1.18646
1.18524
1.18358
1.18158
1.17943
1.17734
1.17556
1.1743
1.17373
1.1739
1.17476
1.17611
1.17769
1.1792
1.18034
1.18087
1.18067
1.1797
1.17808
1.17604
1.1739
1.17198
1.17059
1.16989
1.1699
1.17049
1.17146
1.17256
1.17352
1.17409
1.17402
1.17308
1.17109
1.16799
1.16393
1.15946
1.15549
1.15312
1.15308
1.15539
1.15926
1.16351
1.16714
1.16953
1.17051
1.17021
1.16891
1.16699
1.16479
1.16262
1.1607
1.15918
1.15813
1.1576
1.15755
1.15791
1.1586
1.15948
1.16041
1.16127
1.16192
1.16227
1.16225
1.16188
1.16121
1.16037
1.15948
1.15866
1.15793
1.15721
1.15632
1.1551
1.1534
1.15119
1.14847
1.14526
1.14157
1.13734
1.13251
1.12715
1.12156
1.1164
1.1127
1.11151
1.11342
1.11823
1.12502
1.13253
1.13969
1.14578
1.15041
1.15341
1.1547
1.15433
1.15244
1.14937
1.14572
1.14234
1.14007
1.13952
1.14074
1.14325
1.14628
1.14912
1.15128
1.1525
1.15273
1.15199
1.15036
1.14795
1.14487
1.14127
1.13737
1.13345
1.12988
1.127
1.12506
1.12417
1.12421
1.12494
1.12605
1.12724
1.12829
1.12909
1.12962
1.1299
1.13002
1.13004
1.13002
1.12995
1.12976
1.1293
1.12836
1.12672
1.12424
1.12096
1.11724
1.1138
1.11155
1.11118
1.11284
1.11598
1.11965
1.12297
1.12538
1.1267
1.12706
1.12678
1.12623
1.12577
1.12569
1.12612
1.12709
1.12849
1.13013
1.1318
1.1333
1.13445
1.13515
1.13538
1.13517
1.13461
1.13387
1.13309
1.13242
1.13194
1.13166
1.13151
1.13135
1.13102
1.1304
1.12937
1.1279
1.126
1.12376
1.12134
1.11894
1.1168
1.11515
1.11417
1.114
1.11463
1.11599
1.11789
1.1201
1.12237
1.12447
1.12624
1.12762
1.12865
1.12946
1.13016
1.13084
1.13149
1.13199
1.13218
1.13187
1.13098
1.1295
1.1276
1.12559
1.12386
1.12284
1.12285
1.12402
1.12622
1.12916
1.13241
1.13561
1.13844
1.14073
1.14239
1.14343
1.14392
1.14401
1.14387
1.14368
1.14364
1.14389
1.14452
1.14555
1.14692
1.14852
1.15023
1.15194
1.15355
1.15499
1.15625
1.1573
1.15815
1.1588
1.15926
1.15952
1.15954
1.15929
1.15865
1.1575
1.15566
1.15297
1.14931
1.14471
1.13953
1.1345
1.13061
1.12883
1.12961
1.13266
1.13722
1.14239
1.14756
1.15239
1.15677
1.16069
1.16415
1.16712
1.16958
1.1715
1.17285
1.17364
1.17387
1.17357
1.17279
1.17156
1.16996
1.16802
1.16579
1.1633
1.16058
1.15765
1.15457
1.15139
1.14824
1.14532
1.14297
1.14159
1.14162
1.14329
1.14651
1.15087
1.15577
1.1607
1.16529
1.16941
1.17301
1.17614
1.17881
1.181
1.18267
1.18375
1.1842
1.18398
1.1831
1.18163
1.17966
1.17736
1.17489
1.17244
1.17019
1.16823
1.16664
1.16538
1.16444
1.16379
1.16348
1.16365
1.16445
1.16604
1.16847
1.17161
1.17522
1.17899
1.1826
1.18582
1.18851
1.19058
1.19206
1.19299
1.19343
1.19349
1.19325
1.1928
1.19223
1.19161
1.19101
1.19046
1.19
1.18964
1.18937
1.18919
1.18905
1.18891
1.18869
1.18832
1.18772
1.18683
1.1856
1.18406
1.18223
1.18022
1.17811
1.176
1.17392
1.17184
1.16964
1.16718
1.16434
1.16109
1.1575
1.15384
1.15053
1.1481
1.14707
1.14782
1.15045
1.15473
1.16019
1.16629
1.17251
1.17847
1.1839
1.18863
1.19253
1.19555
1.19767
1.1989
1.19929
1.1989
1.19783
1.19619
1.19411
1.19175
1.18927
1.18683
1.18458
1.18263
1.18105
1.17986
1.17899
1.17838
1.17793
1.17752
1.17708
1.17655
1.17591
1.17518
1.17439
1.17359
1.17285
1.17221
1.1717
1.17134
1.17113
1.17103
1.17099
1.17097
1.17088
1.17066
1.1702
1.16943
1.16827
1.16665
1.16455
1.16196
1.15897
1.15573
1.15244
1.14938
1.14681
1.14496
1.14392
1.1437
1.14419
1.14522
1.14658
1.14811
1.14962
1.15101
1.15218
1.1531
1.15374
1.15409
1.15419
1.15404
1.15367
1.15311
1.15239
1.15155
1.15064
1.14971
1.14883
1.14806
1.14746
1.14705
1.14686
1.14689
1.14709
1.14742
1.14781
1.14818
1.14846
1.14859
1.14853
1.14825
1.14776
1.1471
1.14634
1.1456
1.14499
1.14463
1.14458
1.14489
1.14551
1.14636
1.14734
1.14833
1.14924
1.15001
1.15061
1.15104
1.1513
1.15142
1.15142
1.15132
1.15113
1.15085
1.15048
1.15002
1.14946
1.14882
1.1481
1.14733
1.1465
1.14563
1.14471
1.14374
1.14273
1.14169
1.1407
1.13985
1.13928
1.1391
1.13939
1.14013
1.14122
1.1425
1.14379
1.14491
1.14576
1.14628
1.14647
1.14639
1.14615
1.14591
1.1458
1.14596
1.14644
1.14724
1.14824
1.14924
1.14999
1.15021
1.14956
1.14772
1.1444
1.13943
1.13293
1.1256
1.11881
1.11432
1.11351
1.11651
1.12218
1.12883
1.13509
1.14025
1.14415
1.14693
1.14887
1.15021
1.15116
1.15189
1.15251
1.15308
1.15364
1.15418
1.1547
1.15517
1.15558
1.15593
1.15626
1.15663
1.15714
1.15789
1.15897
1.16038
1.16211
1.16402
1.16598
1.1678
1.16932
1.17043
1.17103
1.17109
1.1706
1.1696
1.16813
1.16629
1.16421
1.16201
1.15988
1.15797
1.15645
1.15544
1.15502
1.1552
1.15591
1.15703
1.1584
1.15986
1.16125
1.16244
1.16331
1.16379
1.16383
1.16342
1.16259
1.16143
1.16006
1.15866
1.15738
1.15632
1.15556
1.15515
1.15521
1.15594
1.15755
1.16021
1.16388
1.16831
1.17315
1.17805
1.18275
1.18712
1.19109
1.19464
1.19774
1.20035
1.20243
1.20394
1.20486
1.2052
1.205
1.20435
1.20333
1.20208
1.20068
1.19923
1.19774
1.19617
1.19442
1.19236
1.18987
1.18691
1.18356
1.18
1.17647
1.17316
1.17015
1.16741
1.16494
1.16288
1.16155
1.16138
1.16273
1.16564
1.16978
1.17457
1.17938
1.18373
1.18727
1.18984
1.19132
1.19167
1.19089
1.18907
1.18652
1.18381
1.18174
1.18116
1.18258
1.18596
1.19072
1.19604
1.20115
1.20555
1.20902
1.21154
1.21319
1.21407
1.21432
1.21402
1.21326
1.21211
1.21061
1.20883
1.20679
1.20457
1.20223
1.19983
1.19748
1.19526
1.19325
1.19149
1.19001
1.18875
1.18762
1.18643
1.18499
1.18304
1.18037
1.17682
1.17237
1.16721
1.16181
1.15689
1.15329
1.15173
1.15251
1.15541
1.15979
1.16485
1.16984
1.17418
1.17754
1.17969
1.18057
1.18019
1.17871
1.17642
1.17379
1.17143
1.16993
1.16973
1.1709
1.17314
1.17593
1.17874
1.18114
1.18287
1.18385
1.18408
1.18363
1.18259
1.18106
1.17916
1.177
1.17472
1.17244
1.17028
1.16836
1.16673
1.16545
1.1645
1.16385
1.16344
1.16321
1.16311
1.16311
1.16319
1.16335
1.16359
1.16392
1.16434
1.16486
1.16546
1.16613
1.16684
1.16758
1.16832
1.16903
1.16968
1.17025
1.17073
1.17112
1.17139
1.17155
1.17162
1.17158
1.17147
1.17129
1.17108
1.17085
1.17062
1.17043
1.17028
1.17017
1.17011
1.17007
1.17003
1.16995
1.1698
1.16955
1.16914
1.16858
1.16784
1.16694
1.16592
1.16485
1.16385
1.16305
1.16261
1.16267
1.16328
1.1644
1.16584
1.16734
1.16856
1.16924
1.1692
1.16847
1.16728
1.1661
1.1655
1.16599
1.16783
1.17091
1.17483
1.17905
1.18308
1.18662
1.18948
1.19164
1.19314
1.19406
1.19449
1.19454
1.19431
1.19393
1.19349
1.19311
1.19286
1.19279
1.19292
1.1932
1.19357
1.19395
1.19425
1.19439
1.19431
1.19399
1.19342
1.1926
1.19157
1.19038
1.1891
1.18786
1.18681
1.18616
1.18617
1.18705
1.18893
1.19179
1.19546
1.19966
1.20409
1.20847
1.2126
1.21637
1.21972
1.22266
1.22522
1.2274
1.22924
1.23072
1.23181
1.23244
1.2325
1.23183
1.23021
1.22736
1.223
1.21683
1.20871
1.1988
1.18781
1.17709
1.1684
1.16325
1.16211
1.1642
1.16807
1.17244
1.17659
1.18031
1.18356
1.18635
1.18871
1.19091
1.19346
1.19697
1.20184
1.20797
1.21483
1.22169
1.22792
1.23309
1.23703
1.2397
1.24116
1.24154
1.24096
1.23963
1.23778
1.23572
1.2338
1.23232
1.23147
1.23124
1.23148
1.23187
1.23209
1.2319
1.23114
1.22982
1.22802
1.22588
1.22356
1.2212
1.21891
1.21678
1.2149
1.21338
1.21236
1.21199
1.2124
1.21371
1.21592
1.21897
1.22261
1.22652
1.23031
1.23364
1.23628
1.23807
1.23899
1.23906
1.23839
1.23707
1.23523
1.23301
1.23053
1.22794
1.22536
1.22294
1.22083
1.21917
1.21811
1.21776
1.21816
1.21925
1.22086
1.22273
1.22461
1.22625
1.22752
1.22839
1.22892
1.22922
1.22947
1.22981
1.23035
1.23113
1.23216
1.23336
1.23464
1.23589
1.23701
1.2379
1.2385
1.23877
1.23866
1.23818
1.2373
1.23605
1.23442
1.23244
1.23011
1.22742
1.22434
1.22084
1.21688
1.21246
1.20768
1.20276
1.19798
1.19363
1.1899
1.18688
1.18458
1.18309
1.18263
1.18351
1.18597
1.18998
1.1952
1.20105
1.20687
1.21216
1.2166
1.22011
1.22281
1.22493
1.2267
1.22835
1.22996
1.23157
1.23311
1.23448
1.23558
1.23631
1.2366
1.23636
1.23555
1.23411
1.232
1.22924
1.22592
1.22228
1.21868
1.21561
1.21348
1.2125
1.21251
1.21305
1.21343
1.21306
1.21155
1.20887
1.20544
1.20204
1.19962
1.19888
1.2
1.20256
1.20576
1.20887
1.21136
1.21298
1.21372
1.21364
1.21289
1.2116
1.20991
1.20799
1.20606
1.20435
1.20313
1.20267
1.20309
1.20438
1.2063
1.20843
1.21029
1.21147
1.21176
1.21128
1.2105
1.2101
1.21071
1.21261
1.21564
1.21932
1.22305
1.22637
1.22905
1.23099
1.23219
1.23267
1.23244
1.23148
1.22975
1.22724
1.22399
1.22014
1.21593
1.21174
1.208
1.20508
1.2032
1.20233
1.20223
1.20253
