1.19515
1.19122
1.18882
1.18779
1.18767
1.18808
1.18889
1.19019
1.19217
1.19497
1.19851
1.20257
1.20675
1.21059
1.21364
1.21553
1.21595
1.21477
1.21209
1.20835
1.20445
1.20156
1.20078
1.20257
1.20652
1.21162
1.2168
1.22125
1.2246
1.22675
1.22777
1.22774
1.22675
1.22479
1.22184
1.21783
1.21279
1.20689
1.20061
1.19475
1.1903
1.18807
1.18827
1.19046
1.19376
1.19733
1.20062
1.20337
1.20555
1.20725
1.20854
1.2095
1.21022
1.21076
1.21117
1.21148
1.21165
1.21163
1.21131
1.21055
1.20927
1.20745
1.20516
1.20263
1.20013
1.19797
1.19638
1.19545
1.19514
1.19533
1.19589
1.19671
1.19769
1.19877
1.19986
1.20084
1.2016
1.20207
1.20219
1.20196
1.20143
1.20068
1.19984
1.19902
1.19834
1.19788
1.19769
1.19774
1.19798
1.19833
1.1987
1.19901
1.19922
1.19928
1.1992
1.19898
1.19865
1.19826
1.19783
1.19743
1.19707
1.19682
1.19668
1.1967
1.19688
1.19724
1.19778
1.19849
1.19936
1.20038
1.20152
1.20278
1.20413
1.20554
1.20701
1.20851
1.21002
1.21152
1.21298
1.21437
1.21567
1.21683
1.21783
1.21863
1.21919
1.21947
1.21945
1.21907
1.2183
1.21708
1.21532
1.21292
1.2098
1.2059
1.20139
1.1967
1.19272
1.19065
1.19161
1.19608
1.20348
1.2125
1.22168
1.22993
1.23668
1.24181
1.24546
1.24788
1.24935
1.25013
1.25042
1.25037
1.25004
1.24943
1.2485
1.24715
1.24532
1.24297
1.24018
1.23714
1.23416
1.23163
1.22989
1.22913
1.22939
1.23055
1.23243
1.23489
1.23781
1.24107
1.24454
1.248
1.25112
1.25351
1.25474
1.25433
1.25188
1.24708
1.24
1.23141
1.22315
1.21807
1.2188
1.22598
1.23768
1.25075
1.26262
1.27203
1.27875
1.28307
1.28543
1.28626
1.28595
1.28481
1.28314
1.28119
1.27918
1.27725
1.27546
1.27373
1.2719
1.26977
1.26715
1.26393
1.26017
1.25606
1.25194
1.24815
1.24492
1.2423
1.24014
1.23814
1.23596
1.23326
1.2298
1.2255
1.22055
1.21549
1.21116
1.20857
1.20842
1.21065
1.21437
1.21813
1.22072
1.22183
1.2224
1.2242
1.22864
1.23568
1.24383
1.25124
1.25658
1.25932
1.25956
1.25773
1.25444
1.2504
1.24641
1.24322
1.24137
1.24101
1.24191
1.24355
1.24537
1.24691
1.24789
1.24819
1.24784
1.24692
1.24554
1.24385
1.24197
1.24001
1.23803
1.23605
1.23407
1.23204
1.2299
1.22761
1.22518
1.22269
1.22034
1.21839
1.21714
1.21688
1.21778
1.21984
1.22284
1.22645
1.23026
1.23395
1.23725
1.24004
1.24226
1.24396
1.24519
1.24604
1.2466
1.24695
1.24716
1.24729
1.24739
1.24749
1.24761
1.24776
1.24793
1.24811
1.24825
1.24829
1.24816
1.24776
1.24699
1.24575
1.24395
1.24155
1.23853
1.23495
1.2309
1.22653
1.22212
1.21804
1.21482
1.21305
1.21321
1.21548
1.21961
1.22503
1.23102
1.23694
1.24236
1.24703
1.25087
1.25389
1.25617
1.25779
1.25886
1.25945
1.25966
1.25958
1.25926
1.25881
1.25827
1.25771
1.25718
1.25671
1.25633
1.25604
1.25584
1.25572
1.25567
1.25566
1.25566
1.25564
1.25557
1.25542
1.25517
1.25482
1.25439
1.2539
1.25342
1.25301
1.25275
1.2527
1.25292
1.25343
1.25422
1.25527
1.2565
1.25786
1.25925
1.26059
1.26181
1.26285
1.26365
1.2642
1.26448
1.26449
1.26427
1.26387
1.26334
1.26278
1.26226
1.26184
1.26158
1.26148
1.26152
1.26165
1.26175
1.26173
1.26145
1.26082
1.25976
1.25824
1.25631
1.25407
1.25171
1.24946
1.24758
1.2463
1.2458
1.2461
1.24712
1.24871
1.25062
1.25263
1.25455
1.25626
1.25767
1.25877
1.25954
1.26001
1.26019
1.26009
1.25969
1.25898
1.25793
1.25654
1.25482
1.25284
1.2507
1.24859
1.2467
1.24523
1.24434
1.24412
1.24457
1.24561
1.2471
1.24889
1.25083
1.25279
1.25467
1.25637
1.25785
1.25908
1.26005
1.26079
1.26133
1.2617
1.26193
1.26205
1.26209
1.26212
1.26218
1.26235
1.26268
1.26316
1.26374
1.2643
1.2647
1.26477
1.26438
1.26343
1.26186
1.25973
1.25717
1.25442
1.25181
1.24974
1.24853
1.2484
1.24935
1.2512
1.25361
1.2562
1.25863
1.26066
1.26219
1.2632
1.2638
1.26411
1.26428
1.26445
1.26471
1.26515
1.2658
1.26671
1.26789
1.26936
1.27111
1.2731
1.27527
1.2775
1.27967
1.28164
1.2833
1.28455
1.28534
1.28565
1.2855
1.28494
1.28399
1.28271
1.28113
1.27932
1.27732
1.27524
1.27315
1.27105
1.26886
1.26634
1.26323
1.25933
1.25463
1.24942
1.24428
1.23993
1.2371
1.23633
1.23793
1.24189
1.2479
1.25535
1.26349
1.2715
1.27873
1.28473
1.28932
1.29249
1.29438
1.2952
1.29518
1.29455
1.29348
1.29209
1.29043
1.28848
1.28619
1.28348
1.28032
1.27668
1.27264
1.26835
1.26405
1.26004
1.25667
1.25423
1.25293
1.25277
1.25361
1.25517
1.2571
1.25904
1.2607
1.26191
1.26256
1.26264
1.2622
1.26131
1.26004
1.25841
1.25645
1.25413
1.25143
1.24834
1.24488
1.24114
1.23725
1.2334
1.22979
1.2266
1.22394
1.22185
1.2203
1.2192
1.21844
1.21794
1.21765
1.21758
1.21779
1.21835
1.21927
1.22052
1.22198
1.22346
1.22478
1.22578
1.22641
1.22667
1.22658
1.22619
1.22549
1.22441
1.22283
1.2206
1.21757
1.21369
1.20903
1.20384
1.1986
1.19395
1.19059
1.18913
1.18982
1.19248
1.19652
1.20122
1.20589
1.21006
1.21346
1.21601
1.21774
1.21875
1.21913
1.21901
1.21847
1.21761
1.2165
1.21521
1.21383
1.21241
1.21103
1.20977
1.20868
1.20783
1.20727
1.20702
1.20708
1.20744
1.20806
1.20891
1.20993
1.21109
1.21235
1.21367
1.21502
1.21635
1.21759
1.21868
1.21952
1.22003
1.22011
1.21971
1.21881
1.21745
1.21573
1.21384
1.21192
1.21011
1.20844
1.20681
1.20501
1.2028
1.20009
1.1971
1.19451
1.19331
1.1944
1.19806
1.2037
1.2102
1.21648
1.22189
1.22622
1.22957
1.23218
1.23429
1.23603
1.23745
1.23847
1.23894
1.23862
1.23724
1.23458
1.23059
1.22561
1.22053
1.21669
1.21541
1.21724
1.22166
1.22735
1.23297
1.23762
1.2409
1.24276
1.24336
1.2429
1.24164
1.23981
1.23767
1.23547
1.23345
1.23183
1.23081
1.23051
1.23094
1.23196
1.23331
1.23467
1.23573
1.23621
1.23591
1.2347
1.23258
1.22967
1.22633
1.22312
1.22072
1.21972
1.22037
1.22253
1.22574
1.22943
1.2331
1.23641
1.23912
1.24113
1.24234
1.24274
1.24233
1.24118
1.23944
1.2373
1.23505
1.23296
1.23126
1.23005
1.22935
1.22907
1.22905
1.22918
1.22934
1.22948
1.22957
1.22959
1.22955
1.22943
1.22923
1.22893
1.22849
1.22787
1.22702
1.22588
1.22443
1.22267
1.22061
1.21834
1.21597
1.21358
1.21124
1.20898
1.20677
1.20467
1.20277
1.20127
1.20038
1.20021
1.20076
1.20191
1.20343
1.20511
1.20677
1.20829
1.20962
1.21077
1.21174
1.21256
1.21323
1.21375
1.2141
1.21424
1.21416
1.21384
1.21329
1.21251
1.21152
1.21035
1.20904
1.20763
1.20615
1.20464
1.20315
1.20171
1.20035
1.19908
1.19791
1.19684
1.19588
1.19502
1.19427
1.19367
1.19324
1.19301
1.193
1.19317
1.19345
1.19372
1.19382
1.19356
1.19276
1.19127
1.18902
1.18604
1.18256
1.17895
1.17571
1.17333
1.1721
1.17206
1.17298
1.17456
1.17654
1.17875
1.18115
1.1837
1.18635
1.18902
1.19159
1.19394
1.19599
1.19767
1.19894
1.19974
1.20006
1.19985
1.19907
1.19767
1.19569
1.19321
1.19047
1.18783
1.18577
1.18473
1.18495
1.18635
1.18859
1.19112
1.19345
1.19519
1.19613
1.19624
1.19558
1.19433
1.1927
1.19095
1.18935
1.18816
1.18759
1.1878
1.18885
1.19069
1.19318
1.1961
1.19919
1.2022
1.20492
1.20718
1.20889
1.21002
1.21055
1.21054
1.21004
1.20916
1.20802
1.20674
1.20546
1.20428
1.20327
1.20243
1.20173
1.2011
1.20047
1.19983
1.19923
1.19885
1.19896
1.19988
1.20186
1.20499
1.20913
1.21392
1.21894
1.22379
1.22818
1.23197
1.23511
1.23767
1.23971
1.24134
1.24264
1.24368
1.2445
1.24511
1.24551
1.24566
1.24548
1.24486
1.24364
1.24163
1.23864
1.23444
1.22892
1.22214
1.21444
1.20663
1.19986
1.1955
1.19457
1.19731
1.20305
1.21051
1.21836
1.22565
1.23187
1.23691
1.24084
1.24385
1.24615
1.2479
1.24923
1.25024
1.25099
1.25154
1.25189
1.25206
1.25206
1.2519
1.25157
1.25109
1.25047
1.24975
1.24895
1.2481
1.24722
1.24631
1.24534
1.24427
1.24302
1.24151
1.23964
1.23732
1.23452
1.23125
1.22765
1.22402
1.22081
1.21853
1.2177
1.21856
1.22102
1.22468
1.22896
1.2333
1.23728
1.24065
1.24332
1.24529
1.24662
1.24739
1.24767
1.24753
1.24706
1.2463
1.24531
1.24416
1.24289
1.24156
1.24021
1.2389
1.23766
1.23652
1.23551
1.23461
1.23382
1.23311
1.23243
1.23171
1.2309
1.22991
1.22866
1.22704
1.22498
1.2224
1.2193
1.21574
1.21191
1.20812
1.20477
1.20224
1.20073
1.20018
1.20033
1.2008
1.2013
1.20175
1.20231
1.20326
1.20486
1.2072
1.21016
1.21344
1.2167
1.21968
1.2222
1.22423
1.22577
1.22693
1.22779
1.22843
1.22894
1.22936
1.22971
1.23002
1.23029
1.23049
1.2306
1.23057
1.23035
1.22985
1.22897
1.2276
1.22569
1.22326
1.2205
1.21779
1.21567
1.21463
1.21496
1.21647
1.2186
1.22058
1.22165
1.22132
1.21937
1.2159
1.21129
1.20611
1.20107
1.19682
1.19388
1.19245
1.19249
1.19371
1.19578
1.19833
1.20107
1.20378
1.20637
1.2088
1.21113
1.21343
1.21574
1.21809
1.22046
1.22278
1.22499
1.227
1.22873
1.23011
1.23109
1.23163
1.23171
1.23136
1.2306
1.22953
1.22823
1.22682
1.22544
1.22419
1.22319
1.22252
1.22224
1.22238
1.22294
1.22389
1.22518
1.22673
1.22846
1.23027
1.23207
1.23378
1.23531
1.23658
1.23753
1.23808
1.23813
1.23758
1.23628
1.23407
1.23077
1.22623
1.22043
1.21361
1.20639
1.19983
1.1952
1.19344
1.19471
1.19834
1.20322
1.20833
1.21299
1.21683
1.21975
1.22172
1.22277
1.223
1.22251
1.22152
1.22028
1.21914
1.21844
1.21847
1.21941
1.22127
1.22387
1.22694
1.23015
1.23324
1.23597
1.2382
1.23989
1.24099
1.24155
1.24159
1.24116
1.24031
1.23909
1.23754
1.2357
1.2336
1.23128
1.22878
1.22616
1.22348
1.22082
1.21828
1.21595
1.21389
1.21216
1.21073
1.20955
1.20857
1.20772
1.20701
1.2065
1.20626
1.20641
1.20695
1.20782
1.20881
1.20966
1.21009
1.20989
1.20896
1.20737
1.20533
1.20322
1.20147
1.20045
1.20039
1.20134
1.20312
1.20547
1.20805
1.21055
1.2127
1.21432
1.2153
1.21563
1.21535
1.2146
1.21353
1.21235
1.21126
1.21043
1.21001
1.21006
1.21061
1.21159
1.21291
1.21444
1.21605
1.21761
1.21901
1.22015
1.221
1.22149
1.22164
1.22142
1.22085
1.21994
1.2187
1.21714
1.21529
1.21321
1.21101
1.20886
1.20702
1.20577
1.20535
1.20589
1.20736
1.20954
1.21209
1.21469
1.21706
1.21904
1.22054
1.22159
1.22226
1.22266
1.22288
1.22304
1.22319
1.22338
1.22365
1.22399
1.22439
1.22482
1.22527
1.22572
1.22614
1.22653
1.22688
1.2272
1.22749
1.22774
1.22796
1.22815
1.22827
1.22831
1.22823
1.22796
1.22744
1.22656
1.22522
1.22329
1.22064
1.21714
1.21274
1.20745
1.20146
1.1951
1.18886
1.1833
1.17891
1.17603
1.17478
1.17505
1.17663
1.17925
1.18265
1.1866
1.19085
1.19515
1.19926
1.20299
1.20623
1.20891
1.21106
1.21273
1.214
1.21494
1.21563
1.21612
1.21643
1.2166
1.2166
1.21642
1.21602
1.21536
1.21442
1.21318
1.2117
1.21007
1.20847
1.20711
1.20624
1.20603
1.20655
1.20772
1.20934
1.21113
1.21285
1.21426
1.21522
1.21568
1.21563
1.21509
1.21415
1.21291
1.21147
1.20998
1.20856
1.20734
1.20644
1.20593
1.20585
1.20619
1.20689
1.20787
1.20904
1.2103
1.2116
1.21292
1.21424
1.21559
1.21698
1.21841
1.21987
1.22129
1.22263
1.22383
1.22481
1.22554
1.22599
1.22616
1.22605
1.22568
1.22509
1.22431
1.22338
1.22237
1.22133
1.22034
1.21946
1.21877
1.21833
1.21817
1.21831
1.21871
1.21933
1.22006
1.22081
1.22148
1.22195
1.22215
1.22203
1.22154
1.2207
1.21954
1.21813
1.21658
1.215
1.21353
1.21229
1.21135
1.21073
1.21038
1.21015
1.20981
1.20911
1.20782
1.2059
1.20362
1.20159
1.20066
1.20154
1.20448
1.20904
1.21436
1.21958
1.22407
1.22756
1.23
1.23154
1.23234
1.23258
1.23242
1.23198
1.23135
1.23061
1.22979
1.22894
1.22807
1.22719
1.22632
1.22545
1.22459
1.22376
1.22295
1.22218
1.22146
1.22083
1.22031
1.21991
1.21968
1.21962
1.21974
1.22004
1.22048
1.22103
1.22164
1.22225
1.22282
1.22329
1.22364
1.22387
1.22397
1.224
1.22401
1.22407
1.22425
1.22462
1.22523
1.22611
1.22725
1.22862
1.23016
1.23181
1.23351
1.23519
1.23678
1.23822
1.23946
1.24044
1.24111
1.24144
1.24144
1.24112
1.24058
1.23995
1.23941
1.23916
1.23934
1.24003
1.24119
1.24267
1.24427
1.24577
1.24699
1.24779
1.2481
1.24788
1.24711
1.2458
1.24398
1.24167
1.23892
1.23581
1.23244
1.22896
1.22558
1.22248
1.21988
1.21792
1.21668
1.21616
1.21628
1.21694
1.21803
1.21946
1.22115
1.22309
1.22524
1.22757
1.23002
1.23252
1.23495
1.2372
1.23916
1.24073
1.24185
1.24249
1.24268
1.24251
1.24209
1.24157
1.24111
1.24088
1.24101
1.24159
1.24265
1.24413
1.24589
1.2477
1.24934
1.25062
1.25135
1.25143
1.25079
1.24939
1.24724
1.24435
1.24082
1.23681
1.23261
1.22863
1.22539
1.22341
1.223
1.22414
1.22647
1.22936
1.23217
1.23438
1.23566
1.23595
1.23536
1.23419
1.23285
1.23177
1.23136
1.23185
1.23326
1.23538
1.23789
1.2404
1.24261
1.2443
1.24539
1.24588
1.24583
1.24534
1.2445
1.24341
1.24216
1.24085
1.23958
1.23851
1.23781
1.23761
1.23803
1.23905
1.24053
1.24226
1.24396
1.24539
1.24635
1.24674
1.24653
1.24574
1.24442
1.24266
1.24053
1.23814
1.23559
1.233
1.23048
1.22813
1.22599
1.22407
1.22234
1.22078
1.2194
1.21831
1.21767
1.21774
1.21874
1.22077
1.22374
1.22735
1.23117
1.23472
1.23764
1.23966
1.24069
1.24078
1.24017
1.23918
1.23826
1.23782
1.23816
1.23936
1.24128
1.24359
1.24592
1.24793
1.24941
1.25019
1.25024
1.24953
1.24809
1.24593
1.2431
1.23963
1.23559
1.2311
1.2263
1.22145
1.21684
1.21279
1.20959
1.20742
1.20628
1.20601
1.20629
1.2068
1.20728
1.20762
1.2079
1.20835
1.20933
1.21113
1.21389
1.21752
1.22172
1.2261
1.23029
1.23403
1.23716
1.23963
1.24142
1.24254
1.24299
1.24272
1.24169
1.23985
1.23718
1.23379
1.22992
1.22598
1.22252
1.22003
1.21885
1.219
1.22032
1.22261
1.22568
1.22939
1.23353
1.23783
1.24192
1.24549
1.24829
1.25018
1.25115
1.25126
1.25061
1.24936
1.24765
1.24566
1.24354
1.24142
1.23944
1.23769
1.23624
1.23512
1.23434
1.23388
1.2337
1.23378
1.23408
1.23456
1.23522
1.23602
1.23695
1.23798
1.23911
1.24034
1.24168
1.24313
1.24468
1.24628
1.24784
1.24928
1.25047
1.25132
1.25174
1.25169
1.25113
1.25005
1.24846
1.24639
1.24388
1.24102
1.2379
1.23467
1.23152
1.22865
1.2263
1.22465
1.22385
1.22394
1.22488
1.22655
1.22878
1.23136
1.23414
1.23695
1.23968
1.24222
1.24454
1.24657
1.2483
1.2497
1.25077
1.25149
1.25183
1.25179
1.25132
1.25041
1.24905
1.24729
1.24525
1.24314
1.24129
1.24006
1.23973
1.24038
1.24184
1.24369
1.24544
1.24667
1.24719
1.24701
1.24634
1.24546
1.24461
1.24389
1.24321
1.24236
1.24103
1.23894
1.23584
1.23166
1.22653
1.22089
1.21555
1.21158
1.21007
1.21165
1.21621
1.22291
1.23061
1.23828
1.24523
1.25113
1.25595
1.25982
1.26295
1.26554
1.26776
1.26973
1.27152
1.27316
1.27462
1.27583
1.2767
1.27709
1.2768
1.27563
1.27334
1.26972
1.2646
1.25801
1.2502
1.24174
1.2334
1.22601
1.22025
1.21664
1.21541
1.21654
1.2197
1.22429
1.22962
1.23504
1.2401
1.2445
1.24811
1.25093
1.25301
1.25447
1.25542
1.25596
1.25616
1.25606
1.25571
1.25512
1.2543
1.2533
1.25216
1.25094
1.24971
1.24857
1.24759
1.24684
1.2464
1.2463
1.24659
1.24727
1.24832
1.24968
1.2512
1.25269
1.25389
1.25452
1.25433
1.25316
1.25104
1.24825
1.24528
1.24276
1.2412
1.24075
1.24113
1.2418
1.24222
1.24207
1.24132
1.24018
1.23895
1.23795
1.23737
1.23724
1.23749
1.23797
1.2385
1.23891
1.23904
1.23876
1.23796
1.23662
1.23477
1.23257
1.23023
1.22797
1.22599
1.22437
1.22307
1.22198
1.22095
1.21987
1.21865
1.21724
1.21559
1.21367
1.21152
1.20924
1.20708
1.20535
1.20432
1.20415
1.20477
1.20593
1.20734
1.20872
1.20999
1.21116
1.21237
1.21371
1.21523
1.21682
1.21827
1.21931
1.21966
1.2191
1.2176
1.21531
1.21262
1.21012
1.20845
1.20805
1.20901
1.21104
1.21364
1.21626
1.21853
1.22022
1.2213
1.22183
1.22193
1.22174
1.2214
1.22103
1.22075
1.22063
1.22072
1.22104
1.22158
1.2223
1.22314
1.22401
1.22484
1.22552
1.22597
1.22609
1.22579
1.22502
1.22373
1.22195
1.21979
1.21746
1.21527
1.21354
1.21256
1.21242
1.21303
1.21411
1.21531
1.21627
1.21672
1.21654
1.2157
1.21429
1.21251
1.21065
1.20903
1.20797
1.20768
1.20823
1.2095
1.21127
1.21324
1.21514
1.21678
1.21804
1.21888
1.21931
1.2194
1.21928
1.21909
1.219
1.2192
1.21985
1.22107
1.22289
1.22523
1.22796
1.23086
1.23372
1.23633
1.23857
1.24037
1.24175
1.24277
1.24354
1.24413
1.24462
1.24502
1.24531
1.24543
1.24531
1.24485
1.24399
1.24271
1.24099
1.23888
1.23646
1.23388
1.23136
1.2292
1.22772
1.22719
1.22771
1.22921
1.23149
1.2343
1.23739
1.24058
1.24364
1.24633
1.24841
1.2497
1.25013
1.24981
1.24898
1.24802
1.24732
1.24722
1.24788
1.24928
1.25123
1.25346
1.25566
1.25762
1.25919
1.26036
1.26117
1.26173
1.26214
1.26249
1.26279
1.26302
1.26307
1.26282
1.26215
1.261
1.25939
1.25749
1.2556
1.25407
1.25317
1.253
1.25346
1.25427
1.2551
1.25572
1.25597
1.25583
1.25533
1.25454
1.25353
1.25242
1.25137
1.25056
1.25021
1.25053
1.25166
1.25365
1.2564
1.25971
1.26329
1.26689
1.27029
1.27334
1.27597
1.27817
1.27999
1.28148
1.28271
1.28374
1.28462
1.28541
1.28611
1.28673
1.28724
1.28759
1.28766
1.28732
1.28635
1.28447
1.2813
1.27641
1.26936
1.25986
