100 0.814848 0
200 0.813753 0.000773935
300 0.813039 0.000779016
400 0.814137 0.00111654
500 0.813276 0.00117948
600 0.813578 0.0010207
700 0.813366 0.000896469
800 0.813729 0.000854645
900 0.813993 0.000799399
1000 0.813822 0.000737457
1100 0.813185 0.000905048
1200 0.812653 0.000973203
1300 0.812204 0.000996815
1400 0.811818 0.00099734
1500 0.811484 0.000985197
1600 0.811192 0.000966001
1700 0.810934 0.00094297
1800 0.810705 0.000918022
1900 0.8105 0.000892322
2000 0.810315 0.000866587
2100 0.810148 0.00084126
2200 0.809996 0.000816607
2300 0.809858 0.000792781
2400 0.809731 0.000769865
2500 0.809614 0.000747894
2600 0.809506 0.000726872
2700 0.809406 0.000706785
2800 0.809313 0.000687606
2900 0.809227 0.0006693
3000 0.809146 0.000651828
3100 0.809071 0.00063515
3200 0.809 0.000619225
3300 0.808934 0.000604012
3400 0.808871 0.000589474
3500 0.808812 0.000575571
3600 0.808756 0.000562269
3700 0.808704 0.000549533
3800 0.808654 0.000537331
3900 0.808607 0.000525634
4000 0.808562 0.000514412
4100 0.808519 0.000503641
4200 0.808478 0.000493294
4300 0.808439 0.000483348
4400 0.808402 0.000473783
4500 0.808367 0.000464577
4600 0.808333 0.000455712
4700 0.8083 0.000447169
4800 0.808269 0.000438933
4900 0.808239 0.000430987
5000 0.808211 0.000423317
5100 0.808183 0.000415909
5200 0.808157 0.000408751
5300 0.808131 0.00040183
5400 0.808107 0.000395136
5500 0.808083 0.000388657
5600 0.808061 0.000382383
5700 0.808039 0.000376305
5800 0.808017 0.000370415
5900 0.807997 0.000364704
6000 0.807977 0.000359163
6100 0.807958 0.000353786
6200 0.807939 0.000348566
6300 0.807921 0.000343495
6400 0.807904 0.000338568
6500 0.807887 0.000333779
6600 0.807871 0.000329122
6700 0.807855 0.000324592
6800 0.80784 0.000320183
6900 0.807825 0.000315892
7000 0.80781 0.000311713
7100 0.807796 0.000307642
7200 0.807782 0.000303675
7300 0.807769 0.000299808
7400 0.807756 0.000296038
7500 0.807743 0.00029236
7600 0.807731 0.000288772
7700 0.807719 0.00028527
7800 0.807707 0.000281852
7900 0.807696 0.000278514
8000 0.807685 0.000275254
8100 0.807674 0.000272068
8200 0.807663 0.000268955
8300 0.807653 0.000265912
8400 0.807643 0.000262937
8500 0.807633 0.000260027
8600 0.807624 0.00025718
8700 0.807614 0.000254395
8800 0.807605 0.000251669
8900 0.807596 0.000249001
9000 0.807587 0.000246388
9100 0.807579 0.000243829
9200 0.80757 0.000241323
9300 0.807562 0.000238867
9400 0.807554 0.000236461
9500 0.807546 0.000234102
9600 0.807539 0.00023179
9700 0.807531 0.000229523
9800 0.807524 0.000227299
9900 0.807517 0.000225118
10000 0.807509 0.000222978
