   0.0115332           0           0
   0.0345996           0           0
   0.0576661           0           0
   0.0807325           0           0
    0.103799           0           0
    0.126865           0           0
    0.149932           0           0
    0.172998           0           0
    0.196065           0           0
    0.219131           0           0
    0.242198           0           0
    0.265264           0           0
     0.28833           0           0
    0.311397           0           0
    0.334463           0           0
     0.35753           0           0
    0.380596           0           0
    0.403663           0           0
    0.426729           0           0
    0.449795           0           0
    0.472862           0           0
    0.495928           0           0
    0.518995           0           0
    0.542061           0           0
    0.565128           0           0
    0.588194           0           0
     0.61126           0           0
    0.634327           0           0
    0.657393           0           0
     0.68046           0           0
    0.703526           0           0
    0.726593           0           0
    0.749659           0           0
    0.772725           0           0
    0.795792           0           0
    0.818858           0           0
    0.841925           0           0
    0.864991           0           0
    0.888058 0.000132553 3.21164e-05
    0.911124  0.00389813 0.000206259
     0.93419   0.0539805 0.000677555
    0.957257    0.319879  0.00165614
    0.980323     1.06174  0.00276407
     1.00339     2.29917  0.00421569
     1.02646     3.64071  0.00546479
     1.04952     4.58112  0.00638904
     1.07259     4.80888  0.00637495
     1.09566     4.40214  0.00590936
     1.11872     3.60565  0.00580119
     1.14179      2.6824  0.00452426
     1.16485     1.83481  0.00391038
     1.18792     1.15562  0.00232357
     1.21099    0.680538  0.00243209
     1.23405    0.372577  0.00184697
     1.25712    0.193656  0.00157476
     1.28019   0.0975414  0.00114679
     1.30325   0.0536974 0.000883247
     1.32632   0.0468686 0.000909018
     1.34939   0.0666199  0.00104293
     1.37245    0.114596  0.00129787
     1.39552     0.19388  0.00151313
     1.41859    0.309814  0.00187874
     1.44165    0.463346  0.00164631
     1.46472    0.628539  0.00159728
     1.48778    0.787647  0.00242911
     1.51085    0.902048  0.00370163
     1.53392    0.945918  0.00343249
     1.55698    0.912734   0.0026979
     1.58005    0.794461  0.00231713
     1.60312    0.636241  0.00159403
     1.62618     0.47107  0.00178554
     1.64925    0.328411  0.00164845
     1.67232    0.232428  0.00153607
     1.69538    0.208113  0.00149166
     1.71845    0.276204  0.00186558
     1.74152     0.46045  0.00222021
     1.76458     0.77716  0.00235459
     1.78765     1.22076  0.00293156
     1.81071     1.73182  0.00223571
     1.83378     2.21164  0.00293594
     1.85685     2.54952  0.00392819
     1.87991     2.65966  0.00409334
     1.90298     2.51206  0.00377298
     1.92605     2.16096  0.00307449
     1.94911     1.68716  0.00261667
     1.97218     1.21392  0.00206047
     1.99525    0.826437  0.00207245
     2.01831    0.571261  0.00235105
     2.04138    0.461059  0.00225291
     2.06445    0.486613  0.00188897
     2.08751    0.600934  0.00170489
     2.11058    0.756341  0.00162054
     2.13364    0.901384  0.00190302
     2.15671    0.988537  0.00187709
     2.17978     0.98912  0.00207575
     2.20284    0.911852  0.00219902
     2.22591    0.789578  0.00164136
     2.24898    0.668606  0.00167835
     2.27204    0.594253  0.00240375
     2.29511    0.596132  0.00255522
