           1    -5.89238    -5.89238           0
           2    -5.89227    -5.89233 5.66667e-05
           3    -5.89154    -5.89206 0.000264609
           4    -5.89207    -5.89207 0.000187109
           5    -5.89163    -5.89198  0.00016868
           6    -5.89141    -5.89189 0.000166921
           7    -5.89265    -5.89199 0.000178418
           8    -5.89183    -5.89197 0.000155805
           9    -5.89126     -5.8919 0.000158574
          10     -5.8919     -5.8919 0.000141833
          11    -5.89258    -5.89196 0.000142469
          12    -5.89109    -5.89189 0.000148877
          13    -5.89181    -5.89188 0.000137065
          14    -5.89211     -5.8919 0.000127938
          15    -5.89107    -5.89184 0.000131092
          16     -5.8915    -5.89182  0.00012441
          17    -5.89288    -5.89188 0.000132391
          18    -5.89158    -5.89187 0.000125957
          19    -5.89154    -5.89185 0.000120375
          20    -5.89095     -5.8918 0.000122795
          21    -5.89182     -5.8918 0.000116805
          22    -5.89243    -5.89183 0.000114899
          23     -5.8921    -5.89184 0.000110396
          24    -5.89128    -5.89182 0.000108304
          25    -5.89221    -5.89184 0.000105062
          26    -5.89229    -5.89185 0.000102458
          27    -5.89234    -5.89187  0.00010022
          28    -5.89238    -5.89189 9.82811e-05
          29    -5.89176    -5.89189 9.49326e-05
          30    -5.89128    -5.89186 9.39128e-05
          31    -5.89223    -5.89188 9.15982e-05
          32    -5.89215    -5.89189 8.91057e-05
          33    -5.89139    -5.89187 8.76391e-05
          34    -5.89232    -5.89188 8.60613e-05
          35    -5.89182    -5.89188 8.35858e-05
          36    -5.89226    -5.89189 8.19143e-05
          37    -5.89225     -5.8919 8.02513e-05
          38    -5.89159    -5.89189 7.85289e-05
          39    -5.89287    -5.89192 8.04632e-05
          40    -5.89208    -5.89192 7.85268e-05
          41    -5.89265    -5.89194 7.85949e-05
          42    -5.89229    -5.89195 7.71459e-05
          43    -5.89246    -5.89196 7.62674e-05
          44    -5.89136    -5.89195 7.57544e-05
          45    -5.89225    -5.89195 7.43557e-05
          46    -5.89317    -5.89198  7.7397e-05
          47    -5.89162    -5.89197   7.611e-05
          48    -5.89173    -5.89197 7.46837e-05
          49    -5.89293    -5.89199 7.57118e-05
          50    -5.89198    -5.89199 7.41824e-05
          51    -5.89244      -5.892 7.32428e-05
          52    -5.89217      -5.892 7.18952e-05
          53    -5.89197      -5.892 7.05279e-05
          54    -5.89181      -5.892 6.93003e-05
          55    -5.89175    -5.89199 6.81724e-05
          56    -5.89132    -5.89198 6.79954e-05
          57    -5.89277    -5.89199 6.82084e-05
          58    -5.89289    -5.89201 6.87742e-05
          59    -5.89168      -5.892 6.78198e-05
          60     -5.8925    -5.89201 6.71943e-05
          61    -5.89218    -5.89201 6.61441e-05
          62    -5.89262    -5.89202 6.58107e-05
          63    -5.89282    -5.89204 6.59915e-05
          64    -5.89211    -5.89204 6.49636e-05
          65     -5.8914    -5.89203 6.47136e-05
          66    -5.89193    -5.89203 6.37421e-05
          67    -5.89293    -5.89204 6.42238e-05
          68    -5.89203    -5.89204 6.32724e-05
          69    -5.89252    -5.89205 6.27431e-05
          70    -5.89155    -5.89204 6.22481e-05
          71    -5.89113    -5.89203  6.2677e-05
          72    -5.89261    -5.89203 6.23215e-05
          73    -5.89221    -5.89204 6.15065e-05
          74    -5.89164    -5.89203 6.09073e-05
          75    -5.89206    -5.89203 6.00908e-05
          76     -5.8927    -5.89204 5.99376e-05
          77    -5.89212    -5.89204 5.91637e-05
          78    -5.89238    -5.89205 5.85597e-05
          79    -5.89142    -5.89204 5.83561e-05
          80    -5.89246    -5.89204 5.78666e-05
          81    -5.89148    -5.89204 5.75712e-05
          82    -5.89198    -5.89204 5.68689e-05
          83    -5.89193    -5.89203 5.61948e-05
          84    -5.89237    -5.89204 5.56655e-05
          85    -5.89131    -5.89203 5.56684e-05
          86    -5.89135    -5.89202  5.5581e-05
          87    -5.89149    -5.89202 5.52762e-05
          88    -5.89178    -5.89201 5.47078e-05
          89    -5.89147    -5.89201 5.44364e-05
          90    -5.89176      -5.892 5.38976e-05
          91    -5.89244    -5.89201 5.35184e-05
          92    -5.89251    -5.89201 5.32082e-05
          93    -5.89252    -5.89202 5.29086e-05
          94    -5.89254    -5.89203 5.26387e-05
          95    -5.89132    -5.89202  5.2607e-05
          96    -5.89255    -5.89202 5.23485e-05
          97    -5.89107    -5.89201  5.2731e-05
          98    -5.89108      -5.892 5.30622e-05
          99     -5.8919      -5.892 5.25337e-05
         100    -5.89273    -5.89201 5.25138e-05
