           1     9.69776     9.69776           0
           2     9.67802     9.68789  0.00987013
           3     9.69685     9.69088  0.00643449
           4     9.69104     9.69092  0.00455006
           5     9.68581     9.68989  0.00366971
           6     9.70942     9.69315  0.00442295
           7     9.68986     9.69268  0.00376748
           8      9.6855     9.69178  0.00338377
           9      9.6959     9.69224  0.00301911
          10     9.68599     9.69161  0.00277173
          11     9.68083     9.69063  0.00269207
          12     9.71723     9.69285  0.00330959
          13     9.67327     9.69134  0.00339646
          14     9.69489      9.6916  0.00315469
          15      9.6989     9.69208  0.00297691
          16     9.69946     9.69255  0.00282259
          17     9.67456     9.69149  0.00285458
          18     9.70711     9.69236  0.00282773
          19     9.69178     9.69233  0.00267494
          20     9.68817     9.69212  0.00254617
          21     9.66625     9.69089  0.00271717
          22     9.68375     9.69056  0.00261093
          23     9.70963     9.69139  0.00262904
          24     9.67945     9.69089  0.00256582
          25     9.69133     9.69091  0.00246111
          26     9.67809     9.69042  0.00241539
          27     9.70972     9.69113  0.00243162
          28     9.68215     9.69081    0.002365
          29     9.67249     9.69018  0.00236786
          30      9.6937      9.6903  0.00229058
          31     9.68574     9.69015  0.00222033
          32     9.70224     9.69053  0.00218278
          33     9.68951      9.6905  0.00211582
          34     9.67927     9.69017  0.00207905
          35     9.68159     9.68992  0.00203361
          36     9.70268     9.69028  0.00200784
          37     9.69446     9.69039  0.00195608
          38     9.68309      9.6902  0.00191357
          39     9.68282     9.69001  0.00187344
          40     9.70333     9.69034  0.00185611
          41     9.69837     9.69054  0.00182082
          42     9.69334      9.6906  0.00177819
          43     9.68497     9.69047  0.00174128
          44     9.67656     9.69016  0.00173036
          45     9.69097     9.69017  0.00169157
          46     9.70033      9.6904  0.00166905
          47     9.68751     9.69033  0.00163431
          48     9.66143     9.68973  0.00170946
          49     9.67674     9.68947  0.00169507
          50     9.68376     9.68935  0.00166474
