100 -7.08545 0
200 -7.08261 0.00200592
300 -7.08152 0.00160852
400 -7.08311 0.00183382
500 -7.0818 0.00187778
600 -7.08221 0.00160771
700 -7.08177 0.00143667
800 -7.08252 0.00144353
900 -7.0829 0.00133139
1000 -7.08274 0.00120792
1100 -7.08185 0.00139047
1200 -7.0811 0.00146085
1300 -7.08047 0.00147841
1400 -7.07993 0.00146836
1500 -7.07946 0.00144331
1600 -7.07905 0.00141014
1700 -7.07869 0.00137282
1800 -7.07837 0.00133369
1900 -7.07808 0.00129416
2000 -7.07782 0.0012551
2100 -7.07759 0.001217
2200 -7.07737 0.00118018
2300 -7.07718 0.00114478
2400 -7.077 0.00111087
2500 -7.07684 0.00107848
2600 -7.07668 0.00104757
2700 -7.07654 0.00101811
2800 -7.07641 0.000990033
2900 -7.07629 0.000963283
3000 -7.07618 0.000937791
3100 -7.07607 0.00091349
3200 -7.07598 0.000890313
3300 -7.07588 0.000868198
3400 -7.07579 0.000847081
3500 -7.07571 0.000826905
3600 -7.07563 0.000807616
3700 -7.07556 0.00078916
3800 -7.07549 0.00077149
3900 -7.07542 0.000754561
4000 -7.07536 0.000738329
4100 -7.0753 0.000722755
4200 -7.07524 0.000707802
4300 -7.07519 0.000693436
4400 -7.07514 0.000679624
4500 -7.07509 0.000666336
4600 -7.07504 0.000653544
4700 -7.07499 0.000641222
4800 -7.07495 0.000629345
4900 -7.07491 0.00061789
5000 -7.07487 0.000606837
5100 -7.07483 0.000596164
5200 -7.07479 0.000585853
5300 -7.07476 0.000575886
5400 -7.07472 0.000566247
5500 -7.07469 0.00055692
5600 -7.07466 0.000547891
5700 -7.07463 0.000539145
5800 -7.0746 0.000530671
5900 -7.07457 0.000522455
6000 -7.07454 0.000514486
6100 -7.07451 0.000506754
6200 -7.07449 0.000499248
6300 -7.07446 0.000491959
6400 -7.07444 0.000484877
6500 -7.07441 0.000477994
6600 -7.07439 0.000471302
6700 -7.07437 0.000464793
6800 -7.07435 0.000458459
6900 -7.07433 0.000452294
7000 -7.07431 0.000446292
7100 -7.07429 0.000440445
7200 -7.07427 0.000434748
7300 -7.07425 0.000429196
7400 -7.07423 0.000423782
7500 -7.07421 0.000418502
7600 -7.07419 0.000413352
7700 -7.07418 0.000408326
7800 -7.07416 0.000403419
7900 -7.07415 0.000398629
8000 -7.07413 0.00039395
8100 -7.07411 0.000389379
8200 -7.0741 0.000384912
8300 -7.07409 0.000380546
8400 -7.07407 0.000376277
8500 -7.07406 0.000372103
8600 -7.07404 0.00036802
8700 -7.07403 0.000364024
8800 -7.07402 0.000360115
8900 -7.07401 0.000356287
9000 -7.07399 0.00035254
9100 -7.07398 0.000348871
9200 -7.07397 0.000345277
9300 -7.07396 0.000341756
9400 -7.07395 0.000338305
9500 -7.07394 0.000334924
9600 -7.07393 0.000331609
9700 -7.07391 0.000328358
9800 -7.0739 0.000325171
9900 -7.07389 0.000322045
10000 -7.07388 0.000318978
