           1     1.22796     1.22796           0
           2     1.22972     1.22884 0.000877799
           3      1.2284     1.22869 0.000528055
           4     1.22963     1.22893 0.000440536
           5     1.23054     1.22925 0.000469621
           6     1.22837      1.2291 0.000410474
           7     1.22959     1.22917 0.000353732
           8     1.23033     1.22932 0.000339096
           9       1.228     1.22917 0.000332914
          10     1.22935     1.22919 0.000298318
          11      1.2315      1.2294 0.000342037
          12     1.22661     1.22917 0.000388978
          13     1.23151     1.22935 0.000400602
          14     1.22675     1.22916 0.000414598
          15     1.22943     1.22918 0.000386382
          16     1.22553     1.22895  0.00042733
          17     1.23241     1.22915 0.000449992
          18     1.22728     1.22905 0.000436794
          19     1.22951     1.22907 0.000413875
          20     1.22775     1.22901 0.000398188
          21     1.23288     1.22919 0.000421224
          22     1.23016     1.22924 0.000404012
          23     1.22684     1.22913 0.000399855
          24     1.22977     1.22916 0.000383763
          25     1.23026      1.2292 0.000370698
          26      1.2294     1.22921 0.000356238
          27     1.22662     1.22912 0.000355923
          28     1.23092     1.22918  0.00034901
          29     1.23134     1.22925 0.000344891
          30     1.23076      1.2293 0.000336954
          31     1.22874     1.22929 0.000326409
          32     1.22737     1.22923 0.000321679
          33     1.22738     1.22917 0.000316734
          34     1.23199     1.22925  0.00031825
          35     1.22964     1.22926 0.000309219
          36     1.22974     1.22928   0.0003008
          37     1.22872     1.22926 0.000292945
          38     1.22764     1.22922 0.000288319
          39     1.22937     1.22922 0.000280855
          40     1.22622     1.22915 0.000283868
          41     1.22793     1.22912 0.000278438
          42     1.22718     1.22907 0.000275619
          43     1.23288     1.22916 0.000283332
          44      1.2323     1.22923  0.00028586
          45     1.22827     1.22921 0.000280246
          46     1.22677     1.22916 0.000279169
          47     1.22884     1.22915 0.000273247
          48      1.2333     1.22924 0.000281113
          49      1.2308     1.22927 0.000277147
          50     1.22957     1.22928 0.000271615
