0.791756
0.779376
0.764635
0.749228
0.734839
0.723056
0.71506
0.711136
0.710493
0.711544
0.712496
0.711833
0.708579
0.702469
0.694005
0.684573
0.676071
0.67052
0.669349
0.672814
0.679928
0.68914
0.699165
0.709519
0.720306
0.731558
0.742629
0.752206
0.758888
0.761714
0.760495
0.755714
0.74834
0.739503
0.730296
0.721514
0.713574
0.706529
0.700134
0.693901
0.687256
0.679725
0.67112
0.661699
0.652047
0.642988
0.635449
0.630533
0.629442
0.633274
0.642649
0.657206
0.675534
0.695522
0.715074
0.732722
0.747835
0.760521
0.771372
0.780962
0.789654
0.797546
0.804372
0.809627
0.812693
0.813133
0.810874
0.806329
0.800414
0.794177
0.788358
0.783021
0.777531
0.770776
0.76157
0.749135
0.73345
0.715366
0.696285
0.67776
0.661114
0.647311
0.637041
0.630775
0.628733
0.630685
0.635845
0.642949
0.650619
0.657792
0.664122
0.669972
0.676226
0.683875
0.693638
0.705742
0.719865
0.735129
0.750203
0.763593
0.773881
0.780029
0.78164
0.778938
0.772643
0.763734
0.75325
0.741988
0.730557
0.719592
0.709811
0.702128
0.697425
0.696142
0.698244
0.703268
0.710499
0.718979
0.727497
0.734631
0.739069
0.740046
0.737509
0.731988
0.724365
0.71551
0.706097
0.696589
0.687301
0.678676
0.671267
0.665677
0.662381
0.661678
0.663647
0.668086
0.6745
0.682088
0.6901
0.697968
0.705594
0.713328
0.721715
0.73112
0.741468
0.752218
0.762564
0.771674
0.778956
0.784122
0.787164
0.78825
0.787563
0.785256
0.781291
0.775411
0.767175
0.756023
0.741665
0.724407
0.705274
0.685822
0.66784
0.653022
0.642732
0.637876
0.638814
0.645269
0.656389
0.670917
0.687356
0.704143
0.719586
0.732084
0.740485
0.744469
0.74476
0.742823
0.740338
0.738671
0.738493
0.739724
0.741778
0.744008
0.745986
0.747532
0.74863
0.749237
0.74923
0.748318
0.746116
0.742241
0.73648
0.728798
0.719394
0.708695
0.697316
0.68599
0.675609
0.667194
0.661631
0.659313
0.659862
0.662148
0.664837
0.667107
0.669027
0.671472
0.675666
0.68248
0.691919
0.703059
0.714565
0.725368
0.735205
0.74449
0.753777
0.763387
0.772887
0.781284
0.787313
0.789916
0.7885
0.783142
0.774539
0.763791
0.752082
0.740517
0.729904
0.720721
0.713088
0.70685
0.701669
0.697166
0.693182
0.689984
0.688428
0.689863
0.695695
0.706504
0.721449
0.73808
0.753056
0.763167
0.766273
0.761802
0.750934
0.736343
0.721711
0.710795
0.706143
0.7083
0.715923
0.726641
0.737883
0.74737
0.753489
0.755524
0.75372
0.749079
0.742944
0.736552
0.730722
0.725814
0.721907
0.718984
0.71712
0.716307
0.716424
0.717196
0.718309
0.719535
0.720797
0.721998
0.722884
0.72291
0.721527
0.718465
0.713871
0.708203
0.702017
0.695856
0.690364
0.686322
0.684528
0.685538
0.689459
0.695803
0.703694
0.711931
0.719216
0.72441
0.726486
0.724705
0.718682
0.708497
0.694858
0.679205
0.663517
0.650089
0.641084
0.637954
0.641219
0.650344
0.664012
0.680549
0.698385
0.716264
0.73312
0.7479
0.759508
0.766957
0.769861
0.768663
0.764559
0.758989
0.753118
0.747457
0.741994
0.736574
0.731166
0.726064
0.721817
0.719021
0.718186
0.719564
0.722917
0.727568
0.732371
0.736098
0.73788
0.737625
0.736068
0.734376
0.733662
0.734558
0.736907
0.739872
0.742108
0.742238
0.739258
0.732834
0.723186
0.710976
0.697068
0.682319
0.667763
0.654677
0.644693
0.639541
0.640616
0.648408
0.66215
0.679969
0.699493
0.71844
0.73492
0.747629
0.755785
0.759018
0.757398
0.751471
0.742271
0.731294
0.720253
0.710679
0.703415
0.698314
0.694556
0.691288
0.688123
0.685378
0.684026
0.685333
0.690345
0.699457
0.712049
0.726447
0.740176
0.750643
0.755807
0.754593
0.747051
0.734374
0.71867
0.702781
0.6897
0.681766
0.679887
0.683288
0.690123
0.698254
0.705903
0.71183
0.715391
0.716575
0.716057
0.714935
0.714467
0.715587
0.718531
0.722799
0.727427
0.731331
0.733692
0.734168
0.732772
0.729935
0.726207
0.722264
0.718694
0.71601
0.714558
0.714431
0.715433
0.717115
0.718879
0.720156
0.720593
0.720006
0.718407
0.71588
0.712587
0.708616
0.70409
0.699133
0.693997
0.688963
0.684408
0.680668
0.677979
0.676476
0.676316
0.677721
0.680918
0.685945
0.69244
0.699594
0.706412
0.712041
0.716071
0.718562
0.719983
0.721044
0.722569
0.725367
0.730084
0.736884
0.745211
0.753936
0.761597
0.766831
0.768709
0.766887
0.761577
0.753349
0.742949
0.731181
0.718726
0.706165
0.693859
0.681903
0.6704
0.659713
0.650737
0.644772
0.643172
0.646748
0.655346
0.66799
0.683342
0.700253
0.717941
0.735786
0.752921
0.767977
0.779299
0.785486
0.786012
0.781447
0.773232
0.76302
0.7522
0.741784
0.73277
0.726226
0.722978
0.72328
0.726574
0.731635
0.736888
0.740754
0.742008
0.739963
0.734671
0.726784
0.717342
0.707592
0.698812
0.692083
0.688033
0.68679
0.688082
0.691493
0.696657
0.703294
0.710942
0.718798
0.725723
0.730505
0.732264
0.730703
0.726221
0.719706
0.712197
0.704707
0.698063
0.692871
0.689394
0.6877
0.687727
0.689359
0.69242
0.696717
0.702043
0.708217
0.714927
0.721787
0.728329
0.734083
0.738723
0.742287
0.745076
0.747276
0.7486
0.748138
0.744751
0.737593
0.726534
0.712177
0.695781
0.679189
0.664646
0.654711
0.651802
0.657426
0.671417
0.691861
0.715734
0.73981
0.761272
0.777962
0.788334
0.791569
0.787578
0.777215
0.762281
0.74537
0.72913
0.71547
0.705374
0.699201
0.697068
0.698888
0.704052
0.711608
0.720596
0.730254
0.739993
0.749343
0.75773
0.764406
0.768521
0.769127
0.765322
0.756453
0.742418
0.723926
0.702586
0.680737
0.660895
0.645144
0.634652
0.629742
0.630269
0.635937
0.646493
0.661476
0.679939
0.700314
0.720667
0.739083
0.754017
0.7646
0.770561
0.77224
0.770288
0.765489
0.758633
0.750436
0.741477
0.732211
0.722883
0.713697
0.704977
0.697289
0.691439
0.688269
0.688416
0.692166
0.699423
0.709648
0.721865
0.734717
0.746559
0.755681
0.760773
0.761348
0.757862
0.751449
0.74346
0.734929
0.726361
0.717945
0.709825
0.702212
0.695304
0.689154
0.683703
0.678928
0.674847
0.671643
0.669576
0.668876
0.669768
0.672553
0.677541
0.684868
0.69407
0.703773
0.711958
0.716863
0.717811
0.715289
0.710686
0.705686
0.701551
0.698882
0.697596
0.697122
0.696869
0.696365
0.695481
0.694423
0.69366
0.693743
0.695288
0.698859
0.70481
0.713112
0.723176
0.733891
0.743832
0.751777
0.756946
0.759136
0.758625
0.755918
0.75152
0.745762
0.738722
0.730403
0.721002
0.711087
0.701613
0.693505
0.687275
0.682914
0.680077
0.678316
0.677285
0.676634
0.676269
0.67656
0.678371
0.682857
0.691243
0.704426
0.722551
0.74457
0.768157
0.790218
0.807781
0.818738
0.822073
0.817868
0.807165
0.791725
0.773738
0.755586
0.739618
0.727652
0.720619
0.718352
0.719679
0.722782
0.725644
0.726554
0.724472
0.719153
0.711207
0.701836
0.692564
0.684733
0.679326
0.676882
0.677508
0.680929
0.686503
0.693278
0.700213
0.706294
0.71059
0.712383
0.711185
0.706707
0.698944
0.688256
0.675475
0.661836
0.649006
0.638847
0.633107
0.633324
0.640454
0.654439
0.67398
0.696636
0.719494
0.739944
0.756446
0.768748
0.777521
0.783798
0.788397
0.791665
0.793397
0.793272
0.791213
0.787663
0.783475
0.779629
0.776909
0.775472
0.77493
0.774545
0.773486
0.771157
0.767314
0.761934
0.755
0.746499
0.736425
0.725098
0.713147
0.701571
0.691616
0.684562
0.681416
0.682453
0.687022
0.693598
0.70014
0.704613
0.705361
0.701435
0.692835
0.680523
0.666241
0.652146
0.640223
0.631863
0.627664
0.62761
0.631405
0.638857
0.649929
0.664378
0.681333
0.698977
0.715008
0.727174
0.733891
0.734353
0.728823
0.718758
0.706757
0.696041
0.689487
0.688618
0.693347
0.702605
0.715069
0.729435
0.744395
0.758525
0.770692
0.780231
0.787155
0.792013
0.795557
0.798371
0.800717
0.802466
0.803206
0.802429
0.799795
0.795264
0.789114
0.781772
0.773549
0.764451
0.754315
0.74309
0.73121
0.719737
0.710285
0.704564
0.703705
0.707637
0.714987
0.723446
0.730543
0.734355
0.73397
0.729326
0.72116
0.710677
0.699391
0.689039
0.681383
0.677757
0.67824
0.681456
0.685052
0.686796
0.685378
0.680689
0.673504
0.665096
0.656995
0.650799
0.647951
0.649475
0.655705
0.666104
0.67936
0.693734
0.707496
0.719316
0.728323
0.734055
0.736396
0.735512
0.731854
0.726243
0.719811
0.71381
0.709479
0.707884
0.709753
0.715239
0.72372
0.733713
0.743173
0.74993
0.752312
0.749667
0.742541
0.732599
0.722134
0.713549
0.708833
0.709188
0.714955
0.725603
0.739765
0.755413
0.770204
0.781841
0.788564
0.789483
0.784669
0.775105
0.76243
0.748576
0.735381
0.724275
0.715941
0.710105
0.705784
0.701667
0.696547
0.689725
0.681204
0.671799
0.662892
0.656104
0.652925
0.654337
0.660467
0.670459
0.68275
0.695542
0.707177
0.71621
0.721306
0.721531
0.716928
0.709054
0.700645
0.694713
0.693428
0.697492
0.7063
0.718479
0.732495
0.746737
0.75926
0.76791
0.770774
0.766817
0.756245
0.740522
0.722028
0.703618
0.688101
0.677676
0.67371
0.67663
0.68596
0.700503
0.718493
0.737877
0.756637
0.773021
0.785771
0.794209
0.798344
0.798588
0.795572
0.789963
0.782137
0.772144
0.759948
0.745757
0.730288
0.71476
0.700551
0.688824
0.680165
0.674574
0.671715
0.671134
0.672452
0.675231
0.678906
0.682766
0.685955
0.687637
0.687398
0.685526
0.683145
0.681754
0.682395
0.68514
0.689163
0.69338
0.697059
0.699974
0.702444
0.705084
0.708413
0.712514
0.717013
0.72114
0.723953
0.724695
0.723213
0.720134
0.716971
0.715799
0.71844
0.725639
0.736724
0.749766
0.762228
0.771606
0.775983
0.774298
