0.791481
0.776741
0.757641
0.736249
0.714997
0.696413
0.682801
0.675727
0.675512
0.680984
0.689918
0.699679
0.707973
0.713384
0.715565
0.715175
0.713565
0.712204
0.712282
0.714275
0.717966
0.722679
0.727894
0.733714
0.740985
0.750714
0.763275
0.777876
0.792579
0.804664
0.811554
0.811267
0.802822
0.786588
0.764124
0.738052
0.711725
0.688774
0.672527
0.665215
0.667516
0.678335
0.695207
0.714979
0.734591
0.751591
0.764343
0.772084
0.77486
0.773385
0.768653
0.761612
0.752959
0.743012
0.731781
0.719264
0.705779
0.692101
0.679417
0.669264
0.663202
0.662518
0.667951
0.679439
0.696063
0.716239
0.737898
0.758973
0.777605
0.792368
0.802288
0.806998
0.806721
0.802213
0.794515
0.784636
0.773276
0.760715
0.74696
0.732056
0.716449
0.701067
0.687263
0.676433
0.669653
0.667296
0.668911
0.673461
0.679685
0.686416
0.692831
0.698447
0.703158
0.707055
0.710356
0.713345
0.716126
0.718507
0.719888
0.719471
0.716596
0.711176
0.703804
0.695914
0.68938
0.686024
0.68711
0.693024
0.703226
0.71643
0.731084
0.745722
0.759256
0.771007
0.780462
0.787206
0.790969
0.791521
0.788809
0.782967
0.77441
0.76385
0.752276
0.740887
0.730727
0.722466
0.716224
0.711759
0.708841
0.707551
0.708221
0.711012
0.71557
0.720903
0.725559
0.728103
0.727595
0.723899
0.717786
0.710597
0.703737
0.698248
0.694483
0.692129
0.690485
0.688948
0.687199
0.685379
0.683998
0.68368
0.68494
0.687915
0.692555
0.698789
0.706818
0.71712
0.730212
0.74606
0.763811
0.781907
0.798624
0.812439
0.822192
0.82704
0.82662
0.821138
0.811627
0.799758
0.787106
0.774349
0.761363
0.747941
0.734557
0.72241
0.712749
0.706409
0.703754
0.704981
0.710141
0.719008
0.730691
0.743741
0.756368
0.766723
0.77323
0.774922
0.771589
0.763681
0.752179
0.738301
0.723235
0.707978
0.693288
0.679927
0.668812
0.661097
0.658046
0.660602
0.668925
0.682103
0.69823
0.714818
0.72933
0.739596
0.744135
0.742399
0.734821
0.722913
0.709069
0.696115
0.686679
0.682608
0.684561
0.691971
0.703358
0.716887
0.730821
0.743846
0.755142
0.764412
0.771795
0.777651
0.782384
0.786188
0.788915
0.790142
0.789372
0.786265
0.780904
0.773781
0.765634
0.7572
0.748871
0.740628
0.732185
0.723517
0.715175
0.708298
0.704067
0.703151
0.705429
0.710094
0.715993
0.72202
0.727394
0.731864
0.735725
0.739553
0.743843
0.748697
0.753817
0.758619
0.762492
0.764885
0.765413
0.763935
0.760581
0.755784
0.750075
0.74385
0.737338
0.73061
0.72377
0.716989
0.710429
0.704251
0.698517
0.69324
0.688611
0.684939
0.682676
0.682363
0.684436
0.689224
0.696847
0.707073
0.719188
0.732114
0.744582
0.755259
0.762884
0.766461
0.765427
0.759743
0.75014
0.738115
0.725742
0.715314
0.708725
0.706942
0.709805
0.716207
0.724585
0.733459
0.741765
0.74897
0.754974
0.759857
0.763599
0.766049
0.766937
0.76591
0.762637
0.756973
0.748835
0.738387
0.726213
0.713435
0.70174
0.693075
0.68881
0.689277
0.694088
0.702718
0.714898
0.730075
0.746919
0.763285
0.776793
0.785672
0.789052
0.786954
0.779977
0.768871
0.754507
0.738136
0.721608
0.707156
0.69682
0.691747
0.691945
0.696429
0.703401
0.710498
0.715297
0.716195
0.713043
0.707158
0.700812
0.696232
0.694814
0.696913
0.702173
0.709949
0.719556
0.729949
0.739732
0.747311
0.751331
0.751069
0.746625
0.738888
0.729284
0.719538
0.711334
0.70621
0.705283
0.709137
0.717582
0.729543
0.743349
0.757217
0.769653
0.779633
0.786789
0.791192
0.79318
0.793252
0.791743
0.788797
0.784283
0.777806
0.768849
0.757053
0.742498
0.725808
0.708262
0.691577
0.677687
0.668399
0.664963
0.667834
0.676612
0.689989
0.705893
0.721795
0.735014
0.743315
0.745601
0.742215
0.734969
0.726555
0.719761
0.716715
0.718345
0.72423
0.732875
0.742119
0.749833
0.75435
0.754878
0.751835
0.746836
0.742168
0.739696
0.740001
0.742184
0.744498
0.745507
0.74445
0.741403
0.737157
0.73286
0.729619
0.728231
0.72904
0.731907
0.736251
0.741252
0.745943
0.749338
0.750641
0.749299
0.74504
0.737909
0.728315
0.717334
0.706758
0.698826
0.695469
0.697731
0.705311
0.716779
0.730093
0.743162
0.754151
0.761541
0.764169
0.76134
0.75311
0.7404
0.72496
0.709272
0.696169
0.688329
0.687774
0.695347
0.710373
0.730853
0.754104
0.777165
0.797316
0.812312
0.820598
0.821511
0.815392
0.80341
0.78734
0.769207
0.751005
0.73445
0.720754
0.710539
0.703855
0.700323
0.699255
0.699939
0.701942
0.705217
0.709969
0.716162
0.723218
0.729988
0.735109
0.73752
0.736862
0.733631
0.729003
0.724539
0.721797
0.722095
0.726514
0.735607
0.749077
0.765369
0.781539
0.793695
0.798097
0.792278
0.775902
0.751059
0.722014
0.694442
0.674008
0.664414
0.666134
0.676832
0.69307
0.711605
0.729734
0.745143
0.755911
0.760612
0.75857
0.75012
0.736584
0.720031
0.702975
0.687863
0.676655
0.670437
0.66934
0.672676
0.679375
0.688599
0.700155
0.714581
0.732511
0.753804
0.777062
0.799939
0.819928
0.834945
0.843457
0.844459
0.8374
0.822393
0.800574
0.774244
0.74674
0.72185
0.703085
0.692909
0.692195
0.700131
0.714622
0.732849
0.752021
0.769777
0.784371
0.79463
0.799759
0.799269
0.792939
0.780812
0.763396
0.74178
0.717604
0.69281
0.669301
0.648493
0.631136
0.617274
0.606454
0.598094
0.591767
0.587375
0.585264
0.586172
0.590975
0.600597
0.615672
0.63637
0.662138
0.691652
0.722886
0.753365
0.780467
0.801923
0.816292
0.82327
0.823641
0.819077
0.811497
0.802564
0.793493
0.784983
0.777502
0.771535
0.767445
0.765448
0.765421
0.766881
0.769072
0.771068
0.772131
0.771672
0.769456
0.765644
0.760836
0.755952
0.752009
0.749736
0.749361
0.750431
0.751972
0.752878
0.752182
0.749331
0.744088
0.736538
0.72701
0.7161
0.704631
0.693654
0.684314
0.67775
0.674662
0.675081
0.678393
0.683608
0.689701
0.695919
0.701765
0.706957
0.711298
0.714718
0.717242
0.719057
0.72038
0.72132
0.721869
0.722053
0.721941
0.721633
0.721236
0.720727
0.719755
0.71773
0.713967
0.708027
0.700033
0.690782
0.681776
0.674985
0.672401
0.675385
0.684265
0.698234
0.715564
0.734025
0.751476
0.766186
0.777021
0.783357
0.785001
0.78221
0.775745
0.766811
0.757084
0.748448
0.742733
0.741269
0.744581
0.752355
0.763515
0.776576
0.789866
0.801707
0.810569
0.815185
0.814762
0.809186
0.799081
0.785628
0.77033
0.754718
0.739953
0.726637
0.714853
0.704301
0.694672
0.685868
0.678206
0.672381
0.669099
0.668768
0.671316
0.676269
0.683028
0.690991
0.699545
0.708054
0.715902
0.722549
0.727493
0.730506
0.731579
0.730796
0.728223
0.723707
0.717055
0.708142
0.697155
0.684772
0.672163
0.660911
0.652905
0.649864
0.652673
0.661156
0.674125
0.689985
0.707034
0.723628
0.738167
0.749198
0.75556
0.756683
0.752813
0.745128
0.735673
0.727015
0.721653
0.721507
0.727339
0.738719
0.754205
0.771765
0.789307
0.804901
0.816953
0.824317
0.826389
0.823294
0.815695
0.804677
0.791439
0.777107
0.762743
0.749367
0.738037
0.729669
0.724767
0.723211
0.724255
0.726703
0.729234
0.730622
0.730081
0.727366
0.722765
0.716892
0.710517
0.704252
0.698666
0.694357
0.692133
0.693022
0.697872
0.706961
0.719646
0.734362
0.748876
0.760715
0.767807
0.76893
0.763876
0.753356
0.738817
0.722153
0.705275
0.689779
0.676937
0.667632
0.662544
0.66211
0.666457
0.675173
0.687074
0.700227
0.712358
0.721299
0.725601
0.724831
0.719645
0.71152
0.702541
0.694811
0.689932
0.688761
0.691345
0.697133
0.705169
0.71436
0.723727
0.732658
0.741041
0.749205
0.757781
0.767406
0.778553
0.791182
0.804674
0.817828
0.829173
0.837394
0.841571
0.841295
0.836433
0.826979
0.813059
0.795124
0.77418
0.751919
0.730557
0.7123
0.698948
0.691348
0.689275
0.691587
0.696628
0.702627
0.708148
0.712177
0.714158
0.713883
0.711331
0.706692
0.700404
0.693272
0.686485
0.6815
0.679646
0.681764
0.687813
0.69687
0.707443
0.718002
0.727256
0.734344
0.738851
0.740716
0.740131
0.73744
0.733045
0.7275
0.721546
0.71603
0.711783
0.709422
0.709229
0.711061
0.714295
0.718004
0.721025
0.722402
0.721695
0.719242
0.716083
0.713619
0.712842
0.714072
0.717053
0.721418
0.72703
0.73389
0.741743
0.749893
0.757385
0.763315
0.767162
0.769046
0.769757
0.770557
0.772647
0.776543
0.781791
0.787312
0.792035
0.79521
0.796247
0.794556
0.789485
0.780472
0.767334
0.750479
0.731021
0.710726
0.691646
0.675555
0.663583
0.656129
0.652984
0.653527
0.656969
0.662508
0.669553
0.677773
0.686989
0.696866
0.70681
0.716152
0.724463
0.731936
0.739298
0.747478
0.757173
0.768457
0.780539
0.791797
0.800248
0.804027
0.801782
0.793016
0.778177
0.758689
0.736586
0.714099
0.693381
0.676587
0.6658
0.662457
0.666553
0.676592
0.690152
0.704803
0.718579
0.730155
0.738868
0.744644
0.747802
0.748649
0.74716
0.743193
0.736937
0.729494
0.722845
0.719155
0.719989
0.725553
0.734684
0.745304
0.755272
0.762916
0.767293
0.768085
0.765326
0.75941
0.751081
0.741465
0.731824
0.723215
0.716187
0.710755
0.706712
0.703919
0.702523
0.70279
0.70473
0.70787
0.711591
0.71551
0.719579
0.723905
0.728535
0.733319
0.737966
0.742147
0.74572
0.748791
0.751793
0.755396
0.760359
0.7672
0.776068
0.786504
0.797552
0.807756
0.815212
0.817793
0.813495
0.801074
0.780805
0.754916
0.727368
0.702776
0.684615
0.673846
0.669013
0.667497
0.667039
0.666492
0.66588
0.665922
0.667485
0.671102
0.676837
0.684285
0.692791
0.701878
0.711313
0.720966
0.730663
0.739974
0.748206
0.754604
0.758498
0.759476
0.757586
