0.79437
0.780863
0.760879
0.736403
0.709662
0.682645
0.656807
0.633052
0.611927
0.593689
0.578331
0.5655
0.554517
0.544516
0.534788
0.525104
0.516009
0.508788
0.505071
0.5061
0.512113
0.522234
0.534841
0.548114
0.560444
0.570595
0.577791
0.581727
0.582639
0.581252
0.57871
0.576415
0.575665
0.577271
0.581358
0.587463
0.594811
0.602661
0.610432
0.617776
0.624452
0.630199
0.634778
0.637909
0.639353
0.639031
0.637069
0.633793
0.629597
0.624986
0.620427
0.616336
0.613134
0.611181
0.610766
0.611949
0.614497
0.617919
0.621606
0.624977
0.627598
0.629255
0.629859
0.629441
0.628134
0.626077
0.623439
0.6204
0.617053
0.613457
0.609697
0.605925
0.602306
0.599017
0.596114
0.593553
0.591239
0.589063
0.586979
0.585051
0.583462
0.582334
0.581719
0.581551
0.581696
0.582088
0.58269
0.583641
0.585056
0.587054
0.589637
0.592699
0.596012
0.599372
0.602526
0.605301
0.607596
0.609342
0.610505
0.611072
0.611108
0.61072
0.610037
0.609158
0.608138
0.607035
0.605867
0.604623
0.603296
0.601931
0.600801
0.600355
0.601268
0.604183
0.609524
0.617338
0.627064
0.637638
0.647655
0.655632
0.660363
0.661059
0.657452
0.649721
0.638354
0.624155
0.608259
0.592141
0.577455
0.565723
0.557983
0.554521
0.554888
0.558129
0.563097
0.568704
0.57414
0.5789
0.582837
0.58604
0.588746
0.591241
0.593721
0.596241
0.598728
0.600944
0.602581
0.603417
0.60346
0.602985
0.602518
0.602703
0.604151
0.607252
0.612148
0.618746
0.626725
0.635555
0.644565
0.652932
0.659778
0.66418
0.665437
0.663197
0.657524
0.649008
0.638515
0.627132
0.615851
0.605479
0.59653
0.589183
0.58337
0.578933
0.575746
0.573885
0.573679
0.575641
0.580212
0.587433
0.596554
0.606136
0.614404
0.619864
0.621757
0.620156
0.615684
0.609215
0.601486
0.59306
0.584391
0.576047
0.568803
0.563587
0.56117
0.561775
0.564935
0.569593
0.57455
0.578864
0.582246
0.584999
0.587729
0.590958
0.594585
0.597959
0.600169
0.600526
0.598985
0.596125
0.592841
0.589912
0.587712
0.586195
0.585267
0.585289
0.587391
0.593269
0.604216
0.62008
0.639101
0.658858
0.677289
0.69312
0.705663
0.714432
0.718973
0.71886
0.713766
0.703637
0.68879
0.669916
0.648259
0.625531
0.603895
0.585846
0.573482
0.567533
0.566709
0.568277
0.569678
0.569699
0.568534
0.567111
0.566418
0.56701
0.56899
0.572049
0.575675
0.579232
0.582036
0.58346
0.583057
0.58066
0.576447
0.570815
0.564381
0.557931
0.552367
0.548712
0.547871
0.550533
0.556954
0.566847
0.579489
0.59379
0.608435
0.622125
0.633687
0.642178
0.647021
0.648049
0.645525
0.640164
0.633105
0.625776
0.619648
0.615904
0.61506
0.616862
0.620427
0.624505
0.62789
0.629611
0.629222
0.626757
0.622664
0.617648
0.61257
0.608281
0.605465
0.604524
0.60536
0.607328
0.609328
0.610045
0.608361
0.603738
0.59652
0.587756
0.578984
0.571897
0.567951
0.568071
0.572466
0.580549
0.591034
0.60221
0.612246
0.619612
0.623461
0.623734
0.621171
0.617282
0.613925
0.612794
0.614809
0.619656
0.625781
0.631054
0.633568
0.632363
0.627726
0.620971
0.613864
0.608015
0.604413
0.603261
0.604126
0.606264
0.608829
0.610987
0.611953
0.611086
0.60799
0.602687
0.595677
0.587927
0.580654
0.57521
0.572812
0.574187
0.579435
0.587978
0.598588
0.609675
0.619628
0.627166
0.631564
0.632646
0.630784
0.62682
0.621919
0.617346
0.614191
0.613038
0.613735
0.615504
0.617177
0.617648
0.616234
0.612874
0.608105
0.602906
0.598461
0.59582
0.595566
0.597684
0.601567
0.606387
0.611509
0.616564
0.621407
0.625802
0.629324
0.631337
0.631201
0.628647
0.624006
0.61818
0.612402
0.60781
0.605009
0.603821
0.603435
0.602734
0.600687
0.59676
0.591132
0.584653
0.578593
0.574289
0.57276
0.574336
0.57859
0.58445
0.59045
0.595146
0.597494
0.597131
0.594371
0.590055
0.585317
0.581303
0.579025
0.57919
0.582256
0.588289
0.596943
0.607483
0.618922
0.630178
0.64032
0.648556
0.654299
0.657201
0.657241
0.654753
0.65037
0.64487
0.639056
0.633637
0.629119
0.625738
0.623456
0.621962
0.620733
0.619247
0.617186
0.614452
0.611174
0.60764
0.604066
0.600416
0.596335
0.591195
0.58426
0.574996
0.563379
0.550057
0.536296
0.523772
0.514319
0.509579
0.510691
0.518095
0.531377
0.549289
0.569968
0.591219
0.610889
0.627173
0.638743
0.644944
0.645947
0.642753
0.637056
0.630874
0.626139
0.624187
0.625418
0.629212
0.634152
0.638458
0.640398
0.638796
0.633293
0.624528
0.61398
0.603388
0.594109
0.586765
0.581314
0.577361
0.574502
0.572493
0.571253
0.570946
0.572031
0.575145
0.580809
0.589026
0.599143
0.609971
0.62015
0.628588
0.634545
0.63763
0.637818
0.635418
0.631006
0.62529
0.618948
0.612566
0.606596
0.601427
0.597481
0.595263
0.595344
0.598169
0.603778
0.611735
0.620979
0.630137
0.63784
0.642993
0.644961
0.643653
0.639432
0.632953
0.62502
0.616373
0.607727
0.599721
0.593025
0.58814
0.585197
0.583883
0.583525
0.583366
0.58292
0.582107
0.581272
0.581005
0.581917
0.584403
0.588391
0.593343
0.598295
0.602102
0.603686
0.602237
0.597486
0.589944
0.580821
0.57184
0.564704
0.560581
0.559773
0.561748
0.565651
0.570776
0.576949
0.584366
0.593246
0.603382
0.614015
0.624077
0.632485
0.638373
0.641201
0.640797
0.637303
0.631295
0.623784
0.61606
0.609464
0.605158
0.603852
0.605631
0.610011
0.616096
0.622787
0.628922
0.633519
0.635862
0.635568
0.632514
0.62698
0.619505
0.610795
0.601619
0.592677
0.584426
0.577142
0.571117
0.566812
0.564873
0.566085
0.571056
0.579858
0.591795
0.6054
0.618774
0.630042
0.637817
0.641465
0.641155
0.637612
0.631858
0.625011
0.617859
0.6109
0.604343
0.598311
0.592936
0.588507
0.585378
0.583895
0.584302
0.586573
0.590484
0.595585
0.601261
0.606902
0.611984
0.616116
0.619015
0.620516
0.620499
0.618891
0.615722
0.611241
0.606002
0.600831
0.596773
0.594852
0.595722
0.599507
0.605648
0.612997
0.620134
0.625753
0.628952
0.629422
0.627452
0.623718
0.619098
0.61445
0.610401
0.607387
0.605719
0.605666
0.607342
0.610613
0.615086
0.620291
0.625826
0.631319
0.636495
0.640942
0.644042
0.645005
0.643154
0.638276
0.630882
0.622104
0.613329
0.605702
0.599603
0.594779
0.590663
0.586788
0.582862
0.578799
0.574596
0.570284
0.565985
0.561993
0.558797
0.55704
0.557339
0.560156
0.56568
0.573691
0.583672
0.594874
0.606426
0.61748
0.627284
0.635339
0.641456
0.645605
0.647826
0.648107
0.646341
0.642451
0.636586
0.62916
0.620776
0.612042
0.603373
0.595078
0.587369
0.580558
0.575148
0.571711
0.570734
0.572356
0.576313
0.581867
0.587964
0.593419
0.597175
0.598641
0.597886
0.595772
0.593901
0.594116
0.597664
0.604571
0.613636
0.623125
0.631462
0.637502
0.640555
0.64031
0.63677
0.630163
0.620963
0.609924
0.598072
0.586567
0.576574
0.569036
0.564512
0.563082
0.564419
0.568002
0.573227
0.579539
0.586465
0.593624
0.600732
0.607602
0.614043
0.619836
0.624764
0.62862
0.631224
0.632538
0.632682
0.631908
0.630457
0.628514
0.626138
0.623228
0.619615
0.615126
0.609777
0.604038
0.598834
0.595222
0.593918
0.594926
0.597698
0.601476
0.605533
0.609327
0.612517
0.614934
0.616497
0.617211
0.617115
0.616415
0.615561
0.615111
0.615514
0.616795
0.618356
0.619289
0.618804
0.616597
0.612933
0.608477
0.603989
0.600017
0.596656
0.593683
0.590845
0.58805
0.585638
0.58427
0.584781
0.58788
0.593858
0.602421
0.612748
0.623579
0.633561
0.641449
0.646298
0.647507
0.644918
0.638746
0.629518
0.618012
0.605136
0.591899
0.579295
0.568303
0.559897
0.554878
0.55381
0.556827
0.563432
0.57252
0.582517
0.59177
0.598964
0.603454
0.605312
0.605091
0.603463
0.601148
0.598861
0.597336
0.597163
0.598524
0.601003
0.603742
0.605663
0.605751
0.603407
0.598629
0.592205
0.585603
0.580717
0.579261
0.582078
0.588776
0.598026
0.608164
0.617809
0.626157
0.632809
0.63757
0.64036
0.64108
0.639769
0.636558
0.631708
0.625487
0.61822
0.610303
0.602297
0.595034
0.589339
0.585719
0.58416
0.584151
0.585041
0.586342
0.587951
0.590142
0.593368
0.597935
0.603755
0.610412
0.617229
0.623538
0.628761
0.63241
0.634183
0.634017
0.632114
0.628913
0.62482
0.620196
0.615317
0.610418
0.605783
0.601759
0.59867
0.596728
0.596061
0.596697
0.598666
0.601989
0.606647
0.612559
0.61937
0.626374
0.63257
0.636795
0.638092
0.636058
0.630988
0.623698
0.61532
0.607081
0.600105
0.595269
0.593067
0.593327
0.595124
0.597056
0.597859
0.596911
0.594388
0.591051
0.587936
0.58604
0.586151
0.588648
0.59331
0.599375
0.605775
0.611446
0.615494
0.617405
0.617008
0.614465
0.610189
0.604839
0.599072
0.593516
0.58862
0.584678
0.581894
0.580489
0.580789
0.583116
0.587687
0.594403
0.602847
0.612344
0.621976
0.63078
0.637816
0.642328
0.643813
0.642016
0.637
0.629276
0.619701
0.609375
0.599401
0.590638
0.583547
0.578372
0.575412
0.575084
0.577789
0.583597
0.592046
0.602202
0.612877
0.622976
0.631755
0.638911
0.644499
0.648799
0.652042
0.654319
0.655545
0.655489
0.653909
0.650611
0.645575
0.638929
0.630744
0.621013
0.609808
0.597484
0.584756
0.572609
0.562103
0.554106
0.549234
0.547842
0.550075
0.555731
0.564135
0.574144
0.584387
0.593545
0.600708
0.605626
0.608818
0.611391
0.614752
0.619986
0.627252
0.635567
0.64318
0.64839
0.650177
0.648588
0.644469
0.638935
0.632839
0.626702
0.62076
0.615219
0.610339
0.606491
0.604036
0.603176
0.603783
0.605484
0.607624
0.609517
0.610586
0.610449
0.608913
0.605895
0.601503
0.59611
0.590333
