0.802228
0.790663
0.74762
0.681815
0.666897
0.743954
0.841946
0.902179
0.926318
0.932512
0.933571
0.937799
0.950998
0.971287
0.984478
0.974713
0.940655
0.89475
0.853829
0.828361
0.816606
0.809378
0.796585
0.771982
0.737044
0.700182
0.671327
0.656794
0.658967
0.676837
0.704396
0.731321
0.747691
0.748021
0.732135
0.704753
0.674396
0.650235
0.637495
0.635713
0.641436
0.651169
0.662269
0.672655
0.680418
0.683841
0.681593
0.673644
0.663416
0.659375
0.67059
0.697322
0.730639
0.761522
0.785716
0.802385
0.811733
0.81427
0.81089
0.803366
0.794635
0.788501
0.788266
0.794999
0.806944
0.820898
0.834018
0.844578
0.851787
0.855335
0.855086
0.851075
0.843382
0.832173
0.818036
0.802095
0.786025
0.77169
0.760665
0.753778
0.751051
0.751883
0.755177
0.759305
0.762547
0.763829
0.763345
0.762686
0.764166
0.769744
0.779899
0.793325
0.807797
0.821399
0.83316
0.843031
0.85139
0.858399
0.863702
0.866365
0.865257
0.859416
0.848349
0.832257
0.812161
0.789825
0.76729
0.746385
0.728307
0.713481
0.701893
0.69357
0.688845
0.68815
0.691505
0.69797
0.705878
0.713571
0.720212
0.725843
0.730993
0.735945
0.740441
0.743878
0.745777
0.74613
0.745337
0.743977
0.742578
0.741542
0.741234
0.742027
0.744297
0.748345
0.754318
0.762153
0.77156
0.782037
0.792884
0.803195
0.811913
0.81806
0.821217
0.821752
0.820743
0.8196
0.819374
0.820378
0.822072
0.823235
0.822562
0.819268
0.813343
0.805534
0.797076
0.789265
0.783277
0.779861
0.779204
0.780721
0.783162
0.785019
0.785065
0.782606
0.77751
0.770145
0.761422
0.752839
0.74625
0.743356
0.745131
0.751409
0.760815
0.771206
0.780218
0.785807
0.786576
0.781754
0.771429
0.756419
0.738235
0.718976
0.700999
0.686557
0.677331
0.674205
0.67719
0.685518
0.698109
0.713892
0.732044
0.751897
0.772687
0.79318
0.811884
0.827245
0.837908
0.842887
0.841701
0.834583
0.8227
0.808255
0.794142
0.783012
0.776289
0.773695
0.773583
0.773832
0.772528
0.768625
0.762302
0.755188
0.750148
0.750149
0.756514
0.767599
0.779598
0.788704
0.792669
0.791154
0.7851
0.77604
0.765538
0.755105
0.746238
0.740348
0.738549
0.741335
0.748404
0.758876
0.771412
0.784564
0.796829
0.806771
0.813519
0.816908
0.8174
0.815808
0.812902
0.809275
0.805372
0.80154
0.797973
0.794688
0.791481
0.787894
0.783495
0.778094
0.771972
0.765874
0.761065
0.758914
0.76038
0.765333
0.77236
0.779496
0.785446
0.790299
0.794957
0.799755
0.803869
0.805836
0.8044
0.798844
0.788874
0.774699
0.757275
0.738539
0.721362
0.708515
0.701381
0.699504
0.701416
0.705627
0.711054
0.717083
0.72355
0.730873
0.739971
0.751663
0.766108
0.782474
0.799057
0.813831
0.824996
0.831333
0.832529
0.829177
0.822608
0.814596
0.806665
0.799692
0.793924
0.789181
0.785222
0.781989
0.779654
0.778476
0.778514
0.779452
0.780686
0.781562
0.78169
0.781092
0.779985
0.778511
0.776667
0.774415
0.771775
0.769037
0.766622
0.764863
0.763667
0.762524
0.760881
0.758625
0.756491
0.756015
0.758829
0.765822
0.776419
0.788708
0.799974
0.807631
0.810129
0.807398
0.80082
0.79269
0.785224
0.779759
0.776438
0.774398
0.772322
0.769124
0.764355
0.758418
0.752457
0.74773
0.745075
0.744698
0.746627
0.750887
0.757068
0.763993
0.769853
0.772986
0.772631
0.769163
0.763802
0.758112
0.753555
0.7513
0.752128
0.756425
0.764142
0.774716
0.786916
0.798855
0.808323
0.813098
0.811533
0.802802
0.787226
0.766425
0.743253
0.721404
0.704665
0.69596
0.696598
0.706155
0.72294
0.74458
0.768674
0.79305
0.815896
0.835872
0.852101
0.864077
0.871559
0.874354
0.87234
0.865563
0.854602
0.840614
0.825133
0.80953
0.79448
0.780032
0.766105
0.752862
0.740802
0.730768
0.723481
0.719178
0.717312
0.716855
0.716999
0.717898
0.72097
0.728
0.739502
0.753807
0.767871
0.779011
0.785819
0.788384
0.787894
0.786232
0.785335
0.786512
0.790125
0.795609
0.801767
0.807148
0.810593
0.811535
0.810507
0.809059
0.808953
0.810962
0.814152
0.816319
0.815126
0.808884
0.797
0.779965
0.759324
0.737363
0.716651
0.699687
0.688495
0.684427
0.687959
0.698646
0.715245
0.736035
0.758882
0.781622
0.802171
0.818814
0.830371
0.836224
0.836439
0.831705
0.823282
0.812792
0.801838
0.791753
0.783423
0.777174
0.773057
0.771057
0.771148
0.77323
0.776944
0.781437
0.785583
0.788175
0.788535
0.78696
0.784669
0.783202
0.783553
0.785583
0.788385
0.790817
0.791973
0.791266
0.788355
0.78311
0.775781
0.76703
0.757907
0.749597
0.743181
0.739178
0.737396
0.737005
0.736898
0.736134
0.734231
0.731156
0.727369
0.723618
0.720731
0.719397
0.720117
0.723057
0.727929
0.734146
0.741058
0.74804
0.754774
0.761197
0.767473
0.773809
0.78027
0.786735
0.792848
0.798118
0.80205
0.804182
0.804087
0.801616
0.796869
0.790411
0.783173
0.776034
0.769312
0.762781
0.756381
0.750789
0.747196
0.746488
0.748432
0.75177
0.755004
0.757159
0.758173
0.758849
0.76039
0.763729
0.769011
0.775416
0.781633
0.786879
0.791194
0.795054
0.798496
0.80058
0.799802
0.795266
0.78738
0.777736
0.76849
0.761911
0.759939
0.76386
0.773878
0.788935
0.806891
0.825196
0.841433
0.853583
0.860138
0.860134
0.853315
0.840158
0.821906
0.800301
0.777388
0.75519
0.735563
0.719865
0.708692
0.701735
0.697952
0.696144
0.695406
0.695367
0.695951
0.697254
0.699702
0.704372
0.712958
0.726784
0.745763
0.76837
0.792581
0.816347
0.837606
0.854179
0.864006
0.865524
0.85825
0.843101
0.822283
0.798945
0.776313
0.757081
0.743088
0.735439
0.734538
0.740203
0.751667
0.767371
0.785041
0.80188
0.815064
0.822261
0.821969
0.813831
0.798782
0.779152
0.758337
0.740052
0.727521
0.722723
0.726139
0.736822
0.75284
0.771779
0.791103
0.808591
0.822537
0.831847
0.836098
0.835556
0.830913
0.823095
0.81299
0.801365
0.788848
0.776011
0.763412
0.751669
0.741378
0.733062
0.727034
0.723315
0.721886
0.722905
0.726764
0.733829
0.744082
0.756851
0.770985
0.785016
0.797539
0.807542
0.814484
0.818427
0.819807
0.819128
0.816662
0.812304
0.805805
0.797013
0.786223
0.774187
0.762096
0.751454
0.743911
0.740909
0.743115
0.749971
0.759689
0.769922
0.778572
0.784471
0.787431
0.787945
0.786816
0.784866
0.782906
0.781719
0.781972
0.784155
0.788476
0.79495
0.80321
0.812352
0.820807
0.826506
0.827486
0.822719
0.812549
0.798685
0.783618
0.769903
0.759469
0.753164
0.750577
0.750467
0.751279
0.751758
0.751278
0.749878
0.748098
0.746707
0.746566
0.748423
0.752848
0.76008
0.770008
0.781952
0.794632
0.806041
0.81393
0.816342
0.812139
0.801377
0.78537
0.766583
0.748035
0.732706
0.722954
0.719941
0.723553
0.73239
0.744219
0.756567
0.767317
0.77521
0.780123
0.78287
0.784838
0.787351
0.791112
0.796027
0.801428
0.806259
0.809431
0.810134
0.80818
0.804045
0.798819
0.793862
0.790298
0.788816
0.78957
0.792321
0.796746
0.802475
0.809008
0.81557
0.821117
0.824432
0.824334
0.820026
0.811255
0.798537
0.783086
0.766678
0.751248
0.738466
0.729343
0.72407
0.722038
0.722117
0.723013
0.723639
0.72343
0.722409
0.721219
0.720922
0.722662
0.727303
0.735132
0.745752
0.758116
0.770751
0.782017
0.790401
0.794805
0.794898
0.791028
0.78413
0.775379
0.765878
0.756432
0.747654
0.739953
0.733806
0.729779
0.728489
0.730427
0.735712
0.743989
0.754385
0.765635
0.776432
0.78555
0.792122
0.795712
0.79634
0.794409
0.790529
0.785443
0.780025
0.775266
0.77219
0.771634
0.773871
0.778589
0.785048
0.79221
0.798846
0.803779
0.806061
0.805096
0.801143
0.795394
0.789647
0.785432
0.783208
0.782413
0.782196
0.782108
0.782104
0.782338
0.782878
0.783744
0.784895
0.786304
0.787935
0.789634
0.791023
0.791704
0.791377
0.789957
0.787599
0.784663
0.781684
0.779367
0.778076
0.77733
0.775896
0.772304
0.765867
0.757363
0.748889
0.743113
0.741898
0.745403
0.752079
0.759496
0.765432
0.768495
0.768207
0.764821
0.75927
0.753071
0.748032
0.745693
0.746884
0.751442
0.758487
0.766854
0.775554
0.783959
0.791731
0.798528
0.803832
0.80677
0.806402
0.802193
0.794379
0.784172
0.773539
0.764609
0.75906
0.757816
0.760976
0.768035
0.778056
0.789865
0.80215
0.813637
0.823008
0.829037
0.830684
0.827319
0.818973
0.806573
0.791844
0.77699
0.764132
0.754787
0.749592
0.748311
0.749939
0.753064
0.756238
0.758261
0.758451
0.7568
0.753929
0.750784
0.748387
0.747355
0.74767
0.748723
0.749673
0.749857
0.749082
0.747711
0.746523
0.746336
0.747927
0.752125
0.759823
0.771396
0.786091
0.801887
0.815973
0.825814
0.829807
0.827438
0.81918
0.806253
0.79061
0.77446
0.760043
0.74928
0.743382
0.74273
0.746624
0.753564
0.761496
0.768416
0.773036
0.775135
0.775509
0.775428
0.776026
0.777916
0.781186
0.785596
0.790726
0.796111
0.801093
0.805062
0.807514
0.808277
0.807609
0.805986
0.803873
0.801538
0.798924
0.795743
0.791538
0.785889
0.778521
0.769398
0.758702
0.746881
0.734714
0.723391
0.714563
0.710009
0.710956
0.717526
0.728504
0.741688
0.754357
0.763863
0.768155
0.766245
0.758573
0.747145
0.73521
0.726217
0.722402
0.724115
0.730131
0.738512
0.747522
0.75588
0.762743
0.767578
0.770069
0.770309
0.768829
0.766563
0.764746
0.764578
0.766859
0.771886
0.779376
0.78862
0.798615
0.808116
0.815751
0.820221
0.820604
0.816699
0.809056
0.798962
0.787981
0.777452
0.76789
0.758847
0.749423
0.739009
0.72794
0.717579
0.709895
0.706748
0.709455
0.718454
0.733163
0.751957
0.772417
0.791849
0.807904
0.819149
0.825154
0.826205
0.822987
