           1    -5.04112    -5.04112           0
           2    -5.06515    -5.05314   0.0120185
           3    -5.06971    -5.05866  0.00886931
           4    -5.06334    -5.05983  0.00637988
           5     -5.0268    -5.05322  0.00824959
           6    -5.05292    -5.05317  0.00673595
           7     -5.0731    -5.05602  0.00636499
           8    -5.07267     -5.0581  0.00589222
           9    -5.04187     -5.0563  0.00550052
          10    -5.06897    -5.05757  0.00508028
          11    -5.07963    -5.05957  0.00501386
          12    -5.06375    -5.05992  0.00459025
          13     -5.0294    -5.05757  0.00483132
          14    -5.07231    -5.05862  0.00459511
          15     -5.0508     -5.0581  0.00430947
          16    -5.06987    -5.05884  0.00409771
          17    -5.06511    -5.05921  0.00386675
          18    -5.06299    -5.05942  0.00365167
          19    -5.04259    -5.05853  0.00356593
          20    -5.06271    -5.05874  0.00338938
          21    -5.06528    -5.05905  0.00323896
          22    -5.04562    -5.05844  0.00314799
          23    -5.06482    -5.05872  0.00302075
          24    -5.06002    -5.05877  0.00289266
          25    -5.06432    -5.05899  0.00278339
          26    -5.07561    -5.05963  0.00274945
          27    -5.04732    -5.05918  0.00268471
          28    -5.03175     -5.0582  0.00276627
          29    -5.03205     -5.0573  0.00281731
          30    -5.03121    -5.05643  0.00285734
          31    -5.06246    -5.05662  0.00277048
          32    -5.04919    -5.05639  0.00269252
          33    -5.05462    -5.05634  0.00261021
          34    -5.06715    -5.05665  0.00255218
          35    -5.08322    -5.05741   0.0025918
          36    -5.07231    -5.05783  0.00255255
          37    -5.07677    -5.05834  0.00253483
          38    -5.03353    -5.05769  0.00255214
          39    -5.03029    -5.05698  0.00258317
          40    -5.07724    -5.05749  0.00256818
          41    -5.04152     -5.0571  0.00253486
          42     -5.0327    -5.05652  0.00254105
          43    -5.04421    -5.05623  0.00249772
          44    -5.05169    -5.05613  0.00244248
          45    -5.06721    -5.05638  0.00240026
          46    -5.06189     -5.0565  0.00235055
          47    -5.07006    -5.05678  0.00231804
          48    -5.08445    -5.05736  0.00234128
          49    -5.05849    -5.05738  0.00229311
          50    -5.05425    -5.05732  0.00224766
