   0.0128248           0           0
   0.0384745           0           0
   0.0641241           0           0
   0.0897737           0           0
    0.115423           0           0
    0.141073           0           0
    0.166723           0           0
    0.192372           0           0
    0.218022           0           0
    0.243672           0           0
    0.269321           0           0
    0.294971           0           0
     0.32062           0           0
     0.34627           0           0
     0.37192           0           0
    0.397569           0           0
    0.423219           0           0
    0.448869           0           0
    0.474518           0           0
    0.500168           0           0
    0.525818           0           0
    0.551467           0           0
    0.577117           0           0
    0.602767           0           0
    0.628416           0           0
    0.654066           0           0
    0.679715           0           0
    0.705365           0           0
    0.731015           0           0
    0.756664           0           0
    0.782314           0           0
    0.807964           0           0
    0.833613           0           0
    0.859263 1.55618e-05 1.22272e-05
    0.884913 0.000851024 0.000101851
    0.910562   0.0204612 0.000547214
    0.936212    0.149787  0.00142496
    0.961861    0.540093  0.00253813
    0.987511     1.17711  0.00412875
     1.01316     1.85979  0.00704724
     1.03881     2.34639  0.00673335
     1.06446     2.56509  0.00734109
     1.09011     2.56742  0.00668701
     1.11576     2.42996  0.00646728
     1.14141     2.20891  0.00547008
     1.16706     1.99047  0.00489379
     1.19271     1.76271  0.00553379
     1.21836     1.55864  0.00604692
     1.24401     1.38634  0.00507765
     1.26966     1.24402  0.00458392
     1.29531     1.11897  0.00480079
     1.32096     1.02096  0.00406188
     1.34661    0.936978  0.00335222
     1.37226     0.87064  0.00268048
     1.39791    0.808976  0.00320508
     1.42355    0.764675  0.00311764
      1.4492    0.729089  0.00319351
     1.47485    0.705837  0.00258536
      1.5005    0.689348  0.00246961
     1.52615    0.682184  0.00268155
      1.5518    0.671905  0.00273027
     1.57745    0.670924  0.00311051
      1.6031     0.67273  0.00264949
     1.62875    0.687444  0.00263794
      1.6544    0.703525  0.00282111
     1.68005    0.722736  0.00243151
      1.7057    0.754573  0.00293861
     1.73135    0.783724  0.00239235
       1.757    0.816707   0.0026746
     1.78265    0.852883  0.00294919
      1.8083    0.897376  0.00264398
     1.83395    0.940226  0.00313689
      1.8596    0.979681  0.00210603
     1.88525     1.02247  0.00297304
      1.9109     1.05816  0.00281768
     1.93655      1.0947  0.00319593
      1.9622     1.13178  0.00257433
     1.98785     1.16128  0.00221285
      2.0135     1.18471  0.00259437
     2.03915     1.20487  0.00254585
      2.0648     1.21598  0.00218217
     2.09045     1.21434  0.00283406
      2.1161      1.2045  0.00281939
     2.14174     1.19664  0.00273235
     2.16739     1.17525  0.00254261
     2.19304     1.14893  0.00252976
     2.21869     1.12377  0.00277096
     2.24434     1.09193  0.00305275
     2.26999     1.06293  0.00283978
     2.29564     1.03745  0.00269367
     2.32129      1.0087   0.0026144
     2.34694    0.986864  0.00214999
     2.37259    0.966894  0.00184004
     2.39824    0.944599  0.00227252
     2.42389    0.928029  0.00212731
     2.44954    0.914279  0.00217659
     2.47519    0.899526  0.00181848
     2.50084    0.891079  0.00189549
     2.52649    0.887493  0.00204794
     2.55214    0.890412  0.00211333
