100 33.5481 0
200 33.6578 0.077565
300 33.7767 0.110026
400 33.6303 0.151276
500 33.6022 0.123614
600 33.6367 0.107712
700 33.6931 0.10607
800 33.6748 0.094373
900 33.6968 0.0864108
1000 33.7356 0.0860335
1100 33.8442 0.12983
1200 33.9348 0.147252
1300 34.0114 0.154587
1400 34.0771 0.156883
1500 34.1341 0.156413
1600 34.1839 0.154366
1700 34.2278 0.151414
1800 34.2669 0.147957
1900 34.3019 0.14424
2000 34.3333 0.140418
2100 34.3618 0.136586
2200 34.3877 0.132806
2300 34.4113 0.129117
2400 34.433 0.12554
2500 34.4529 0.12209
2600 34.4713 0.118771
2700 34.4883 0.115587
2800 34.5041 0.112535
2900 34.5188 0.109614
3000 34.5326 0.106818
3100 34.5454 0.104143
3200 34.5575 0.101583
3300 34.5688 0.0991339
3400 34.5795 0.0967892
3500 34.5895 0.0945437
3600 34.599 0.0923924
3700 34.608 0.0903302
3800 34.6165 0.0883525
3900 34.6245 0.0864545
4000 34.6322 0.0846321
4100 34.6395 0.0828813
4200 34.6464 0.0811982
4300 34.6531 0.0795793
4400 34.6594 0.0780211
4500 34.6654 0.0765206
4600 34.6712 0.0750748
4700 34.6767 0.0736808
4800 34.682 0.0723361
4900 34.6871 0.0710382
5000 34.692 0.0697849
5100 34.6967 0.0685739
5200 34.7012 0.0674032
5300 34.7055 0.0662708
5400 34.7097 0.0651751
5500 34.7137 0.0641143
5600 34.7176 0.0630868
5700 34.7214 0.0620911
5800 34.725 0.0611258
5900 34.7285 0.0601895
6000 34.7318 0.059281
6100 34.7351 0.0583991
6200 34.7383 0.0575427
6300 34.7413 0.0567107
6400 34.7443 0.055902
6500 34.7472 0.0551158
6600 34.75 0.0543512
6700 34.7527 0.0536071
6800 34.7553 0.052883
6900 34.7578 0.0521779
7000 34.7603 0.0514912
7100 34.7627 0.0508221
7200 34.7651 0.0501701
7300 34.7673 0.0495343
7400 34.7695 0.0489144
7500 34.7717 0.0483096
7600 34.7738 0.0477194
7700 34.7758 0.0471434
7800 34.7778 0.046581
7900 34.7798 0.0460318
8000 34.7817 0.0454952
8100 34.7835 0.044971
8200 34.7853 0.0444585
8300 34.7871 0.0439576
8400 34.7888 0.0434677
8500 34.7904 0.0429886
8600 34.7921 0.0425198
8700 34.7937 0.0420611
8800 34.7952 0.0416121
8900 34.7968 0.0411725
9000 34.7983 0.0407421
9100 34.7997 0.0403205
9200 34.8011 0.0399075
9300 34.8025 0.0395029
9400 34.8039 0.0391063
9500 34.8053 0.0387176
9600 34.8066 0.0383364
9700 34.8078 0.0379627
9800 34.8091 0.0375962
9900 34.8103 0.0372366
10000 34.8115 0.0368838
