           1    -3.46924    -3.46924           0
           2    -3.46899    -3.46911 0.000126937
           3    -3.46925    -3.46916 8.59287e-05
           4    -3.47007    -3.46939 0.000237017
           5    -3.46827    -3.46916 0.000288988
           6    -3.47035    -3.46936 0.000308205
           7    -3.46922    -3.46934 0.000261247
           8    -3.46948    -3.46936 0.000226917
           9    -3.46793     -3.4692 0.000255303
          10    -3.46831    -3.46911 0.000245111
          11    -3.47108    -3.46929 0.000285193
          12    -3.46988    -3.46934 0.000264986
          13    -3.46927    -3.46934 0.000243806
          14    -3.46901    -3.46931 0.000226883
          15    -3.46893    -3.46929 0.000212736
          16    -3.47017    -3.46934 0.000206589
          17    -3.46997    -3.46938  0.00019749
          18    -3.46811    -3.46931 0.000199083
          19    -3.46829    -3.46925 0.000195786
          20    -3.46782    -3.46918 0.000199108
          21     -3.4692    -3.46918 0.000189391
          22     -3.4684    -3.46915 0.000184077
          23    -3.46974    -3.46917  0.00017774
          24    -3.47005    -3.46921 0.000174009
          25    -3.46886     -3.4692 0.000167506
          26    -3.46999    -3.46923 0.000163808
          27     -3.4688    -3.46921 0.000158404
          28    -3.46954    -3.46922 0.000153091
          29    -3.46885    -3.46921 0.000148263
          30    -3.46811    -3.46917  0.00014783
          31     -3.4688    -3.46916 0.000143492
          32    -3.46866    -3.46915 0.000139809
          33    -3.46882    -3.46914 0.000135864
          34    -3.46888    -3.46913  0.00013202
          35     -3.4692    -3.46913  0.00012821
          36    -3.46827    -3.46911 0.000126893
          37    -3.46885     -3.4691 0.000123604
          38    -3.46892    -3.46909 0.000120399
          39    -3.46892    -3.46909 0.000117355
          40    -3.46965     -3.4691 0.000115233
          41    -3.46797    -3.46908 0.000115759
          42    -3.46828    -3.46906 0.000114544
          43     -3.4699    -3.46908 0.000113548
          44    -3.46854    -3.46907 0.000111602
          45    -3.46969    -3.46908 0.000109979
          46    -3.46802    -3.46906 0.000109992
          47    -3.47092     -3.4691 0.000114715
          48    -3.46912     -3.4691   0.0001123
          49     -3.4691     -3.4691 0.000109985
          50    -3.46926     -3.4691 0.000107814
          51    -3.46733    -3.46906 0.000111256
          52    -3.46915    -3.46907 0.000109109
          53    -3.46851    -3.46906 0.000107544
          54    -3.46934    -3.46906 0.000105668
          55    -3.47033    -3.46908 0.000106246
          56    -3.46855    -3.46907  0.00010477
          57    -3.47035     -3.4691 0.000105332
          58     -3.4691     -3.4691   0.0001035
          59    -3.46876    -3.46909 0.000101894
          60    -3.46849    -3.46908 0.000100676
          61    -3.46912    -3.46908 9.90132e-05
          62     -3.4693    -3.46909 9.74667e-05
          63     -3.4693    -3.46909 9.59653e-05
          64    -3.46982     -3.4691  9.5135e-05
          65    -3.46949    -3.46911 9.38553e-05
          66    -3.46886     -3.4691 9.24978e-05
          67    -3.46957    -3.46911 9.13679e-05
          68    -3.46973    -3.46912  9.0472e-05
          69    -3.46915    -3.46912 8.91525e-05
          70    -3.46941    -3.46912 8.79689e-05
          71    -3.46969    -3.46913 8.70843e-05
          72    -3.46787    -3.46911 8.76458e-05
          73    -3.46865    -3.46911  8.6673e-05
          74    -3.46741    -3.46908 8.85305e-05
          75      -3.469    -3.46908 8.73493e-05
          76    -3.46792    -3.46907 8.75327e-05
          77     -3.4686    -3.46906 8.66048e-05
          78    -3.46923    -3.46906  8.5515e-05
          79     -3.4683    -3.46905 8.49744e-05
          80    -3.46878    -3.46905 8.39771e-05
          81    -3.46899    -3.46905 8.29373e-05
          82     -3.4692    -3.46905 8.19387e-05
          83    -3.46881    -3.46905 8.09961e-05
          84    -3.46764    -3.46903 8.17644e-05
          85    -3.46856    -3.46903 8.09869e-05
          86    -3.46881    -3.46902 8.00808e-05
          87    -3.46859    -3.46902 7.93154e-05
          88    -3.46814    -3.46901  7.9037e-05
          89     -3.4693    -3.46901 7.82133e-05
          90    -3.46912    -3.46901  7.7349e-05
          91    -3.46756      -3.469 7.81419e-05
          92    -3.46949      -3.469 7.74745e-05
          93    -3.47001    -3.46901  7.7394e-05
          94     -3.4696    -3.46902 7.68239e-05
          95    -3.46849    -3.46901  7.6218e-05
          96    -3.46732      -3.469 7.74586e-05
          97    -3.46778    -3.46898  7.7675e-05
          98    -3.46957    -3.46899  7.7113e-05
          99    -3.46919    -3.46899 7.63568e-05
         100    -3.46771    -3.46898 7.66637e-05
