           1     1.57188     1.57188           0
           2     1.59617     1.58402   0.0121454
           3     1.60046      1.5895  0.00889907
           4     1.59327     1.59044  0.00636265
           5     1.55853     1.58406  0.00806383
           6     1.58257     1.58381  0.00658879
           7     1.60388     1.58668  0.00626312
           8     1.60319     1.58874  0.00580355
           9     1.57394      1.5871   0.0053761
          10     1.60066     1.58845  0.00499602
          11     1.60854     1.59028   0.0048741
          12     1.59387     1.59058  0.00445946
          13     1.56012     1.58824  0.00472398
          14     1.60329     1.58931  0.00450385
          15     1.58187     1.58882   0.0042221
          16      1.5997      1.5895  0.00400754
          17     1.59514     1.58983  0.00377905
          18     1.59488     1.59011  0.00357397
          19      1.5743     1.58928  0.00348159
          20     1.59489     1.58956  0.00331483
          21     1.59608     1.58987  0.00316831
          22     1.57722     1.58929  0.00307506
          23     1.59508     1.58955  0.00294907
          24     1.58998     1.58956  0.00282358
          25     1.59546      1.5898  0.00271853
          26     1.60562     1.59041   0.0026818
          27     1.57851     1.58997  0.00261789
          28     1.56221     1.58898  0.00271041
          29      1.5632     1.58809  0.00276219
          30     1.56309     1.58725  0.00279555
          31     1.59366     1.58746  0.00271175
          32     1.58053     1.58724  0.00263455
          33      1.5858      1.5872  0.00255384
          34     1.59827     1.58753   0.0024989
          35     1.61402     1.58828  0.00254175
          36     1.60405     1.58872  0.00250865
          37     1.60791     1.58924  0.00249443
          38     1.56461     1.58859  0.00251295
          39     1.56137     1.58789  0.00254523
          40     1.60759     1.58839  0.00252919
          41     1.57356     1.58802   0.0024931
          42     1.56442     1.58746  0.00249707
          43     1.57431     1.58716  0.00245743
          44     1.58314     1.58706  0.00240266
          45     1.59752      1.5873  0.00236012
          46     1.59387     1.58744  0.00231266
          47     1.59914     1.58769  0.00227657
          48     1.61533     1.58826  0.00230185
          49     1.58939     1.58829   0.0022545
          50     1.58499     1.58822  0.00220994
          51     1.59095     1.58828  0.00216683
          52     1.58884     1.58829  0.00212478
          53     1.58255     1.58818  0.00208711
          54     1.59464      1.5883  0.00205159
          55     1.60788     1.58865  0.00204517
          56      1.5718     1.58835  0.00203076
          57     1.59819     1.58852  0.00200226
          58      1.6082     1.58886  0.00199646
          59     1.58556     1.58881  0.00196313
          60     1.56976     1.58849  0.00195608
          61     1.61219     1.58888  0.00196258
          62     1.59139     1.58892  0.00193109
          63     1.59495     1.58902   0.0019026
          64     1.60347     1.58924  0.00188621
          65     1.57217     1.58898  0.00187545
          66     1.58809     1.58897  0.00184686
          67     1.57415     1.58874  0.00183248
          68     1.59311     1.58881  0.00180648
          69     1.59746     1.58893  0.00178452
          70     1.60319     1.58914  0.00177059
          71     1.61249     1.58947  0.00177618
          72     1.57673     1.58929  0.00176025
          73     1.59537     1.58937  0.00173797
          74     1.60066     1.58952  0.00172109
          75     1.58896     1.58952  0.00169801
          76      1.5867     1.58948  0.00167593
          77     1.57511     1.58929  0.00166451
          78     1.59446     1.58936  0.00164437
          79     1.58263     1.58927  0.00162565
          80     1.59343     1.58933  0.00160604
          81      1.5975     1.58943   0.0015893
          82     1.58334     1.58935  0.00157155
          83     1.59351      1.5894  0.00155331
          84     1.58467     1.58935  0.00153574
          85     1.60303     1.58951  0.00152607
          86     1.59786     1.58961  0.00151135
          87     1.59458     1.58966  0.00149497
          88     1.57154     1.58946  0.00149216
          89     1.58065     1.58936  0.00147861
          90     1.59015     1.58937  0.00146212
          91      1.5744      1.5892  0.00145528
          92     1.59637     1.58928  0.00144148
          93      1.5851     1.58924   0.0014266
          94      1.5834     1.58917  0.00141271
          95     1.61239     1.58942  0.00141896
          96     1.59606     1.58949  0.00140581
          97      1.6108     1.58971  0.00140849
          98     1.59137     1.58972  0.00139414
          99     1.60311     1.58986   0.0013866
         100     1.58156     1.58978  0.00137517
