100 1.0671 0
200 1.064 0.00219246
300 1.06098 0.00286883
400 1.06737 0.00593421
500 1.06903 0.00497388
600 1.06524 0.00539787
700 1.0639 0.00478965
800 1.06436 0.00421267
900 1.06324 0.00388946
1000 1.06341 0.00350433
1100 1.06011 0.00448027
1200 1.05736 0.00488013
1300 1.05503 0.00503018
1400 1.05303 0.00505173
1500 1.0513 0.00500262
1600 1.04978 0.00491381
1700 1.04845 0.00480299
1800 1.04726 0.0046807
1900 1.0462 0.00455338
2000 1.04524 0.00442502
2100 1.04438 0.00429808
2200 1.04359 0.00417408
2300 1.04287 0.00405392
2400 1.04221 0.00393811
2500 1.04161 0.00382689
2600 1.04105 0.00372032
2700 1.04053 0.00361838
2800 1.04005 0.00352094
2900 1.0396 0.00342786
3000 1.03918 0.00333895
3100 1.03879 0.00325403
3200 1.03843 0.0031729
3300 1.03808 0.00309536
3400 1.03776 0.00302122
3500 1.03745 0.0029503
3600 1.03717 0.00288241
3700 1.03689 0.00281739
3800 1.03663 0.00275508
3900 1.03639 0.00269533
4000 1.03616 0.002638
4100 1.03593 0.00258295
4200 1.03572 0.00253006
4300 1.03552 0.00247921
4400 1.03533 0.00243029
4500 1.03515 0.00238321
4600 1.03497 0.00233786
4700 1.0348 0.00229415
4800 1.03464 0.00225201
4900 1.03449 0.00221134
5000 1.03434 0.00217209
5100 1.0342 0.00213417
5200 1.03406 0.00209752
5300 1.03393 0.00206209
5400 1.0338 0.0020278
5500 1.03368 0.00199462
5600 1.03356 0.00196249
5700 1.03345 0.00193136
5800 1.03334 0.00190119
5900 1.03323 0.00187193
6000 1.03313 0.00184354
6100 1.03303 0.001816
6200 1.03293 0.00178925
6300 1.03284 0.00176326
6400 1.03275 0.00173801
6500 1.03266 0.00171347
6600 1.03258 0.0016896
6700 1.03249 0.00166638
6800 1.03241 0.00164378
6900 1.03234 0.00162178
7000 1.03226 0.00160036
7100 1.03219 0.00157949
7200 1.03212 0.00155915
7300 1.03205 0.00153933
7400 1.03198 0.00151999
7500 1.03192 0.00150114
7600 1.03185 0.00148274
7700 1.03179 0.00146478
7800 1.03173 0.00144725
7900 1.03167 0.00143013
8000 1.03161 0.00141341
8100 1.03156 0.00139708
8200 1.0315 0.00138111
8300 1.03145 0.0013655
8400 1.0314 0.00135024
8500 1.03135 0.00133531
8600 1.0313 0.00132071
8700 1.03125 0.00130643
8800 1.0312 0.00129244
8900 1.03115 0.00127875
9000 1.03111 0.00126535
9100 1.03106 0.00125222
9200 1.03102 0.00123936
9300 1.03098 0.00122676
9400 1.03094 0.00121442
9500 1.0309 0.00120232
9600 1.03086 0.00119045
9700 1.03082 0.00117882
9800 1.03078 0.00116741
9900 1.03074 0.00115622
10000 1.0307 0.00114524
