1.11033
1.11344
1.10908
1.09811
1.08155
1.06045
1.03585
1.00882
0.980569
0.952556
0.926486
0.904268
0.887602
0.877492
0.873822
0.875245
0.879504
0.884073
0.886762
0.886147
0.881747
0.87393
0.863811
0.853243
0.844773
0.841217
0.844629
0.855245
0.871306
0.889879
0.908006
0.923335
0.934228
0.939661
0.939228
0.933137
0.922304
0.908292
0.89309
0.878757
0.867031
0.859053
0.855333
0.855786
0.859758
0.866131
0.873451
0.880128
0.884723
0.886289
0.884713
0.88094
0.876742
0.873836
0.873002
0.87407
0.876608
0.880393
0.885308
0.89106
0.897103
0.902789
0.907594
0.911261
0.913766
0.915116
0.915202
0.913619
0.909698
0.902728
0.892306
0.878782
0.863558
0.848968
0.837536
0.830925
0.82924
0.831194
0.834965
0.838934
0.841952
0.843328
0.842578
0.839236
0.832801
0.822888
0.809602
0.793867
0.777631
0.763654
0.754999
0.754199
0.762291
0.778121
0.798593
0.819796
0.838308
0.851873
0.859588
0.861661
0.859154
0.853813
0.847868
0.843697
0.843297
0.847778
0.857058
0.869966
0.884722
0.899313
0.911808
0.920556
0.924432
0.923067
0.91695
0.907282
0.895639
0.883637
0.872656
0.863588
0.856792
0.852121
0.849064
0.846986
0.845294
0.843567
0.841584
0.839354
0.837063
0.835135
0.834109
0.834655
0.837355
0.842369
0.849169
0.856585
0.863215
0.867976
0.870452
0.870862
0.869667
0.86726
0.863848
0.859651
0.855188
0.851282
0.848884
0.848761
0.851295
0.856477
0.864022
0.873403
0.883809
0.894012
0.902308
0.906801
0.905856
0.89872
0.886078
0.87018
0.854447
0.842434
0.836521
0.836766
0.840892
0.84548
0.847525
0.845282
0.838376
0.827462
0.813851
0.799209
0.785335
0.773948
0.766453
0.763708
0.76593
0.772696
0.78312
0.79607
0.810291
0.824426
0.837115
0.847234
0.8542
0.858114
0.859693
0.860051
0.860339
0.861445
0.863806
0.86738
0.87172
0.876124
0.879873
0.882437
0.883663
0.883733
0.883092
0.882295
0.881858
0.88218
0.883337
0.884919
0.8861
0.88598
0.884027
0.880392
0.87602
0.872375
0.870854
0.872084
0.875491
0.87946
0.881963
0.881299
0.876533
0.867635
0.855416
0.84137
0.827462
0.815838
0.808435
0.806524
0.810479
0.819749
0.833063
0.848739
0.864984
0.880109
0.892689
0.901681
0.906503
0.907047
0.903641
0.896957
0.88783
0.877185
0.866095
0.855939
0.848441
0.845451
0.848293
0.85694
0.869687
0.883689
0.896073
0.904904
0.909627
0.910965
0.910538
0.910343
0.912271
0.917552
0.92634
0.937582
0.949274
0.959083
0.965004
0.965801
0.961168
0.951692
0.938638
0.923692
0.908629
0.894969
0.883705
0.875185
0.869262
0.865565
0.863864
0.864266
0.866971
0.87161
0.876807
0.88038
0.880171
0.874858
0.864327
0.849568
0.832274
0.814491
0.7983
0.785576
0.77779
0.775913
0.780231
0.790271
0.804845
0.822214
0.840417
0.857635
0.872446
0.883955
0.89173
0.895759
0.896276
0.893719
0.888683
0.881858
0.874042
0.866099
0.858925
0.853408
0.850421
0.850658
0.854452
0.861523
0.870895
0.881086
0.890415
0.897343
0.900719
0.899872
0.894698
0.885661
0.873849
0.860977
0.849183
0.840445
0.835723
0.834433
0.834772
0.834838
0.833681
0.83162
0.829787
0.829279
0.830472
0.832884
0.835472
0.837103
0.836947
0.834643
0.83048
0.825379
0.820759
0.818058
0.81817
0.821036
0.825713
0.830834
0.835133
0.837761
0.838372
0.837057
0.834256
0.830673
0.82716
0.824543
0.823459
0.824132
0.826243
0.829034
0.831503
0.832712
0.832087
0.829585
0.825749
0.821634
0.818577
0.817763
0.819754
0.82426
0.830386
0.837086
0.84364
0.849749
0.855317
0.860127
0.863665
0.865234
0.864309
0.860907
0.855718
0.849993
0.845218
0.842684
0.843086
0.846241
0.851263
0.857005
0.862489
0.867135
0.870778
0.873528
0.875609
0.877173
0.878238
0.878678
0.87834
0.877174
0.875355
0.873254
0.87133
0.869976
0.869477
0.869965
0.871433
0.873762
0.876732
0.880078
0.883565
0.887009
0.890234
0.893015
0.895024
0.895847
0.895029
0.892244
0.88757
0.881693
0.875862
0.87146
0.869416
0.869912
0.872501
0.876517
0.881323
0.886372
0.891043
0.894524
0.895962
0.894793
0.891005
0.885246
0.878616
0.872182
0.866483
0.861368
0.856271
0.850695
0.844595
0.838427
0.832949
0.828872
0.826687
0.826684
0.829092
0.834084
0.841541
0.850636
0.859759
0.866963
0.870858
0.871261
0.869357
0.867226
0.866921
0.869655
0.875494
0.88362
0.892652
0.900946
0.906915
0.909304
0.90744
0.901289
0.891382
0.878617
0.864113
0.849137
0.835088
0.823568
0.81627
0.814617
0.819338
0.830071
0.845352
0.863035
0.881021
0.897802
0.912634
0.925247
0.935474
0.943036
0.947499
0.948381
0.945262
0.937882
0.926184
0.910443
0.891417
0.870509
0.849583
0.830516
0.814585
0.80214
0.792726
0.785625
0.780296
0.776535
0.774334
0.773795
0.775021
0.778004
0.782539
0.788248
0.794744
0.80177
0.809267
0.817229
0.825586
0.834151
0.842659
0.850779
0.858096
0.86417
0.868603
0.871175
0.871965
0.87138
0.87006
0.868654
0.86759
0.86695
0.866564
0.866303
0.866319
0.867108
0.86925
0.872921
0.877652
0.882388
0.885919
0.887376
0.886618
0.884233
0.881297
0.878899
0.877734
0.877888
0.879028
0.880788
0.882912
0.885208
0.887417
0.889103
0.889726
0.888837
0.886323
0.882456
0.877766
0.872785
0.867814
0.862903
0.858045
0.853369
0.849099
0.845344
0.841901
0.838255
0.833777
0.828042
0.821162
0.813938
0.807755
0.804255
0.804806
0.810045
0.81964
0.832509
0.847214
0.862418
0.877133
0.89076
0.902915
0.913307
0.921659
0.927761
0.931528
0.93304
0.93246
0.929957
0.925619
0.919439
0.911363
0.901499
0.890332
0.878846
0.868442
0.860594
0.856304
0.855651
0.857733
0.861104
0.864346
0.866603
0.867794
0.868355
0.868647
0.868542
0.867503
0.865085
0.861415
0.857295
0.853786
0.85173
0.851295
0.85193
0.852656
0.852472
0.850748
0.847397
0.84277
0.837404
0.831826
0.826463
0.821603
0.817415
0.813957
0.811277
0.809563
0.809377
0.811672
0.817651
0.828205
0.843386
0.862159
0.88276
0.903284
0.922061
0.937735
0.949199
0.955613
0.956535
0.952116
0.94311
0.93071
0.916208
0.900844
0.885794
0.872303
0.861632
0.854736
0.85197
0.853049
0.857213
0.86353
0.871042
0.878714
0.885355
0.889735
0.890876
0.88842
0.882865
0.875541
0.868312
0.863113
0.861428
0.864037
0.871013
0.881911
0.895797
0.911217
0.926312
0.939024
0.94752
0.950533
0.947638
0.939366
0.927268
0.913805
0.901955
0.89445
0.892807
0.896627
0.903808
0.911583
0.917582
0.920397
0.919709
0.91626
0.911673
0.907996
0.906949
0.909257
0.914413
0.921144
0.928049
0.934149
0.939055
0.94281
0.94564
0.947731
0.949183
0.95001
0.950217
0.949811
0.948699
0.946564
0.942947
0.937339
0.929352
0.918777
0.905598
0.889962
0.872209
0.85288
0.832776
0.812956
0.79471
0.779469
0.768643
0.763306
0.763887
0.769969
0.780327
0.793317
0.807384
0.821412
0.834763
0.847184
0.858739
0.869697
0.88037
0.890864
0.900763
0.909024
0.914231
0.915075
0.910769
0.901277
0.887365
0.870548
0.852959
0.837076
0.82526
0.819079
0.818821
0.823476
0.831223
0.840157
0.848911
0.856981
0.864653
0.872729
0.882123
0.893534
0.907126
0.922398
0.938245
0.953121
0.965402
0.97367
0.976934
0.97474
0.967222
0.955074
0.939378
0.921431
0.902556
0.8839
0.866394
0.850757
0.837555
0.827105
0.819249
0.813223
0.807871
0.802145
0.795602
0.788528
0.781672
0.775949
0.772164
0.770965
0.772836
0.778069
0.786745
0.798665
0.813335
0.829994
0.847638
0.865122
0.881352
0.895529
0.907314
0.916781
0.924172
0.92951
0.932467
0.93271
0.930469
0.92683
0.923433
0.921626
0.92162
0.922332
0.922112
0.91961
0.914232
0.906094
0.895712
0.883722
0.870731
0.857241
0.843668
0.830379
0.817733
0.806224
0.796554
0.789618
0.786294
0.787137
0.792077
0.800241
0.810038
0.819421
0.826343
0.829215
0.82729
0.820844
0.811212
0.800546
0.791144
0.784623
0.781403
0.780886
0.782072
0.784106
0.786528
0.789368
0.793158
0.798886
0.807793
0.82083
0.837956
0.857963
0.878821
0.898371
0.914787
0.926827
0.933867
0.935928
0.933695
0.928453
0.921911
0.915787
0.911382
0.909169
0.90876
0.90928
0.909835
0.909946
0.909676
0.909322
0.908803
0.907313
0.903553
0.896361
0.885316
0.871073
0.85526
0.840021
0.827201
0.817623
0.810927
0.805983
0.801569
0.796924
0.792014
0.787621
0.785059
0.785609
0.789879
0.797494
0.807297
0.817887
0.828112
0.837288
0.845186
0.851896
0.857663
0.862794
0.86767
0.87266
0.877995
0.883618
0.889165
0.894061
0.897749
0.899884
0.900414
0.899477
0.897234
0.893724
0.888796
0.882259
0.874066
0.864506
0.854275
0.844438
0.836331
0.831287
0.830227
0.833385
0.840297
0.850089
0.861756
0.874251
0.886449
0.897223
0.905607
0.91099
0.913182
0.912347
0.908937
0.903754
0.897964
0.893077
0.89055
0.891123
0.894296
0.898536
0.901929
0.902903
0.900619
0.895011
0.886618
0.876343
0.865218
0.854248
0.844323
0.836243
0.830726
0.828359
0.829448
0.833835
0.840771
0.849029
0.857171
0.863916
0.868363
0.870138
0.86932
0.866165
0.860863
0.853407
0.843846
0.832548
0.820373
0.808481
0.798032
0.789938
0.78477
0.782775
0.783962
0.788176
0.795122
0.804279
0.814822
0.825645
0.835623
0.843934
0.850261
0.854879
0.858543
0.862216
0.866672
0.872178
0.878393
0.884483
0.889446
0.892422
0.892932
0.891018
0.887266
0.882646
0.878304
0.875304
0.874383
0.875858
0.87954
0.884793
0.890662
0.896035
0.899786
0.900917
0.898707
0.892815
0.883419
0.871317
0.857899
0.844938
0.834141
0.826781
0.823396
0.823803
0.827335
0.83316
0.840624
0.849377
0.859226
0.869921
0.880902
0.89133
0.900362
0.90759
0.913329
