1.12569
1.15179
1.17465
1.19204
1.20212
1.20379
1.19713
1.18387
1.16743
1.15178
1.13926
1.12919
1.11889
1.10604
1.09058
1.07481
1.06198
1.05457
1.05336
1.05789
1.06733
1.08093
1.09789
1.11706
1.1368
1.15542
1.17154
1.18419
1.19262
1.19633
1.19535
1.19045
1.18311
1.17511
1.16797
1.16238
1.15825
1.15496
1.15167
1.14757
1.14214
1.13548
1.12856
1.12288
1.11984
1.11999
1.12271
1.12656
1.12996
1.13205
1.133
1.13382
1.13552
1.13841
1.1418
1.14433
1.14455
1.14147
1.13502
1.12617
1.11682
1.10928
1.10567
1.10722
1.11403
1.12511
1.13868
1.15265
1.16516
1.17494
1.18142
1.18464
1.18508
1.18346
1.18074
1.17799
1.17598
1.17472
1.17311
1.16949
1.16258
1.15231
1.13982
1.12679
1.11453
1.10374
1.09459
1.08699
1.08083
1.07616
1.07311
1.07181
1.0724
1.07521
1.08066
1.08869
1.09816
1.10685
1.11228
1.11277
1.10847
1.10161
1.09533
1.09157
1.08971
1.0877
1.08464
1.0821
1.0831
1.08988
1.10264
1.1198
1.1388
1.15679
1.1711
1.17945
1.18022
1.17253
1.15644
1.13328
1.10595
1.07834
1.054
1.03499
1.02215
1.01565
1.01506
1.01945
1.02802
1.04045
1.05655
1.0754
1.09511
1.11338
1.12847
1.13944
1.14608
1.14853
1.14702
1.14193
1.13389
1.12392
1.11328
1.10312
1.09426
1.08727
1.08266
1.08095
1.08194
1.0843
1.08603
1.08596
1.08474
1.08443
1.08684
1.09198
1.09798
1.10229
1.10304
1.09956
1.09198
1.08037
1.0641
1.04236
1.01554
0.986406
0.959905
0.94162
0.9357
0.943443
0.963344
0.992051
1.02541
1.0594
1.09082
1.11764
1.13879
1.1537
1.16191
1.16299
1.15675
1.14363
1.125
1.10326
1.08148
1.06274
1.04933
1.04261
1.04309
1.05045
1.06329
1.07941
1.09673
1.11395
1.13046
1.14581
1.15933
1.17005
1.177
1.1794
1.17668
1.16848
1.15461
1.13556
1.11321
1.09127
1.07445
1.06594
1.06548
1.06983
1.07523
1.07919
1.08085
1.08019
1.07733
1.07221
1.06496
1.05637
1.04823
1.043
1.04325
1.05074
1.06579
1.08703
1.11182
1.13694
1.15937
1.17662
1.18705
1.18998
1.18565
1.17509
1.16006
1.1429
1.12629
1.11261
1.10315
1.09775
1.09513
1.09364
1.09196
1.0893
1.08527
1.07959
1.07199
1.06249
1.05164
1.04056
1.03044
1.02189
1.01461
1.00754
0.999665
0.990914
0.982796
0.978115
0.979679
0.988784
1.00448
1.02403
1.04404
1.06164
1.0752
1.08439
1.08972
1.09177
1.09066
1.08617
1.07824
1.06754
1.05546
1.04374
1.03391
1.02694
1.02337
1.02367
1.02863
1.03912
1.05549
1.07704
1.102
1.12786
1.15187
1.17151
1.1848
1.19051
1.18807
1.17748
1.15921
1.13421
1.10419
1.07205
1.04202
1.01887
1.0059
1.00307
1.00713
1.01358
1.01858
1.01974
1.01629
1.00896
0.999943
0.992625
0.990204
0.993594
1.00065
1.00781
1.01238
1.01353
1.0119
1.00879
1.00555
1.00341
1.00349
1.00674
1.01383
1.0249
1.03957
1.05698
1.07592
1.09512
1.11354
1.13038
1.14505
1.15696
1.16545
1.16976
1.16934
1.1643
1.15564
1.14499
1.13375
1.12232
1.11064
1.09932
1.09011
1.08491
1.0844
1.08758
1.09239
1.09677
1.09947
1.10005
1.09865
1.09543
1.09019
1.08219
1.07045
1.05437
1.03439
1.0125
0.99194
0.976168
0.96753
0.966647
0.972898
0.985335
1.00325
1.02597
1.05212
1.0793
1.10459
1.12563
1.14135
1.15213
1.15921
1.16394
1.16715
1.16894
1.16892
1.16674
1.16231
1.15572
1.14689
1.1355
1.12123
1.10413
1.08491
1.06485
1.04557
1.02863
1.01532
1.00667
1.00341
1.00578
1.0133
1.02459
1.03762
1.05027
1.06083
1.06835
1.07261
1.07413
1.07381
1.07265
1.07142
1.07067
1.07093
1.07267
1.0764
1.0826
1.09162
1.10346
1.11717
1.13076
1.14202
1.14972
1.15405
1.15608
1.1569
1.15682
1.1552
1.15064
1.14147
1.12633
1.1048
1.07781
1.04779
1.01837
0.993589
0.977128
0.971378
0.976786
0.991758
1.01341
1.03854
1.06431
1.08846
1.1093
1.12596
1.13869
1.14871
1.15763
1.16648
1.17512
1.18229
1.18652
1.18695
1.18383
1.17824
1.1715
1.16442
1.15713
1.14923
1.14032
1.13032
1.11947
1.1083
1.09767
1.08866
1.08223
1.07887
1.07874
1.08206
1.08893
1.09872
1.10971
1.11991
1.12813
1.13422
1.1387
1.14221
1.14513
1.1476
1.14958
1.15091
1.15124
1.15017
1.14742
1.14311
1.13799
1.1333
1.13035
1.12972
1.13104
1.13324
1.13541
1.13724
1.13898
1.14102
1.14354
1.14637
1.14918
1.15155
1.15289
1.15235
1.14898
1.14191
1.13063
1.11537
1.09738
1.07925
1.06441
1.05588
1.05472
1.05982
1.06903
1.08034
1.09211
1.10299
1.1119
1.11812
1.12144
1.12202
1.12017
1.11624
1.11067
1.10429
1.09842
1.09444
1.09304
1.0937
1.0948
1.09433
1.09086
1.08412
1.07528
1.06648
1.05971
1.05598
1.05505
1.05591
1.05739
1.05888
1.06069
1.06398
1.07001
1.07897
1.08967
1.10014
1.10881
1.11504
1.11896
1.12092
1.12114
1.11982
1.1174
1.11444
1.11139
1.10827
1.10488
1.10111
1.09724
1.09394
1.09201
1.09205
1.09435
1.09863
1.10408
1.10951
1.11352
1.11497
1.11312
1.10774
1.09906
1.0878
1.07533
1.06366
1.05518
1.05198
1.05508
1.06375
1.07571
1.08789
1.09753
1.10294
1.10386
1.1014
1.09772
1.09541
1.09665
1.10226
1.1114
1.12191
1.1313
1.13773
1.1404
1.13953
1.1359
1.13047
1.12417
1.11776
1.11196
1.10744
1.1049
1.10486
1.10751
1.11249
1.11903
1.12605
1.13232
1.1365
1.1373
1.13366
1.12508
1.11182
1.09513
1.0769
1.05945
1.04503
1.03567
1.03279
1.03689
1.04726
1.06194
1.07809
1.09278
1.10376
1.10994
1.11149
1.10943
1.10527
1.10065
1.09717
1.09609
1.09811
1.10315
1.11038
1.11857
1.12636
1.13266
1.13681
1.13869
1.1386
1.13717
1.13491
1.13209
1.1286
1.12413
1.1185
1.11182
1.10457
1.09746
1.09108
1.08561
1.08088
1.0767
1.07321
1.07094
1.07059
1.07263
1.07699
1.08283
1.08865
1.0928
1.09406
1.09224
1.08841
1.08453
1.08261
1.08381
1.08804
1.09437
1.10142
1.10781
1.11224
1.11354
1.11081
1.10351
1.09156
1.07548
1.05674
1.03831
1.02447
1.01932
1.02412
1.03593
1.0489
1.05762
1.05999
1.05789
1.05542
1.0561
1.06105
1.06908
1.07801
1.08585
1.09149
1.09478
1.09623
1.09647
1.09607
1.09541
1.09466
1.0939
1.09327
1.09305
1.09348
1.09453
1.09586
1.09686
1.09699
1.09583
1.09322
1.08936
1.08486
1.08064
1.07772
1.07665
1.07711
1.07767
1.07642
1.07186
1.06369
1.05308
1.04237
1.03409
1.0299
1.03
1.03294
1.03628
1.03798
1.03789
1.03784
1.04043
1.04753
1.05934
1.07421
1.08928
1.10144
1.10839
1.10935
1.10548
1.0996
1.09499
1.09378
1.09598
1.1
1.10409
1.10734
1.10993
1.11249
1.11545
1.11849
1.12083
1.12174
1.12123
1.11999
1.11893
1.1186
1.11893
1.11926
1.11869
1.11643
1.11211
1.10591
1.09864
1.09163
1.08653
1.08473
1.08684
1.09245
1.10014
1.10792
1.11362
1.11573
1.11386
1.10886
1.10238
1.09618
1.09164
1.08956
1.09013
1.09302
1.09748
1.10229
1.10596
1.10699
1.10415
1.09666
1.08446
1.06899
1.05458
1.04836
1.05624
1.07749
1.10512
1.13139
1.15153
1.16376
1.16802
1.16524
1.15693
1.14488
1.13097
1.11697
1.10439
1.09434
1.08725
1.08266
1.07942
1.07622
1.07223
1.06738
1.06226
1.05765
1.05408
1.05148
1.04923
1.04648
1.04262
1.03757
1.03179
1.02605
1.02129
1.01872
1.01986
1.02569
1.03546
1.04609
1.05342
1.05438
1.04861
1.03842
1.02758
1.01948
1.01565
1.01568
1.01817
1.02165
1.02504
1.02775
1.0296
1.03076
1.03168
1.0329
1.03493
1.03806
1.04237
1.04762
1.05338
1.05896
1.06356
1.06638
1.06687
1.06479
1.06026
1.05356
1.04522
1.0361
1.0274
1.02058
1.01707
1.01778
1.02237
1.02881
1.03381
1.03396
1.02725
1.01384
0.995992
0.977157
0.960881
0.949766
0.944965
0.946225
0.952342
0.961716
0.972929
0.984993
0.997313
1.00945
1.02106
1.03195
1.0421
1.05155
1.06019
1.06766
1.07368
1.07822
1.08128
1.08241
1.08079
1.07601
1.06891
1.0615
1.0562
1.05492
1.05849
1.06643
1.07705
1.08801
1.09691
1.10203
1.10291
1.10058
1.09723
1.09517
1.09549
1.09771
1.10046
1.10266
1.10421
1.1061
1.10974
1.11598
1.12439
1.13351
1.14173
1.14797
1.1518
1.1531
1.15172
1.14752
1.14051
1.1311
1.12024
1.1095
1.10115
1.09766
1.10057
1.10949
1.1221
1.13526
1.14627
1.15367
1.15726
1.15791
1.15703
1.15592
1.15523
1.15475
1.15371
1.15119
1.14653
1.13944
1.13009
1.11913
1.10759
1.09664
1.08712
1.0792
1.07242
1.06617
1.06003
1.05396
1.04813
1.04274
1.03784
1.03353
1.03003
1.02783
1.02758
1.0299
1.03515
1.04348
1.05486
1.06924
1.08632
1.10516
1.1241
1.14098
1.15383
1.16137
1.16332
1.16057
1.15484
1.14822
1.14238
1.13808
1.13516
1.13296
1.13098
1.12905
1.12707
1.12462
1.12083
1.11481
1.10633
1.09625
1.08654
1.07963
1.07754
1.08097
1.08912
1.10023
1.11249
1.12476
1.13668
1.14839
1.15999
1.17117
1.18112
1.18877
1.19323
1.19405
1.19125
1.18557
1.17861
1.17262
1.16968
1.17058
1.17433
1.17863
1.18104
1.17995
1.17497
1.16676
1.15644
