1.10171
1.10363
1.10513
1.10607
1.10678
1.10824
1.11211
1.1203
1.13406
1.15307
1.17533
1.19781
1.21724
1.23077
1.23649
1.23397
1.22447
1.21065
1.19578
1.18255
1.1721
1.16404
1.15711
1.15018
1.14285
1.13522
1.12766
1.12059
1.11436
1.10903
1.1042
1.09904
1.0928
1.0854
1.07744
1.06996
1.06391
1.05981
1.05781
1.05811
1.061
1.06633
1.07303
1.07927
1.08373
1.08661
1.08966
1.0949
1.10307
1.11334
1.12397
1.13329
1.14017
1.14406
1.1449
1.14304
1.13915
1.13393
1.12791
1.12128
1.11396
1.10595
1.09759
1.08988
1.08426
1.0821
1.08399
1.0893
1.09633
1.10299
1.10745
1.10869
1.1067
1.10245
1.09766
1.0943
1.09391
1.09696
1.10266
1.10923
1.11465
1.11721
1.11578
1.10989
1.09973
1.08624
1.07106
1.05631
1.04429
1.03763
1.03884
1.0486
1.06435
1.08152
1.09632
1.10733
1.11493
1.11967
1.12125
1.11883
1.11214
1.10202
1.09011
1.07822
1.06791
1.06028
1.05613
1.056
1.06007
1.06795
1.07868
1.09084
1.10277
1.11295
1.12004
1.12288
1.12045
1.11212
1.09819
1.08012
1.0601
1.04006
1.02087
1.00243
0.984514
0.967543
0.952691
0.941441
0.935353
0.936286
0.946216
0.965994
0.994055
1.02662
1.05919
1.08801
1.11061
1.12589
1.13395
1.1359
1.13367
1.12959
1.12576
1.12353
1.12325
1.12428
1.12534
1.12496
1.12208
1.11624
1.10786
1.09803
1.08818
1.0796
1.07307
1.06883
1.06668
1.06624
1.06703
1.06849
1.06995
1.07065
1.06999
1.06788
1.06513
1.06347
1.06494
1.07093
1.08122
1.09392
1.10619
1.11539
1.12004
1.12019
1.11738
1.11398
1.11223
1.11328
1.11692
1.12205
1.12714
1.13078
1.13231
1.1321
1.13165
1.13305
1.13801
1.14678
1.15769
1.16803
1.17532
1.17834
1.17742
1.17398
1.16997
1.16713
1.16673
1.16959
1.17615
1.18635
1.19943
1.21379
1.22728
1.23751
1.2424
1.24043
1.23083
1.21382
1.19085
1.1647
1.13913
1.11814
1.10463
1.09941
1.10103
1.10676
1.11386
1.12069
1.12676
1.1322
1.13686
1.13987
1.1398
1.13522
1.12544
1.11105
1.09411
1.07781
1.0657
1.06079
1.06436
1.07538
1.09074
1.10649
1.11932
1.12758
1.13135
1.13202
1.13165
1.13219
1.13502
1.14062
1.14842
1.15694
1.16447
1.16989
1.17307
1.17421
1.17309
1.1687
1.15961
1.14458
1.12321
1.09694
1.06982
1.04805
1.03662
1.03576
1.04161
1.04997
1.05844
1.06612
1.0727
1.07793
1.08154
1.08368
1.08531
1.08816
1.09415
1.10415
1.11717
1.13058
1.141
1.14534
1.14144
1.12888
1.1094
1.08691
1.06601
1.04985
1.03886
1.03159
1.0265
1.02289
1.02099
1.02141
1.0247
1.03109
1.04048
1.05248
1.06604
1.07926
1.08985
1.09589
1.09638
1.09149
1.08242
1.07116
1.06007
1.05113
1.04535
1.04263
1.0424
1.04447
1.04947
1.05829
1.07088
1.08555
1.09985
1.11197
1.12137
1.1282
1.13266
1.13451
1.1333
1.12866
1.12067
1.11019
1.0989
1.08891
1.08206
1.07897
1.07889
1.08026
1.08167
1.08217
1.08126
1.07896
1.0759
1.07308
1.07145
1.07162
1.07375
1.07767
1.08292
1.08876
1.0944
1.09928
1.1035
1.10782
1.11336
1.12104
1.13111
1.14265
1.15354
1.16116
1.1634
1.15921
1.14881
1.13337
1.11495
1.09645
1.08141
1.07314
1.07278
1.07836
1.08603
1.09233
1.09564
1.09626
1.0958
1.09624
1.09911
1.10466
1.11157
1.1172
1.11847
1.11302
1.10023
1.08197
1.06269
1.04822
1.04339
1.04962
1.06464
1.08441
1.10505
1.12367
1.1384
1.14823
1.15298
1.15326
1.15057
1.14703
1.14487
1.14565
1.14976
1.15645
1.1646
1.17335
1.18244
1.19191
1.20168
1.21119
1.21943
1.2252
1.22745
1.22551
1.21924
1.20898
1.19551
1.17998
1.16372
1.14803
1.13399
1.12238
1.11391
1.10962
1.11097
1.11906
1.13306
1.14963
1.16426
1.17397
1.17837
1.17924
1.17908
1.17986
1.18211
1.18454
1.18452
1.17905
1.16634
1.14772
1.1287
1.11715
1.11824
1.13078
1.14919
1.16778
1.18321
1.1942
1.2005
1.20203
1.19873
1.19052
1.17743
1.15987
1.13893
1.11654
1.09509
1.07678
1.06277
1.05286
1.04579
1.04
1.03459
1.03007
1.02825
1.03123
1.04014
1.05451
1.07269
1.0924
1.11109
1.12641
1.13671
1.14141
1.14111
1.13726
1.13159
1.12565
1.12052
1.11669
1.11395
1.11145
1.10782
1.10149
1.09108
1.07588
1.05609
1.03298
1.00874
0.986215
0.968545
0.958586
0.958148
0.967211
0.983875
1.00514
1.0281
1.05055
1.07109
1.08869
1.10246
1.11158
1.11546
1.11383
1.10679
1.09479
1.07876
1.06036
1.04234
1.02832
1.02188
1.02503
1.03741
1.05647
1.07849
1.09973
1.11737
1.13007
1.13787
1.14152
1.14174
1.13887
1.13314
1.12497
1.11521
1.10487
1.09491
1.08605
1.07891
1.07408
1.07189
1.07225
1.07445
1.07744
1.08011
1.08162
1.08157
1.08004
1.07759
1.07513
1.07356
1.07326
1.07376
1.07389
1.07238
1.06853
1.06244
1.05476
1.04636
1.03802
1.03048
1.02448
1.02077
1.02011
1.02295
1.02921
1.03812
1.04858
1.05951
1.0702
1.0804
1.09026
1.10013
1.11019
1.12012
1.12892
1.13499
1.1365
1.132
1.12095
1.10412
1.08388
1.06404
1.04913
1.04279
1.04633
1.05851
1.07632
1.09621
1.11474
1.12921
1.138
1.1407
1.13787
1.13062
1.12008
1.10727
1.09308
1.07846
1.0645
1.05216
1.04217
1.03498
1.03093
1.03018
1.03246
1.03648
1.04022
1.04174
1.04017
1.03584
1.02989
1.0236
1.01809
1.01445
1.01391
1.01776
1.02675
1.04069
1.05839
1.07798
1.09745
1.11503
1.12947
1.14016
1.14707
1.15068
1.1519
1.15189
1.15177
1.15235
1.15397
1.15643
1.15913
1.16127
1.16207
1.16107
1.15845
1.1549
1.15105
1.14669
1.14096
1.13346
1.12506
1.11733
1.11131
1.1067
1.10248
1.09797
1.0934
1.08954
1.08676
1.08464
1.08215
1.07834
1.07306
1.06699
1.06123
1.05667
1.05351
1.05122
1.04912
1.04709
1.04595
1.04697
1.05088
1.05712
1.0643
1.07121
1.07755
1.08384
1.09067
1.09807
1.10539
1.11168
1.11608
1.11801
1.11696
1.11238
1.10378
1.0911
1.07503
1.05722
1.03984
1.02484
1.01326
1.00537
1.00135
1.0018
1.00766
1.01951
1.03658
1.05628
1.07509
1.09008
1.0999
1.10488
1.10632
1.10571
1.10399
1.10121
1.09676
1.09005
1.08162
1.07386
1.07012
1.07241
1.07968
1.08894
1.09755
1.10426
1.10886
1.11156
1.11262
1.11241
1.11142
1.11036
1.10989
1.11024
1.11114
1.11198
1.11219
1.11163
1.1106
1.10946
1.10817
1.10624
1.10299
1.09817
1.09218
1.08581
1.07973
1.07418
1.06889
1.06344
1.05749
1.05097
1.04427
1.03814
1.03352
1.03114
1.03125
1.03357
1.0375
1.04235
1.04763
1.05317
1.05918
1.06607
1.07423
1.08401
1.09549
1.10813
1.12059
1.13137
1.13969
1.14572
1.14987
1.15215
1.15206
1.14903
1.14268
1.13305
1.12053
1.10592
1.09044
1.07559
1.0629
1.05342
1.04721
1.0433
1.04004
1.03585
1.02994
1.02256
1.01486
1.00817
1.00338
1.00064
0.99968
1.00009
1.00151
1.00364
1.00633
1.00961
1.01363
1.01859
1.02448
1.031
1.0376
1.04386
1.04985
1.05622
1.06358
1.07209
1.08145
1.09126
1.10114
1.11055
1.11854
1.12398
1.12619
1.12565
1.12427
1.12471
1.12892
1.1371
1.14764
1.15788
1.1651
1.16719
1.16299
1.15237
1.13608
1.1158
1.09401
1.07386
1.05862
1.05067
1.05041
1.05583
1.06348
1.07001
1.07342
1.07333
1.07066
1.067
1.06383
1.06189
1.06095
1.06012
1.0585
1.05556
1.0514
1.04664
1.04238
1.03995
1.04065
1.04522
1.05332
1.06331
1.07272
1.07915
1.08137
1.07961
1.07538
1.07054
1.06636
1.06318
1.06078
1.05897
1.05765
1.05667
1.05562
1.05386
1.05074
1.04591
1.03961
1.0329
1.02737
1.02462
1.02538
1.02909
1.03406
1.03826
1.04002
1.03866
1.03466
1.02944
1.02482
1.02235
1.02279
1.02596
1.03073
1.03539
1.03832
1.03889
1.03782
1.03701
1.03869
1.04437
1.05422
1.06698
1.08055
1.0928
1.10231
1.10873
1.11275
1.11556
1.11813
1.12084
1.12351
1.12582
1.12756
1.12851
1.12836
1.12681
1.12372
1.11927
1.11404
1.10876
1.1041
1.10031
1.09732
1.09488
1.09284
1.09131
1.09062
1.09121
1.09346
1.09752
1.10313
1.10972
1.1166
1.12345
1.13053
1.13859
1.14832
1.15974
1.17184
1.18269
1.18995
1.19139
1.18532
1.17093
1.14858
1.12031
1.09008
1.06331
1.04541
1.03993
1.04743
1.06567
1.09064
1.11786
1.14334
1.16421
1.17897
1.18724
1.18929
1.18528
1.17493
1.15792
1.13472
1.10705
1.07786
1.05071
1.02908
1.01566
1.01175
1.01686
1.02871
1.04407
1.06006
1.07519
1.08937
1.10295
1.11565
1.12634
1.13361
1.1367
1.1358
1.13182
1.12579
1.11831
1.10925
1.0977
1.08251
1.06311
1.04054
1.01773
0.998583
0.985841
0.9797
0.97844
0.980034
0.983223
0.987694
0.993579
1.00091
1.00929
1.01797
1.0262
1.03361
1.04044
1.04738
1.05532
1.06494
1.0764
1.08915
1.10198
1.11326
1.12126
1.12473
1.1236
1.11954
1.11546
1.11376
1.11454
1.11561
1.11414
1.10805
1.09654
1.08008
1.0604
1.04057
1.02468
1.01648
1.01753
1.02604
1.03781
1.04834
1.05422
1.05367
1.04653
1.0342
1.01941
1.00572
0.996456
0.993651
0.997793
1.00832
1.02425
1.0445
1.06809
1.09404
