1.11753
1.13886
1.16148
1.18337
1.20238
1.21658
1.22455
1.22553
1.21942
1.20675
1.18861
1.16665
1.14304
1.12024
1.10047
1.08498
1.07385
1.06656
1.06296
1.06357
1.06888
1.07848
1.09061
1.1028
1.11281
1.11915
1.12102
1.11777
1.10879
1.09378
1.0735
1.05024
1.02738
1.00844
0.995781
0.989904
0.989591
0.992607
0.996688
1.00039
1.00369
1.00801
1.0154
1.02723
1.04342
1.06235
1.08164
1.09903
1.1129
1.12247
1.12776
1.12934
1.12801
1.12455
1.1196
1.11372
1.1075
1.10158
1.09667
1.09343
1.09247
1.09442
1.09965
1.10779
1.11751
1.12685
1.1339
1.13748
1.13738
1.13419
1.12887
1.12243
1.11569
1.10932
1.10376
1.09898
1.09442
1.08945
1.08384
1.07777
1.07138
1.0646
1.05746
1.05041
1.04444
1.04074
1.04017
1.04304
1.04905
1.05767
1.06828
1.08025
1.09275
1.10468
1.11473
1.12151
1.12383
1.12094
1.11294
1.10129
1.08883
1.07907
1.07459
1.07578
1.08083
1.087
1.09214
1.09565
1.09856
1.10271
1.10957
1.11941
1.13132
1.14365
1.15464
1.163
1.16847
1.17203
1.17534
1.17944
1.18377
1.18644
1.18543
1.1794
1.16804
1.15227
1.13403
1.11543
1.0978
1.08155
1.06684
1.05436
1.04583
1.04371
1.04965
1.06258
1.07883
1.0944
1.10699
1.11641
1.12379
1.13063
1.13798
1.14595
1.15364
1.15954
1.16209
1.16018
1.15328
1.14158
1.12595
1.10797
1.09003
1.07499
1.06554
1.06314
1.06741
1.0763
1.08697
1.09662
1.10312
1.10536
1.10347
1.09891
1.09427
1.09258
1.09629
1.10634
1.12192
1.14099
1.16115
1.18027
1.19659
1.20874
1.21556
1.21601
1.20935
1.19543
1.17544
1.15256
1.13141
1.11561
1.10521
1.09728
1.08891
1.07912
1.06902
1.06113
1.05866
1.06433
1.07889
1.10054
1.12557
1.14987
1.17016
1.18455
1.19238
1.19381
1.18945
1.17997
1.16618
1.14925
1.13132
1.11558
1.10554
1.10327
1.10849
1.11924
1.13319
1.14846
1.16361
1.17738
1.18852
1.19589
1.19865
1.19635
1.18912
1.17774
1.16382
1.14952
1.13677
1.12637
1.11806
1.11118
1.10485
1.0977
1.08834
1.07657
1.0639
1.0527
1.04492
1.0411
1.04036
1.04123
1.04276
1.04496
1.04858
1.05446
1.06311
1.07491
1.09012
1.10862
1.12952
1.15121
1.17174
1.18931
1.20264
1.2111
1.21468
1.21393
1.2099
1.2039
1.19712
1.1901
1.18252
1.17355
1.16246
1.14914
1.13403
1.1179
1.10166
1.08634
1.07326
1.06379
1.05877
1.05793
1.05963
1.06157
1.06185
1.0599
1.05637
1.05253
1.04989
1.04981
1.05263
1.05738
1.06253
1.06729
1.07184
1.07676
1.08232
1.08831
1.09429
1.09989
1.10465
1.10788
1.10871
1.10653
1.10159
1.09526
1.08977
1.08718
1.08822
1.09215
1.09721
1.10147
1.10322
1.10117
1.09457
1.08343
1.06865
1.05198
1.0358
1.02261
1.01444
1.01216
1.01525
1.02191
1.02968
1.03644
1.04115
1.04418
1.04688
1.05084
1.05722
1.06615
1.07656
1.08657
1.09448
1.09945
1.10155
1.1012
1.09875
1.09436
1.08819
1.08064
1.07214
1.06265
1.05138
1.0377
1.0224
1.00818
0.998671
0.996518
1.00197
1.01315
1.02759
1.04352
1.05994
1.07599
1.09032
1.101
1.1061
1.10448
1.09614
1.08208
1.06381
1.04281
1.02045
0.998014
0.977022
0.959098
0.945672
0.937733
0.93576
0.939533
0.947943
0.959237
0.971699
0.984267
0.996646
1.00901
1.02165
1.03464
1.04755
1.05932
1.06848
1.07353
1.07332
1.06727
1.05542
1.03879
1.01963
1.0015
0.988469
0.984023
0.990023
1.00585
1.02809
1.05184
1.07302
1.08985
1.10258
1.11248
1.12052
1.12689
1.13113
1.13296
1.13281
1.13159
1.1298
1.12737
1.12442
1.12196
1.12175
1.1252
1.13219
1.1408
1.14811
1.15142
1.14913
1.1411
1.12846
1.11309
1.09721
1.08299
1.07228
1.06631
1.06548
1.06923
1.07623
1.08453
1.09186
1.09611
1.09609
1.09213
1.08583
1.0792
1.07368
1.06968
1.067
1.06559
1.06596
1.06875
1.07393
1.08034
1.08598
1.08897
1.08856
1.08552
1.08174
1.07906
1.07824
1.0789
1.08033
1.08246
1.08591
1.09133
1.09869
1.107
1.11459
1.11958
1.12033
1.11568
1.10512
1.08876
1.06741
1.04276
1.01743
0.994966
0.979304
0.973531
0.978548
0.992524
1.01177
1.0325
1.05229
1.07043
1.08729
1.10342
1.11892
1.13327
1.14547
1.1541
1.15756
1.15432
1.14353
1.12598
1.10495
1.08578
1.07346
1.06997
1.07384
1.0821
1.09188
1.10089
1.10739
1.11028
1.10913
1.1044
1.09748
1.09064
1.08654
1.08729
1.09357
1.10437
1.11747
1.13026
1.14033
1.14573
1.1451
1.13775
1.12392
1.10502
1.08365
1.06342
1.04808
1.04015
1.04005
1.04647
1.0573
1.0704
1.08386
1.09607
1.10586
1.11256
1.11593
1.11601
1.11299
1.10729
1.09943
1.09005
1.07999
1.0706
1.06388
1.06191
1.06559
1.07371
1.08338
1.09166
1.09714
1.10036
1.10318
1.10753
1.11445
1.12378
1.13451
1.14539
1.15563
1.16513
1.17394
1.18171
1.18733
1.18923
1.18577
1.17556
1.15787
1.13311
1.10351
1.07304
1.0461
1.02569
1.01261
1.00644
1.00662
1.01262
1.0235
1.03771
1.05328
1.06821
1.08059
1.08843
1.08968
1.08274
1.0677
1.04755
1.0281
1.01556
1.01293
1.01842
1.02743
1.03591
1.04228
1.04741
1.05328
1.06134
1.07164
1.08278
1.09268
1.09953
1.10226
1.10066
1.0953
1.08756
1.07953
1.07356
1.07126
1.07281
1.07683
1.08122
1.08404
1.08402
1.08053
1.07356
1.06367
1.05189
1.03952
1.0277
1.01718
1.0083
1.00126
0.996605
0.995213
0.998017
1.00526
1.01599
1.02802
1.03858
1.04517
1.0463
1.04202
1.03405
1.02548
1.02019
1.02155
1.0309
1.04655
1.06434
1.07956
1.08879
1.09082
1.08655
1.07832
1.06901
1.06099
1.05551
1.05256
1.05129
1.05066
1.04993
1.04884
1.04748
1.04597
1.04437
1.04274
1.04127
1.0401
1.03916
1.03806
1.03612
1.03251
1.02659
1.01817
1.00788
0.997328
0.989056
0.986114
0.991048
1.00466
1.02541
1.05013
1.07536
1.09827
1.11682
1.1297
1.13645
1.13764
1.13475
1.12948
1.12303
1.11572
1.10723
1.0972
1.08579
1.07374
1.06219
1.0522
1.04443
1.03892
1.03527
1.03303
1.03202
1.03244
1.03465
1.03898
1.04588
1.056
1.07006
1.08846
1.11066
1.13511
1.15955
1.1817
1.19975
1.2124
1.21859
1.2173
1.2078
1.19018
1.16568
1.13679
1.10687
1.07954
1.05781
1.04337
1.03642
1.03579
1.03963
1.04634
1.05517
1.06592
1.07792
1.08955
1.09882
1.10401
1.10391
1.09785
1.08597
1.07016
1.05446
1.04377
1.04084
1.04559
1.05711
1.07413
1.09348
1.11043
1.12125
1.12485
1.12271
1.11759
1.11204
1.10731
1.1035
1.10043
1.09813
1.09664
1.09585
1.09535
1.09452
1.09276
1.08977
1.08581
1.0815
1.07767
1.07488
1.07326
1.07249
1.07196
1.07104
1.06942
1.0673
1.06557
1.06575
1.06978
1.07942
1.09532
1.11638
1.1399
1.16238
1.18055
1.19202
1.19543
1.19049
1.17784
1.15897
1.13622
1.11255
1.09112
1.07453
1.0639
1.05859
1.05658
1.05533
1.05278
1.04795
1.04101
1.03292
1.02511
1.01906
1.01612
1.01732
1.02325
1.03377
1.04805
1.06471
1.08197
1.09791
1.11075
1.11897
1.12151
1.11777
1.10781
1.09276
1.07521
1.05898
1.04791
1.04428
1.04818
1.0578
1.07031
1.08246
1.09117
1.09408
1.08993
1.07873
1.06185
1.04184
1.02211
1.0063
0.997524
0.997633
1.00683
1.02373
1.0458
1.06988
1.09275
1.11166
1.12459
1.13053
1.12947
1.12236
1.11087
1.09712
1.08331
1.07141
1.06265
1.05733
1.05494
1.05448
1.05498
1.05571
1.05608
1.05557
1.05371
1.0503
1.04565
1.04058
1.03606
1.03281
1.03097
1.03014
1.02964
1.02882
1.0273
1.02506
1.02256
1.02067
1.02056
1.02329
1.02951
1.03914
1.05127
1.06466
1.07828
1.09189
1.10586
1.12069
1.13659
1.15274
1.16643
1.17395
1.17298
1.16426
1.1514
1.13948
1.13316
1.13514
1.14549
1.162
1.18121
1.19944
1.2137
1.22242
1.22574
1.22524
1.22312
1.22116
1.22002
1.2191
1.21694
1.21174
1.20204
1.18724
1.1678
1.14526
1.12182
1.10001
1.08225
1.07029
1.06452
1.06346
1.06421
1.06359
1.05925
1.05041
1.03798
1.02412
1.01132
1.00134
0.994791
0.991595
0.991824
0.996147
1.00543
1.0198
1.03789
1.05684
1.07312
1.08378
1.08721
1.08347
1.07392
1.0607
1.0463
1.03325
1.02377
1.01936
1.02033
1.02557
1.0327
1.0389
1.04204
1.0415
1.03824
1.03429
1.03191
1.03274
1.03729
1.04506
1.05522
1.06709
1.08009
1.09328
1.10531
1.11491
1.1216
1.12567
1.12772
1.12827
1.12761
1.12603
1.12382
1.12132
1.11868
1.11563
1.11145
1.10524
1.09665
1.08629
1.07563
1.06649
1.06032
1.05793
1.05938
1.06403
1.07062
1.0776
1.08344
1.08709
1.08847
1.08865
1.08939
1.09204
1.09674
1.10262
1.10856
1.1138
1.11806
1.12121
1.12307
1.12368
1.12344
1.12264
1.12038
1.11445
1.10277
1.08553
1.06632
1.0514
1.04703
1.05607
1.07653
1.10314
1.1302
1.15345
1.17054
1.18055
1.18345
1.17979
1.17069
1.15782
1.14322
1.12876
1.11538
1.1026
1.08865
1.07183
1.05211
1.03167
1.01414
1.00279
0.999161
1.00264
1.0112
1.02269
1.03581
1.05019
1.06566
1.08136
1.09548
1.10595
1.11143
1.1118
1.10826
1.10276
1.09741
1.09376
1.0924
1.09301
