1.09914
1.09618
1.09103
1.08348
1.07324
1.05997
1.04319
1.0224
0.997043
0.966642
0.930892
0.889808
0.843864
0.794144
0.742394
0.690966
0.64253
0.599708
0.56458
0.538377
0.521366
0.512941
0.511868
0.516545
0.52525
0.536335
0.548338
0.560072
0.570672
0.579604
0.586644
0.591858
0.595501
0.597944
0.599546
0.600582
0.601153
0.601209
0.600533
0.598805
0.595698
0.590965
0.584536
0.576543
0.567354
0.557528
0.547725
0.538599
0.530745
0.524621
0.520552
0.51871
0.519085
0.521506
0.525646
0.531057
0.537216
0.543561
0.549545
0.554674
0.558569
0.561025
0.562043
0.561801
0.560607
0.558863
0.556967
0.555281
0.554101
0.553686
0.554257
0.555957
0.558802
0.562618
0.567063
0.571718
0.57615
0.580055
0.583276
0.585809
0.587787
0.589422
0.590938
0.592527
0.594299
0.59628
0.598399
0.600516
0.602455
0.604011
0.605004
0.605281
0.604758
0.603444
0.601457
0.599031
0.596471
0.594092
0.59216
0.590831
0.590123
0.589876
0.589837
0.589696
0.58916
0.588049
0.586307
0.584012
0.58127
0.578132
0.574517
0.570226
0.565029
0.558781
0.551524
0.543475
0.535053
0.526796
0.519285
0.513051
0.50851
0.505879
0.505144
0.506053
0.508164
0.510965
0.514004
0.516992
0.519814
0.522508
0.525228
0.528159
0.531468
0.535258
0.539531
0.544161
0.548921
0.553553
0.557801
0.561541
0.564811
0.567741
0.570478
0.573062
0.575376
0.577187
0.578255
0.578425
0.577661
0.576048
0.57376
0.571107
0.568489
0.566413
0.565444
0.566139
0.568961
0.574145
0.581582
0.590793
0.600973
0.611146
0.620357
0.627831
0.633091
0.635962
0.636538
0.635074
0.631948
0.627629
0.622592
0.617302
0.612198
0.607634
0.603892
0.601118
0.599357
0.598545
0.598503
0.598967
0.599636
0.600216
0.600484
0.600305
0.599656
0.598596
0.597252
0.595797
0.59447
0.593552
0.593328
0.594055
0.595883
0.59878
0.602497
0.606614
0.610651
0.614177
0.616889
0.618664
0.619526
0.619618
0.619155
0.618385
0.617548
0.616845
0.616422
0.616365
0.616684
0.617299
0.618071
0.618816
0.619347
0.619501
0.619165
0.618289
0.616884
0.615024
0.612839
0.610468
0.60804
0.605622
0.603189
0.600601
0.597627
0.59402
0.589616
0.584457
0.57889
0.573547
0.569156
0.566262
0.565003
0.565112
0.566108
0.567578
0.569335
0.571473
0.574336
0.578354
0.583884
0.59107
0.599726
0.609325
0.619082
0.628116
0.6356
0.640903
0.643667
0.643794
0.641428
0.636924
0.630784
0.623615
0.616061
0.608714
0.602023
0.596252
0.591459
0.587586
0.584545
0.5823
0.580919
0.580504
0.581104
0.582607
0.584732
0.587074
0.58922
0.59087
0.591949
0.592649
0.59337
0.594595
0.596778
0.600149
0.604643
0.60989
0.61535
0.620485
0.624893
0.628304
0.630601
0.631753
0.631774
0.630686
0.62851
0.625266
0.621002
0.615779
0.60973
0.603038
0.595968
0.588851
0.582034
0.575826
0.570445
0.566002
0.562485
0.559804
0.557861
0.556605
0.556091
0.55644
0.557802
0.560243
0.563642
0.56766
0.571781
0.57548
0.578405
0.580579
0.582456
0.584786
0.588266
0.593048
0.598466
0.603261
0.6062
0.606646
0.604737
0.601209
0.597078
0.593358
0.590829
0.58992
0.590695
0.592914
0.596102
0.599619
0.602783
0.605001
0.605845
0.605128
0.602892
0.599362
0.594921
0.590034
0.585191
0.580846
0.577393
0.575095
0.574081
0.574364
0.575854
0.578401
0.581826
0.585931
0.590494
0.595265
0.59995
0.604253
0.607896
0.610684
0.612534
0.613485
0.61366
0.613258
0.612488
0.611552
0.610652
0.609916
0.609357
0.608885
0.608283
0.607274
0.605588
0.603029
0.599517
0.595107
0.589961
0.584287
0.578253
0.571985
0.565534
0.558889
0.551962
0.544582
0.53654
0.527666
0.517995
0.507927
0.49829
0.490251
0.484999
0.483399
0.485738
0.491704
0.500554
0.511355
0.523176
0.535157
0.546544
0.556681
0.56506
0.571391
0.575633
0.577981
0.578811
0.578569
0.57769
0.576496
0.575166
0.573726
0.572098
0.570144
0.567765
0.564925
0.561724
0.558393
0.555271
0.552743
0.551138
0.550606
0.551038
0.552074
0.553209
0.553981
0.554115
0.553591
0.552674
0.55182
0.551544
0.552258
0.55413
0.55701
0.560512
0.564106
0.5672
0.569265
0.569904
0.568894
0.566184
0.561902
0.556348
0.549963
0.543319
0.537102
0.532071
0.528969
0.528396
0.530632
0.535567
0.542727
0.551381
0.560683
0.569804
0.578047
0.584881
0.589946
0.593037
0.594053
0.592993
0.589921
0.58495
0.578311
0.570371
0.561689
0.553021
0.545229
0.539096
0.535142
0.533501
0.533934
0.535988
0.53915
0.542952
0.547021
0.55112
0.555114
0.558942
0.562604
0.566108
0.569438
0.572549
0.575376
0.577816
0.579786
0.581199
0.581999
0.582199
0.581841
0.580983
0.579658
0.577878
0.575614
0.572814
0.569452
0.565556
0.56124
0.556749
0.552427
0.548659
0.545815
0.544154
0.543749
0.544492
0.546112
0.548233
0.550413
0.552203
0.553167
0.552945
0.551336
0.548381
0.544413
0.540105
0.536333
0.533983
0.533702
0.535712
0.539814
0.545519
0.552217
0.55931
0.566289
0.572744
0.578323
0.582718
0.585652
0.586863
0.586116
0.583264
0.578265
0.571195
0.562266
0.551819
0.54031
0.528318
0.516531
0.505708
0.496606
0.48989
0.486024
0.485229
0.487452
0.492442
0.499796
0.50899
0.519448
0.530545
0.541655
0.552194
0.561682
0.569723
0.576034
0.580447
0.582877
0.583358
0.582018
0.579081
0.574929
0.570062
0.565061
0.560533
0.557049
0.555092
0.554955
0.556711
0.560186
0.564963
0.570478
0.576142
0.581407
0.585869
0.589244
0.591423
0.592452
0.592491
0.591832
0.590839
0.58989
0.589333
0.58942
0.590258
0.591793
0.593833
0.596048
0.598042
0.599404
0.599723
0.598654
0.59593
0.591418
0.585108
0.577128
0.567748
0.55738
0.546567
0.535945
0.526174
0.517825
0.511272
0.506624
0.503748
0.502348
0.502048
0.502471
0.503309
0.504342
0.505433
0.506521
0.507605
0.508735
0.509978
0.511355
0.51285
0.51438
0.515821
0.517039
0.517915
0.518391
0.51848
0.518236
0.517758
0.517136
0.516456
0.515807
0.515333
0.515255
0.515888
0.517584
0.520629
0.525132
0.530976
0.537806
0.54513
0.552433
0.559297
0.565481
0.570938
0.575771
0.580168
0.584318
0.588353
0.592316
0.596146
0.599701
0.602792
0.60528
0.607123
0.608371
0.609082
0.60922
0.608636
0.607086
0.604376
0.600464
0.5955
0.589836
0.583919
0.578217
0.573124
0.568885
0.565641
0.563453
0.562328
0.562239
0.563128
0.56487
0.567271
0.570069
0.57292
0.575451
0.577309
0.578247
0.578183
0.577261
0.57585
0.57449
0.573746
0.574027
0.575412
0.577658
0.58029
0.582749
0.584514
0.585186
0.584473
0.582249
0.578547
0.573622
0.567986
0.562432
0.557927
0.555312
0.554978
0.556605
0.559164
0.561154
0.561027
0.557655
0.550637
0.540491
0.528604
0.51688
0.507147
0.500632
0.497715
0.498102
0.501193
0.506351
0.513007
0.520655
0.528779
0.536773
0.543968
0.54966
0.553257
0.554439
0.553323
0.550478
0.546822
0.543303
0.540573
0.538801
0.53777
0.537116
0.536561
0.535999
0.535466
0.535019
0.53465
0.534205
0.533438
0.532069
0.529881
0.526783
0.522894
0.518527
0.514176
0.510415
0.507788
0.506709
0.507371
0.509707
0.513419
0.518066
0.523204
0.528496
0.533806
0.539184
0.544807
0.550843
0.557345
0.56418
0.571055
0.57758
0.58334
0.587943
0.591094
0.592591
0.592309
0.590236
0.586481
0.581282
0.575036
0.568269
0.561573
0.555558
0.550788
0.547735
0.546745
0.547976
0.551338
0.556518
0.563019
0.570213
0.577433
0.584052
0.589524
0.59343
0.595508
0.595648
0.593885
0.590391
0.585484
0.579655
0.57354
0.56786
0.563293
0.560369
0.559345
0.560111
0.562116
0.564442
0.566001
0.565804
0.563271
0.558384
0.55166
0.544001
0.536456
0.52991
0.524887
0.521492
0.519475
0.518459
0.518129
0.518259
0.518623
0.518858
0.518435
0.516834
0.5138
0.50955
0.504762
0.500417
0.497474
0.496585
0.497842
0.500795
0.504629
0.508422
0.511382
0.513022
0.513209
0.512205
0.5106
0.50919
0.508782
0.510025
0.513305
0.518744
0.526236
0.535553
0.546374
0.558288
0.570814
0.583411
0.595461
0.606343
0.615453
0.622272
0.626428
0.627742
0.626238
0.622159
0.615968
0.608304
0.59993
0.591631
0.584088
0.577762
0.572816
0.569114
0.566298
0.563882
0.56138
0.558418
0.554809
0.550578
0.545939
0.541255
0.536953
0.533428
0.530974
0.529765
0.529814
0.531024
0.533217
0.536202
0.539826
0.543968
0.548599
0.553745
0.559471
0.565837
0.572803
0.580186
0.587612
0.594525
0.60028
0.604326
0.606349
0.606308
0.604408
0.601003
0.596484
0.591216
0.585549
0.579835
0.574428
0.569647
0.56574
0.562839
0.560929
0.55984
0.559265
0.558823
0.558102
0.556756
0.554654
0.552036
0.549603
0.548382
0.549341
0.552895
0.55863
0.565484
0.572238
0.577965
0.582194
0.584834
0.586074
0.58626
0.585805
0.585117
0.584573
0.584422
0.584776
0.585552
0.586507
0.587312
0.587585
0.586971
0.585155
0.58185
0.576825
0.569916
0.561124
0.550689
0.539187
0.527544
0.516958
0.508689
0.503752
0.502663
0.505276
0.510865
0.518344
0.526544
0.534465
0.541442
0.547163
0.551703
0.555408
0.558763
0.56221
0.566003
0.57012
0.574291
0.578121
0.581245
0.583403
0.584492
0.584543
0.583649
0.581929
0.579453
0.576218
0.572153
0.567239
0.561545
0.55533
0.549094
0.543515
0.539327
0.537172
0.53744
0.540189
0.545117
0.55164
0.55899
0.566325
0.572889
0.57807
0.581478
0.582938
0.582517
0.580466
0.577196
0.573229
0.569086
0.565194
0.561784
0.558854
0.556153
0.553264
0.549724
0.545117
0.539238
0.53219
0.524414
0.516611
0.509561
0.503862
0.499793
0.497348
0.496434
0.497039
0.499286
0.503408
0.509636
0.518052
0.528492
0.54047
0.553224
0.565832
0.577415
