-2.4875 3
-2.4625 0
-2.4375 0
-2.4125 4
-2.3875 0
-2.3625 0
-2.3375 1
-2.3125 1
-2.2875 8
-2.2625 1
-2.2375 6
-2.2125 3
-2.1875 0
-2.1625 0
-2.1375 1
-2.1125 3
-2.0875 16
-2.0625 11
-2.0375 12
-2.0125 18
-1.9875 34
-1.9625 26
-1.9375 39
-1.9125 43
-1.8875 61
-1.8625 58
-1.8375 86
-1.8125 82
-1.7875 114
-1.7625 144
-1.7375 180
-1.7125 164
-1.6875 212
-1.6625 264
-1.6375 290
-1.6125 324
-1.5875 330
-1.5625 369
-1.5375 407
-1.5125 437
-1.4875 548
-1.4625 598
-1.4375 638
-1.4125 670
-1.3875 734
-1.3625 788
-1.3375 825
-1.3125 925
-1.2875 967
-1.2625 1059
-1.2375 1023
-1.2125 1236
-1.1875 1212
-1.1625 1170
-1.1375 1219
-1.1125 1406
-1.0875 1222
-1.0625 1359
-1.0375 1243
-1.0125 1375
-0.9875 1246
-0.9625 1427
-0.9375 1407
-0.9125 1319
-0.8875 1395
-0.8625 1246
-0.8375 1245
-0.8125 1221
-0.7875 1179
-0.7625 1033
-0.7375 971
-0.7125 1008
-0.6875 919
-0.6625 834
-0.6375 734
-0.6125 752
-0.5875 723
-0.5625 634
-0.5375 568
-0.5125 535
-0.4875 489
-0.4625 481
-0.4375 451
-0.4125 359
-0.3875 348
-0.3625 303
-0.3375 289
-0.3125 225
-0.2875 213
-0.2625 212
-0.2375 178
-0.2125 155
-0.1875 143
-0.1625 149
-0.1375 110
-0.1125 116
-0.0875 112
-0.0625 110
-0.0375 97
-0.0125 96
0.0125 112
0.0375 89
0.0625 107
0.0875 111
0.1125 124
0.1375 124
0.1625 139
0.1875 116
0.2125 141
0.2375 180
0.2625 206
0.2875 203
0.3125 271
0.3375 308
0.3625 268
0.3875 331
0.4125 375
0.4375 396
0.4625 407
0.4875 479
0.5125 617
0.5375 607
0.5625 642
0.5875 733
0.6125 864
0.6375 799
0.6625 831
0.6875 996
0.7125 1032
0.7375 1057
0.7625 1146
0.7875 1211
0.8125 1227
0.8375 1289
0.8625 1275
0.8875 1331
0.9125 1240
0.9375 1344
0.9625 1555
0.9875 1435
1.0125 1408
1.0375 1388
1.0625 1472
1.0875 1413
1.1125 1326
1.1375 1468
1.1625 1269
1.1875 1180
1.2125 1323
1.2375 1075
1.2625 1080
1.2875 940
1.3125 1009
1.3375 945
1.3625 806
1.3875 748
1.4125 683
1.4375 659
1.4625 588
1.4875 549
1.5125 480
1.5375 461
1.5625 460
1.5875 338
1.6125 305
1.6375 264
1.6625 254
1.6875 222
1.7125 191
1.7375 136
1.7625 145
1.7875 103
1.8125 106
1.8375 82
1.8625 64
1.8875 46
1.9125 42
1.9375 31
1.9625 56
1.9875 34
2.0125 23
2.0375 38
2.0625 16
2.0875 11
2.1125 8
2.1375 3
2.1625 3
2.1875 5
2.2125 8
2.2375 2
2.2625 5
2.2875 1
2.3125 0
2.3375 5
2.3625 0
2.3875 0
2.4125 0
2.4375 1
2.4625 0
2.4875 0
