200 -0.932497 0
400 -0.993394 0.0430602
600 -1.0254 0.0388183
800 -1.04716 0.0346821
1000 -1.03425 0.030053
1200 -1.02056 0.027988
1400 -1.01779 0.0241261
1600 -1.00227 0.0256219
1800 -0.996367 0.0234453
2000 -0.987606 0.0226788
2200 -0.980694 0.0216449
2400 -0.974933 0.0205933
2600 -0.970059 0.0195776
2800 -0.965881 0.0186196
3000 -0.962261 0.0177268
3200 -0.959093 0.0168997
3400 -0.956297 0.0161351
3600 -0.953812 0.0154289
3800 -0.951589 0.0147761
4000 -0.949588 0.0141722
4200 -0.947778 0.0136124
4400 -0.946132 0.0130928
4600 -0.944629 0.0126095
4800 -0.943252 0.0121591
5000 -0.941984 0.0117386
5200 -0.940815 0.0113452
5400 -0.939732 0.0109766
5600 -0.938726 0.0106306
5800 -0.937789 0.0103052
6000 -0.936915 0.00999866
6200 -0.936098 0.00970949
6400 -0.935331 0.00943627
6600 -0.934611 0.00917776
6800 -0.933934 0.00893281
7000 -0.933295 0.00870041
7200 -0.932691 0.00847963
7400 -0.93212 0.00826964
7600 -0.931579 0.00806968
7800 -0.931066 0.00787906
8000 -0.930579 0.00769715
8200 -0.930115 0.00752336
8400 -0.929674 0.00735718
8600 -0.929253 0.00719812
8800 -0.928851 0.00704574
9000 -0.928467 0.00689962
9200 -0.9281 0.0067594
9400 -0.927748 0.00662473
9600 -0.927411 0.00649528
9800 -0.927088 0.00637076
10000 -0.926777 0.0062509
10200 -0.926479 0.00613544
10400 -0.926192 0.00602415
10600 -0.925916 0.0059168
10800 -0.925651 0.00581319
11000 -0.925395 0.00571313
11200 -0.925148 0.00561644
11400 -0.92491 0.00552296
11600 -0.92468 0.00543252
11800 -0.924457 0.00534499
12000 -0.924243 0.00526022
12200 -0.924035 0.00517809
12400 -0.923834 0.00509847
12600 -0.923639 0.00502126
12800 -0.923451 0.00494634
13000 -0.923268 0.00487362
13200 -0.923091 0.004803
13400 -0.922919 0.00473439
13600 -0.922752 0.0046677
13800 -0.92259 0.00460287
14000 -0.922432 0.0045398
14200 -0.922279 0.00447844
14400 -0.922131 0.00441871
14600 -0.921986 0.00436055
14800 -0.921845 0.00430389
15000 -0.921708 0.00424869
15200 -0.921575 0.00419488
15400 -0.921445 0.00414241
15600 -0.921318 0.00409124
15800 -0.921195 0.00404131
16000 -0.921075 0.00399258
16200 -0.920957 0.00394502
16400 -0.920843 0.00389857
16600 -0.920731 0.0038532
16800 -0.920622 0.00380887
17000 -0.920515 0.00376555
17200 -0.920411 0.0037232
17400 -0.92031 0.00368179
17600 -0.92021 0.00364129
17800 -0.920113 0.00360167
18000 -0.920018 0.0035629
18200 -0.919926 0.00352496
18400 -0.919835 0.00348781
18600 -0.919746 0.00345144
18800 -0.919659 0.00341582
19000 -0.919574 0.00338092
19200 -0.91949 0.00334673
19400 -0.919409 0.00331323
19600 -0.919329 0.00328039
19800 -0.91925 0.00324819
20000 -0.919174 0.00321661
