200 0.898597 0
400 0.898496 7.16971e-05
600 0.898486 4.84799e-05
800 0.898532 5.42921e-05
1000 0.89859 6.73358e-05
1200 0.898635 6.98118e-05
1400 0.898657 6.31418e-05
1600 0.898675 5.78162e-05
1800 0.898689 5.29223e-05
2000 0.8987 4.87855e-05
2200 0.898712 4.59642e-05
2400 0.898723 4.3328e-05
2600 0.898732 4.09046e-05
2800 0.89874 3.8692e-05
3000 0.898746 3.66766e-05
3200 0.898752 3.48404e-05
3400 0.898757 3.31651e-05
3600 0.898762 3.16334e-05
3800 0.898766 3.02295e-05
4000 0.898769 2.89394e-05
4200 0.898773 2.77506e-05
4400 0.898776 2.66525e-05
4600 0.898778 2.56354e-05
4800 0.898781 2.46911e-05
5000 0.898783 2.38124e-05
5200 0.898785 2.29927e-05
5400 0.898787 2.22266e-05
5600 0.898789 2.1509e-05
5800 0.898791 2.08356e-05
6000 0.898793 2.02024e-05
6200 0.898794 1.96062e-05
6400 0.898795 1.90437e-05
6600 0.898797 1.85122e-05
6800 0.898798 1.80093e-05
7000 0.898799 1.75328e-05
7200 0.8988 1.70806e-05
7400 0.898801 1.66509e-05
7600 0.898802 1.62421e-05
7800 0.898803 1.58528e-05
8000 0.898804 1.54816e-05
8200 0.898805 1.51273e-05
8400 0.898806 1.47888e-05
8600 0.898807 1.44649e-05
8800 0.898807 1.41549e-05
9000 0.898808 1.38578e-05
9200 0.898809 1.35729e-05
9400 0.898809 1.32994e-05
9600 0.89881 1.30366e-05
9800 0.898811 1.2784e-05
10000 0.898811 1.2541e-05
10200 0.898812 1.2307e-05
10400 0.898812 1.20815e-05
10600 0.898813 1.18641e-05
10800 0.898813 1.16544e-05
11000 0.898814 1.14519e-05
11200 0.898814 1.12563e-05
11400 0.898815 1.10673e-05
11600 0.898815 1.08845e-05
11800 0.898815 1.07076e-05
12000 0.898816 1.05364e-05
12200 0.898816 1.03705e-05
12400 0.898817 1.02098e-05
12600 0.898817 1.0054e-05
12800 0.898817 9.9028e-06
13000 0.898818 9.75611e-06
13200 0.898818 9.61369e-06
13400 0.898818 9.47536e-06
13600 0.898819 9.34095e-06
13800 0.898819 9.21029e-06
14000 0.898819 9.08322e-06
14200 0.898819 8.95961e-06
14400 0.89882 8.83931e-06
14600 0.89882 8.7222e-06
14800 0.89882 8.60814e-06
15000 0.89882 8.49702e-06
15200 0.898821 8.38873e-06
15400 0.898821 8.28316e-06
15600 0.898821 8.18022e-06
15800 0.898821 8.07979e-06
16000 0.898822 7.9818e-06
16200 0.898822 7.88615e-06
16400 0.898822 7.79277e-06
16600 0.898822 7.70156e-06
16800 0.898822 7.61247e-06
17000 0.898823 7.52541e-06
17200 0.898823 7.44032e-06
17400 0.898823 7.35712e-06
17600 0.898823 7.27577e-06
17800 0.898823 7.19619e-06
18000 0.898824 7.11834e-06
18200 0.898824 7.04214e-06
18400 0.898824 6.96756e-06
18600 0.898824 6.89454e-06
18800 0.898824 6.82304e-06
19000 0.898824 6.753e-06
19200 0.898824 6.68438e-06
19400 0.898825 6.61715e-06
19600 0.898825 6.55125e-06
19800 0.898825 6.48664e-06
20000 0.898825 6.4233e-06
