0.515 0.278264 0.0100319
0.53 0.295919 0.0104571
0.545 0.305774 0.0151692
0.56 0.322283 0.0136063
0.575 0.337946 0.0139089
0.59 0.344803 0.0142765
0.605 0.363918 0.0128174
0.62 0.369109 0.00623135
0.635 0.382904 0.0048011
0.65 0.388521 0.00690092
0.665 0.3927 0.00547986
0.68 0.401931 0.00661311
0.695 0.406666 0.00506487
0.71 0.419012 0.00439215
0.725 0.420001 0.00403095
0.74 0.417951 0.00360276
0.755 0.427994 0.00288437
0.77 0.429631 0.00245405
0.785 0.432431 0.00209664
0.8 0.432656 0.00208681
0.815 0.430718 0.00112968
0.83 0.431306 0.00120263
0.845 0.43144 0.00161871
0.86 0.430944 0.00160537
0.875 0.430539 0.00156456
0.89 0.427449 0.00141238
0.905 0.425515 0.00173078
0.92 0.423551 0.00165225
0.935 0.422607 0.00153785
0.95 0.421385 0.00155832
0.965 0.418635 0.00141091
0.98 0.415115 0.00140919
0.995 0.412205 0.00142461
1.01 0.408496 0.00134116
1.025 0.404974 0.00136966
1.04 0.400263 0.00125251
1.055 0.396775 0.00109691
1.07 0.393208 0.00101631
1.085 0.389867 0.000866228
1.1 0.386239 0.00103555
1.115 0.382816 0.00111499
1.13 0.37943 0.000989134
1.145 0.375595 0.000762747
1.16 0.372575 0.000701193
1.175 0.368648 0.000729709
1.19 0.364884 0.000664828
1.205 0.361031 0.000724107
1.22 0.356861 0.000532129
1.235 0.352697 0.000399721
1.25 0.348717 0.000370627
1.265 0.34512 0.000448148
1.28 0.341509 0.000480271
1.295 0.337842 0.000394793
1.31 0.333979 0.000257207
1.325 0.330351 0.000255564
1.34 0.32636 0.000268282
1.355 0.322524 0.000311643
1.37 0.318921 0.000318395
1.385 0.315177 0.000305022
1.4 0.3112 0.000290241
1.415 0.307646 0.000289658
1.43 0.303888 0.000319516
1.445 0.300219 0.000286631
1.46 0.296634 0.000239716
1.475 0.293109 0.000259686
1.49 0.289641 0.000265967
1.505 0.28621 0.000248663
1.52 0.282835 0.00023646
1.535 0.279321 0.000231371
1.55 0.275924 0.000270641
1.565 0.272506 0.000279858
1.58 0.26918 0.000261666
1.595 0.26595 0.000236365
1.61 0.262649 0.000230711
1.625 0.259492 0.000227179
1.64 0.256321 0.000200302
1.655 0.253159 0.000174195
1.67 0.250093 0.000177094
1.685 0.24711 0.000189186
1.7 0.244235 0.000190633
1.715 0.241315 0.000204424
1.73 0.238435 0.000207851
1.745 0.235557 0.000185677
1.76 0.232727 0.000189857
1.775 0.229955 0.000185617
1.79 0.227161 0.000168681
1.805 0.224448 0.000152653
1.82 0.221779 0.000157009
1.835 0.219111 0.000154438
1.85 0.216552 0.000153742
1.865 0.213979 0.000149254
1.88 0.211517 0.00015384
1.895 0.209039 0.000144268
1.91 0.206579 0.000139302
1.925 0.204178 0.000133101
1.94 0.201801 0.00013059
1.955 0.199493 0.000138363
1.97 0.197174 0.00012452
1.985 0.194927 0.000128542
2 0.192725 0.000118232
