0.515 0.220973 0.0118542
0.53 0.256773 0.0121594
0.545 0.247339 0.00988601
0.56 0.292423 0.011482
0.575 0.317368 0.00589091
0.59 0.346618 0.00715221
0.605 0.353388 0.0121622
0.62 0.351976 0.00618193
0.635 0.378838 0.00548041
0.65 0.377689 0.00359311
0.665 0.389047 0.00456971
0.68 0.387922 0.00457768
0.695 0.401122 0.00362828
0.71 0.415219 0.00478707
0.725 0.414323 0.0042978
0.74 0.414171 0.00400601
0.755 0.427898 0.00331089
0.77 0.423029 0.00244971
0.785 0.42671 0.00311684
0.8 0.426031 0.002977
0.815 0.429808 0.00208995
0.83 0.431291 0.00160762
0.845 0.428789 0.00206729
0.86 0.430902 0.00137936
0.875 0.43086 0.00209637
0.89 0.426086 0.00176269
0.905 0.425983 0.00173305
0.92 0.425969 0.00135615
0.935 0.423451 0.0018427
0.95 0.418652 0.00122054
0.965 0.417047 0.0015237
0.98 0.415612 0.00135503
0.995 0.413536 0.00101936
1.01 0.409675 0.00121903
1.025 0.407194 0.00100145
1.04 0.405185 0.00114596
1.055 0.399744 0.00102537
1.07 0.396981 0.00101758
1.085 0.391001 0.000746326
1.1 0.388585 0.000871163
1.115 0.385776 0.00052974
1.13 0.382769 0.000634995
1.145 0.377538 0.000751386
1.16 0.374103 0.000781105
1.175 0.371086 0.000530831
1.19 0.364977 0.000510587
1.205 0.361821 0.000558026
1.22 0.358944 0.000491909
1.235 0.354292 0.000600526
1.25 0.351334 0.000543648
1.265 0.347043 0.000430811
1.28 0.343219 0.000404757
1.295 0.339218 0.000439537
1.31 0.333776 0.000512821
1.325 0.33086 0.000370735
1.34 0.327105 0.000338926
1.355 0.323139 0.000298037
1.37 0.319121 0.000448523
1.385 0.315647 0.0004176
1.4 0.311654 0.000262979
1.415 0.308215 0.00034256
1.43 0.304459 0.000475677
1.445 0.300664 0.000445721
1.46 0.297328 0.000211209
1.475 0.293143 0.000111412
1.49 0.289761 0.000396547
1.505 0.286214 0.000355398
1.52 0.283091 0.000278229
1.535 0.279096 0.000172976
1.55 0.276318 0.000279547
1.565 0.272937 0.000367263
1.58 0.26944 0.000202994
1.595 0.266552 0.00024341
1.61 0.262663 0.000183175
1.625 0.259687 0.000179847
1.64 0.256655 0.000320919
1.655 0.253705 0.000263666
1.67 0.250501 0.000211948
1.685 0.247555 0.000257095
1.7 0.244419 0.000266978
1.715 0.241668 0.000158735
1.73 0.238715 0.000271937
1.745 0.235983 0.000158027
1.76 0.232789 0.000164019
1.775 0.229773 0.000314183
1.79 0.227446 0.000270265
1.805 0.224406 0.000239245
1.82 0.221947 0.000196402
1.835 0.219438 0.000118682
1.85 0.216933 0.000121941
1.865 0.21407 0.000100043
1.88 0.211736 0.000159618
1.895 0.209168 0.000245146
1.91 0.206755 0.000111661
1.925 0.204181 0.000104871
1.94 0.201785 0.00013952
1.955 0.199368 0.000152053
1.97 0.197078 0.000161654
1.985 0.194955 0.000129369
2 0.192587 0.000121981
