0.515 -0.961317 0.00139463
0.53 -0.956357 0.00156093
0.545 -0.95225 0.00239481
0.56 -0.946795 0.00226512
0.575 -0.941074 0.00245126
0.59 -0.936555 0.00266586
0.605 -0.929355 0.0025303
0.62 -0.924542 0.00130715
0.635 -0.917658 0.00107062
0.65 -0.912246 0.00161741
0.665 -0.906946 0.00131675
0.68 -0.900039 0.00168594
0.695 -0.894057 0.00137199
0.71 -0.885602 0.00125341
0.725 -0.880073 0.00121112
0.74 -0.875349 0.00112883
0.755 -0.866623 0.000954251
0.77 -0.860243 0.000851141
0.785 -0.853279 0.000783601
0.8 -0.84703 0.000798664
0.815 -0.841437 0.000477962
0.83 -0.834699 0.000488884
0.845 -0.828011 0.000692261
0.86 -0.821426 0.000737336
0.875 -0.814657 0.000754358
0.89 -0.80899 0.000689505
0.905 -0.802738 0.000877695
0.92 -0.79637 0.000872388
0.935 -0.789358 0.000856443
0.95 -0.782339 0.000917431
0.965 -0.776086 0.000861932
0.98 -0.770239 0.000890903
0.995 -0.763972 0.000945121
1.01 -0.758162 0.000930805
1.025 -0.752225 0.000966515
1.04 -0.747118 0.000920611
1.055 -0.741182 0.000827421
1.07 -0.73525 0.000785145
1.085 -0.729119 0.000693019
1.1 -0.723217 0.000865326
1.115 -0.717124 0.000969666
1.13 -0.710995 0.000871213
1.145 -0.705281 0.000699505
1.16 -0.698814 0.000670869
1.175 -0.6932 0.00072092
1.19 -0.687492 0.000684557
1.205 -0.681909 0.000777481
1.22 -0.676726 0.000594848
1.235 -0.671598 0.000460923
1.25 -0.6663 0.000442956
1.265 -0.660643 0.000547644
1.28 -0.655026 0.000614099
1.295 -0.649526 0.000530847
1.31 -0.644373 0.000357149
1.325 -0.63897 0.000359292
1.34 -0.634133 0.000385717
1.355 -0.629177 0.000451202
1.37 -0.623942 0.000467205
1.385 -0.619027 0.000443683
1.4 -0.614573 0.000425271
1.415 -0.609525 0.00044853
1.43 -0.604922 0.000506669
1.445 -0.600303 0.000487197
1.46 -0.595662 0.000422275
1.475 -0.59104 0.000460287
1.49 -0.586389 0.000488705
1.505 -0.581805 0.000464183
1.52 -0.577226 0.000454511
1.535 -0.573088 0.000463666
1.55 -0.56882 0.000555886
1.565 -0.564754 0.000598657
1.58 -0.560611 0.000583139
1.595 -0.556392 0.000537742
1.61 -0.552484 0.000544745
1.625 -0.548415 0.000544089
1.64 -0.544522 0.000508166
1.655 -0.540744 0.000446889
1.67 -0.536894 0.000453001
1.685 -0.532984 0.000508763
1.7 -0.528923 0.000521451
1.715 -0.52511 0.000566374
1.73 -0.521386 0.000590959
1.745 -0.51778 0.000539576
1.76 -0.514226 0.000564732
1.775 -0.510608 0.0005719
1.79 -0.507268 0.000530624
1.805 -0.503839 0.000491708
1.82 -0.500417 0.000495441
1.835 -0.497122 0.000508989
1.85 -0.493666 0.000527682
1.865 -0.490414 0.000514427
1.88 -0.486962 0.000536936
1.895 -0.483713 0.000526471
1.91 -0.480596 0.000519337
1.925 -0.477399 0.000514931
1.94 -0.47431 0.000523426
1.955 -0.471122 0.000564128
1.97 -0.468118 0.000520835
1.985 -0.464998 0.000551292
2 -0.461852 0.000531102
