0.515 -0.969282 0.00164716
0.53 -0.962146 0.00180122
0.545 -0.961393 0.00154119
0.56 -0.951686 0.00190119
0.575 -0.944627 0.00102668
0.59 -0.936169 0.00132094
0.605 -0.931439 0.00240057
0.62 -0.928146 0.0012531
0.635 -0.918628 0.00117074
0.65 -0.914755 0.00082568
0.665 -0.907813 0.00111336
0.68 -0.903697 0.00115337
0.695 -0.89557 0.000961164
0.71 -0.886736 0.00134409
0.725 -0.881847 0.00127034
0.74 -0.876554 0.00124758
0.755 -0.866723 0.00110462
0.77 -0.86254 0.000825179
0.785 -0.855395 0.00114042
0.8 -0.849505 0.00112157
0.815 -0.841796 0.000789672
0.83 -0.834774 0.000668514
0.845 -0.829191 0.000894825
0.86 -0.821438 0.000607356
0.875 -0.814455 0.000978601
0.89 -0.809708 0.000840448
0.905 -0.802372 0.000878144
0.92 -0.795018 0.000722266
0.935 -0.78883 0.00104275
0.95 -0.783893 0.000721137
0.965 -0.776971 0.000908217
0.98 -0.769848 0.000844904
0.995 -0.763095 0.000660016
1.01 -0.757297 0.000824768
1.025 -0.750663 0.000701516
1.04 -0.74357 0.000843341
1.055 -0.739015 0.000774098
1.07 -0.732271 0.000784106
1.085 -0.728108 0.00061466
1.1 -0.721201 0.000721362
1.115 -0.714662 0.000478594
1.13 -0.707953 0.000571724
1.145 -0.703541 0.000681855
1.16 -0.69739 0.000774608
1.175 -0.690849 0.000545858
1.19 -0.687528 0.000525753
1.205 -0.681071 0.000619113
1.22 -0.674381 0.000552888
1.235 -0.669791 0.000680724
1.25 -0.663162 0.00065631
1.265 -0.658311 0.000520595
1.28 -0.652857 0.000547977
1.295 -0.647685 0.000593707
1.31 -0.644631 0.000660994
1.325 -0.63829 0.0005443
1.34 -0.632913 0.000472994
1.355 -0.628176 0.000458873
1.37 -0.623538 0.00065577
1.385 -0.618169 0.000658757
1.4 -0.613873 0.000434383
1.415 -0.608474 0.000593247
1.43 -0.603879 0.00080094
1.445 -0.599491 0.000762409
1.46 -0.594487 0.00034514
1.475 -0.59096 0.000241336
1.49 -0.586097 0.00077867
1.505 -0.581766 0.000675996
1.52 -0.576724 0.000543752
1.535 -0.573667 0.000374839
1.55 -0.568115 0.0005475
1.565 -0.563742 0.000825716
1.58 -0.559918 0.000447241
1.595 -0.554961 0.000557912
1.61 -0.552404 0.000464416
1.625 -0.548026 0.000439712
1.64 -0.543814 0.000826884
1.655 -0.539324 0.000651437
1.67 -0.535811 0.000535976
1.685 -0.531769 0.000669396
1.7 -0.528335 0.00070089
1.715 -0.524042 0.000438006
1.73 -0.520597 0.000777501
1.745 -0.516527 0.000406781
1.76 -0.514061 0.0005171
1.775 -0.51116 0.000983768
1.79 -0.506428 0.000849587
1.805 -0.50391 0.000768898
1.82 -0.499827 0.000628466
1.835 -0.49592 0.000380628
1.85 -0.492246 0.000400272
1.865 -0.490033 0.000376146
1.88 -0.486043 0.000561245
1.895 -0.483303 0.00089319
1.91 -0.47988 0.000441629
1.925 -0.477332 0.000449555
1.94 -0.474422 0.00056981
1.955 -0.47163 0.000560604
1.97 -0.468516 0.00058751
1.985 -0.465019 0.00058754
2 -0.462494 0.000557261
