0.515 -0.105642 0.0921434
0.53 -0.0192268 0.0706284
0.545 0.0167664 0.0646897
0.56 -0.027216 0.064796
0.575 -0.0407112 0.0616081
0.59 -0.0430364 0.0743571
0.605 -0.0768712 0.0608774
0.62 -0.112294 0.034076
0.635 -0.0799516 0.0341521
0.65 -0.0536244 0.0368819
0.665 -0.0641412 0.0404909
0.68 -0.0605192 0.0373848
0.695 -0.0506772 0.0322118
0.71 -0.0160144 0.0296333
0.725 -0.0189528 0.0202463
0.74 -0.0227236 0.0223985
0.755 -0.0213944 0.0217281
0.77 -0.0257544 0.0191427
0.785 -0.0294904 0.0184563
0.8 -0.0267516 0.014779
0.815 -0.0340732 0.0155812
0.83 -0.0183496 0.0181204
0.845 -0.019598 0.0173337
0.86 -0.0154672 0.0148886
0.875 -0.0147488 0.0157564
0.89 -0.0133516 0.0159812
0.905 -0.0054576 0.0124232
0.92 -0.0018532 0.0112397
0.935 0.0007228 0.0112634
0.95 0.0025104 0.0118172
0.965 0.000282 0.0112445
0.98 -0.0051704 0.00954031
0.995 -0.0017484 0.0103431
1.01 0.0004996 0.010696
1.025 -0.0015832 0.00884807
1.04 -0.0017424 0.00873229
1.055 -2.56e-05 0.00942888
1.07 -0.0025196 0.00925996
1.085 -5.68e-05 0.00883037
1.1 0.004028 0.00918585
1.115 0.0028492 0.00859418
1.13 0.0020192 0.00859201
1.145 0.00381 0.00810346
1.16 0.0073756 0.00817038
1.175 0.0072124 0.00820888
1.19 0.0091952 0.00744605
1.205 0.009636 0.00647755
1.22 0.0072096 0.00645406
1.235 0.0060496 0.00602565
1.25 0.0066164 0.00631076
1.265 0.0067476 0.00619087
1.28 0.007376 0.00541591
1.295 0.0081848 0.00499416
1.31 0.006556 0.00493534
1.325 0.0044468 0.00466748
1.34 0.0023676 0.00487971
1.355 0.002836 0.00470445
1.37 0.0018992 0.00474895
1.385 0.0007928 0.00481132
1.4 -0.0005308 0.00445959
1.415 -0.0012188 0.00435354
1.43 -0.0007364 0.00410646
1.445 -0.0008352 0.00435876
1.46 0.0001748 0.00426754
1.475 0.000818 0.00413309
1.49 0.001916 0.00399101
1.505 0.001126 0.00402824
1.52 0.0006536 0.00411637
1.535 0.0008908 0.00382659
1.55 0.0009392 0.00372395
1.565 0.0010196 0.00378658
1.58 0.0014024 0.00363296
1.595 0.0026736 0.00358649
1.61 0.0020856 0.00333602
1.625 0.0024592 0.00326455
1.64 0.0016896 0.003574
1.655 0.0014768 0.00328203
1.67 0.001738 0.00330664
1.685 0.0017892 0.00334288
1.7 0.0020332 0.00341909
1.715 0.0018304 0.00321398
1.73 0.0015276 0.0032041
1.745 0.001348 0.00310837
1.76 0.0014688 0.00292028
1.775 0.0014124 0.00298503
1.79 0.001564 0.00303826
1.805 0.0017164 0.00302225
1.82 0.0013412 0.00281182
1.835 0.0009156 0.00282986
1.85 0.0003132 0.00274703
1.865 0.0005852 0.00294966
1.88 0.0003524 0.00285087
1.895 0.0002384 0.00292136
1.91 9.84e-05 0.00290377
1.925 0.000364 0.00286008
1.94 -7.36e-05 0.00269048
1.955 -0.0005976 0.0026336
1.97 -0.0003752 0.00261926
1.985 -0.0007512 0.0025352
2 -0.0006644 0.00236251
