0.515 -0.144326 0.0804552
0.53 -0.0366824 0.089723
0.545 -0.0848276 0.103081
0.56 0.0842524 0.0870253
0.575 -0.089626 0.0486418
0.59 -0.0432808 0.0324809
0.605 -0.126307 0.0373277
0.62 0.0314792 0.0449443
0.635 -0.0082448 0.0302503
0.65 0.0117072 0.0493307
0.665 -0.0394332 0.0361216
0.68 -0.002116 0.0293325
0.695 0.0343856 0.0315708
0.71 -0.0492488 0.027295
0.725 0.036748 0.0229771
0.74 0.0203936 0.0155063
0.755 -0.0125008 0.016344
0.77 -0.0038704 0.0180754
0.785 0.0128124 0.0130907
0.8 0.0018864 0.0126862
0.815 -0.005728 0.0124008
0.83 0.0043852 0.0186177
0.845 -0.0007292 0.0136125
0.86 0.018078 0.0109572
0.875 -0.0051348 0.00687082
0.89 -0.0089616 0.00817338
0.905 -0.0046256 0.00975405
0.92 0.007944 0.00688675
0.935 0.0004684 0.00591904
0.95 0.0011604 0.00788725
0.965 0.0217228 0.00679242
0.98 -0.001546 0.00887393
0.995 0.0060796 0.00659847
1.01 0.002804 0.00508101
1.025 -0.0007808 0.006428
1.04 0.0024044 0.00804386
1.055 -0.002962 0.00778706
1.07 0.0066332 0.00743959
1.085 0.0022056 0.00650346
1.1 0.00382 0.00634542
1.115 -0.0052816 0.00601616
1.13 -0.0010148 0.00421925
1.145 0.0014692 0.00312542
1.16 -4.56e-05 0.00478768
1.175 -0.0017704 0.00590167
1.19 0.00716 0.00342113
1.205 0.0006028 0.00630548
1.22 -0.0028444 0.00252787
1.235 0.003648 0.00404729
1.25 -0.001318 0.00536812
1.265 0.0053632 0.00547828
1.28 0.0039572 0.00413641
1.295 -0.0041372 0.0028641
1.31 0.0029096 0.00209431
1.325 -0.0020672 0.00243397
1.34 -0.0034976 0.00316173
1.355 0.0022636 0.00247241
1.37 0.0035676 0.00216939
1.385 -0.0005584 0.00161991
1.4 0.0049352 0.00241038
1.415 -0.0004684 0.00218876
1.43 -0.0005388 0.00355348
1.445 -0.0012392 0.0035395
1.46 0.0020588 0.00249034
1.475 -0.003062 0.00340661
1.49 -0.00412 0.00283594
1.505 -0.000836 0.00228212
1.52 0.0004524 0.00218901
1.535 -0.000964 0.00285745
1.55 0.0017376 0.00230179
1.565 0.0028584 0.00248399
1.58 0.0036792 0.00198818
1.595 0.0001912 0.00276362
1.61 -0.0002976 0.00217366
1.625 -0.001408 0.00217943
1.64 0.0013604 0.00200577
1.655 0.0005212 0.00215447
1.67 -0.0012464 0.00252172
1.685 0.0018016 0.00224264
1.7 0.0011096 0.00260719
1.715 0.0015856 0.00241212
1.73 -0.002056 0.00222466
1.745 0.0013736 0.00218818
1.76 0.001496 0.00197075
1.775 0.0029716 0.00222482
1.79 -0.0007196 0.00251779
1.805 -0.0010708 0.00200509
1.82 0.0026608 0.00216358
1.835 -0.0003972 0.00166835
1.85 -0.0002052 0.0015428
1.865 -0.0041336 0.00146707
1.88 0.0007164 0.00161575
1.895 -0.0039284 0.00180899
1.91 -0.002758 0.00205557
1.925 -0.0032772 0.000945863
1.94 0.0030828 0.00107731
1.955 -0.000946 0.000982458
1.97 0.0006948 0.00224412
1.985 -0.0040844 0.00175946
2 0.003392 0.000912236
