0.515 0.904106 0.0126281
0.53 0.874293 0.0120058
0.545 0.848673 0.0155108
0.56 0.797644 0.030441
0.575 0.784828 0.0200105
0.59 0.765626 0.0194372
0.605 0.703634 0.0279861
0.62 0.660174 0.0289703
0.635 0.63424 0.033618
0.65 0.57609 0.0290772
0.665 0.552126 0.0243496
0.68 0.510488 0.0227741
0.695 0.479583 0.0199732
0.71 0.458485 0.0183378
0.725 0.42224 0.018666
0.74 0.389522 0.0163461
0.755 0.35849 0.0176849
0.77 0.32266 0.0194498
0.785 0.303663 0.0178514
0.8 0.283997 0.0158626
0.815 0.263803 0.0163749
0.83 0.25129 0.0145714
0.845 0.230671 0.0154532
0.86 0.226587 0.0125809
0.875 0.209742 0.0131047
0.89 0.201053 0.0120584
0.905 0.191679 0.0119355
0.92 0.178843 0.0125316
0.935 0.175147 0.013791
0.95 0.166986 0.0125087
0.965 0.154176 0.01181
0.98 0.146836 0.0110346
0.995 0.146412 0.0107122
1.01 0.13703 0.0108334
1.025 0.130155 0.00952942
1.04 0.124397 0.00906271
1.055 0.119444 0.00869961
1.07 0.114111 0.00859209
1.085 0.109963 0.00851033
1.1 0.107968 0.00878487
1.115 0.104982 0.00811562
1.13 0.0974292 0.00707459
1.145 0.0981812 0.00788896
1.16 0.0964084 0.00805994
1.175 0.0951116 0.00712407
1.19 0.0929372 0.00707923
1.205 0.0913724 0.00622192
1.22 0.0877568 0.0057489
1.235 0.0849964 0.00587789
1.25 0.0835868 0.00609756
1.265 0.0827436 0.00566956
1.28 0.0806524 0.00568405
1.295 0.0782072 0.00517892
1.31 0.075064 0.00453854
1.325 0.0731536 0.0045032
1.34 0.0690572 0.00444395
1.355 0.0671028 0.00438344
1.37 0.06525 0.00454176
1.385 0.0623496 0.00422429
1.4 0.060406 0.00432287
1.415 0.0580944 0.00391646
1.43 0.0555 0.00376382
1.445 0.0549792 0.00349462
1.46 0.0540184 0.00358876
1.475 0.053728 0.00411372
1.49 0.052496 0.00420364
1.505 0.0513992 0.00370653
1.52 0.0494596 0.00341463
1.535 0.04811 0.00357217
1.55 0.0471772 0.00334394
1.565 0.046672 0.00318002
1.58 0.0469072 0.00315321
1.595 0.0456844 0.00289831
1.61 0.0456168 0.00290872
1.625 0.0445684 0.00327517
1.64 0.0438832 0.00300982
1.655 0.0430656 0.00313071
1.67 0.0424428 0.0030692
1.685 0.0415208 0.00294108
1.7 0.0411168 0.00296411
1.715 0.0399044 0.0030762
1.73 0.0391696 0.00283292
1.745 0.0387196 0.00265872
1.76 0.0371464 0.00268919
1.775 0.0366044 0.00258876
1.79 0.0361828 0.00269034
1.805 0.0351428 0.00255868
1.82 0.034876 0.00277018
1.835 0.0337232 0.00271229
1.85 0.03353 0.00271302
1.865 0.0323452 0.00260368
1.88 0.031616 0.00280306
1.895 0.030754 0.00274765
1.91 0.0302864 0.0027405
1.925 0.029452 0.00260617
1.94 0.0290532 0.0025685
1.955 0.0285936 0.00258255
1.97 0.0278576 0.00240607
1.985 0.027914 0.00245657
2 0.0271948 0.00246944
