0.515 0.86088 0.0313143
0.53 0.81462 0.0325022
0.545 0.817403 0.0186732
0.56 0.705941 0.0308989
0.575 0.747583 0.0132829
0.59 0.718439 0.013824
0.605 0.710879 0.0296691
0.62 0.611267 0.0154683
0.635 0.594447 0.0267746
0.65 0.552336 0.025032
0.665 0.510388 0.0286942
0.68 0.478396 0.026017
0.695 0.45425 0.0139647
0.71 0.413945 0.00955869
0.725 0.371713 0.0139993
0.74 0.357939 0.0104929
0.755 0.342724 0.0173992
0.77 0.32439 0.0172012
0.785 0.31508 0.0151949
0.8 0.274773 0.0152718
0.815 0.259041 0.0167444
0.83 0.250144 0.0149303
0.845 0.232252 0.0143469
0.86 0.24108 0.0144388
0.875 0.238003 0.00888266
0.89 0.207015 0.00701954
0.905 0.191422 0.0101606
0.92 0.180794 0.0104776
0.935 0.16843 0.00837827
0.95 0.174341 0.00732678
0.965 0.166962 0.00590871
0.98 0.144127 0.00676529
0.995 0.141438 0.0054806
1.01 0.151748 0.00536086
1.025 0.141873 0.00576765
1.04 0.129174 0.00421721
1.055 0.131752 0.00887082
1.07 0.127042 0.0059145
1.085 0.116068 0.00407387
1.1 0.10589 0.0039559
1.115 0.112531 0.00537456
1.13 0.109505 0.00382579
1.145 0.100133 0.00497719
1.16 0.101988 0.00362151
1.175 0.0885148 0.0041548
1.19 0.0898828 0.00472233
1.205 0.079314 0.00399603
1.22 0.0839436 0.00376475
1.235 0.0842468 0.00429952
1.25 0.082442 0.00353613
1.265 0.0786608 0.00563198
1.28 0.0722168 0.00367997
1.295 0.0739788 0.00263199
1.31 0.066012 0.00300792
1.325 0.0646944 0.00259163
1.34 0.0689552 0.00154873
1.355 0.0601984 0.00288531
1.37 0.0644708 0.002259
1.385 0.0624996 0.00342733
1.4 0.054808 0.00368014
1.415 0.054606 0.00346333
1.43 0.0601924 0.0026699
1.445 0.0532672 0.0026801
1.46 0.0540828 0.00321335
1.475 0.0537796 0.0029458
1.49 0.045002 0.00281251
1.505 0.0495392 0.00208658
1.52 0.0469404 0.00251087
1.535 0.0469632 0.00325234
1.55 0.0424396 0.00258761
1.565 0.0455844 0.00241448
1.58 0.0468216 0.00224324
1.595 0.0464372 0.00285079
1.61 0.0414544 0.00251193
1.625 0.0442604 0.0019821
1.64 0.0363164 0.0031784
1.655 0.0384376 0.00140165
1.67 0.0367628 0.00138913
1.685 0.0385928 0.00199014
1.7 0.0382984 0.00217197
1.715 0.0355628 0.00113677
1.73 0.036462 0.00189456
1.745 0.0360128 0.00207784
1.76 0.0340464 0.00131304
1.775 0.0318536 0.00185405
1.79 0.0333884 0.00184715
1.805 0.0360888 0.00170764
1.82 0.0310708 0.001783
1.835 0.0352448 0.0019801
1.85 0.0314468 0.00227647
1.865 0.0316448 0.00170322
1.88 0.0321284 0.00163521
1.895 0.03042 0.00106413
1.91 0.0276068 0.00177741
1.925 0.0286068 0.00245929
1.94 0.0285836 0.00192765
1.955 0.0293688 0.0014846
1.97 0.028884 0.00183198
1.985 0.0285096 0.00258573
2 0.0284904 0.00171289
