0.515 65.9303 1.34101
0.53 60.8081 1.29474
0.545 56.8651 1.99377
0.56 51.9572 2.04459
0.575 47.5721 2.05771
0.59 44.7765 2.14826
0.605 40.7031 1.89866
0.62 38.6013 1.02666
0.635 34.9531 0.701084
0.65 32.1628 0.776909
0.665 29.9308 0.717064
0.68 27.5195 0.853412
0.695 25.4251 0.549745
0.71 22.6079 0.468274
0.725 21.1338 0.483565
0.74 20.5721 0.506614
0.755 18.3475 0.315374
0.77 17.1658 0.244768
0.785 15.8816 0.151988
0.8 14.6342 0.264725
0.815 14.0143 0.285828
0.83 13.2308 0.340557
0.845 12.1812 0.37569
0.86 11.4745 0.193488
0.875 10.8086 0.145321
0.89 10.4751 0.21134
0.905 9.80295 0.203372
0.92 9.32708 0.170479
0.935 8.81996 0.16338
0.95 8.30998 0.135915
0.965 8.03321 0.127332
0.98 7.68911 0.145018
0.995 7.42636 0.120892
1.01 7.1339 0.0917205
1.025 6.81567 0.132413
1.04 6.6809 0.123329
1.055 6.43554 0.125401
1.07 6.21998 0.115637
1.085 5.95595 0.0932538
1.1 5.71019 0.0986025
1.115 5.48983 0.113928
1.13 5.2748 0.0979427
1.145 5.11753 0.0845315
1.16 4.93177 0.0831622
1.175 4.74088 0.080325
1.19 4.57894 0.0670918
1.205 4.42777 0.0527088
1.22 4.28765 0.0438361
1.235 4.16871 0.0385744
1.25 4.03148 0.0343695
1.265 3.88174 0.0304605
1.28 3.75855 0.0400585
1.295 3.64409 0.0342324
1.31 3.54758 0.0271389
1.325 3.41605 0.0246274
1.34 3.32293 0.0277988
1.355 3.2358 0.0256941
1.37 3.13665 0.0183066
1.385 3.0484 0.0177671
1.4 2.96295 0.0180748
1.415 2.88119 0.0250202
1.43 2.82448 0.0249608
1.445 2.74482 0.0289904
1.46 2.69587 0.0298687
1.475 2.62619 0.0272413
1.49 2.55083 0.0252393
1.505 2.48934 0.022394
1.52 2.43547 0.0222274
1.535 2.38763 0.0229245
1.55 2.34235 0.0244886
1.565 2.29001 0.0249036
1.58 2.24613 0.0249481
1.595 2.20046 0.0242252
1.61 2.15318 0.0228444
1.625 2.10469 0.0170617
1.64 2.0684 0.0154507
1.655 2.01679 0.0146843
1.67 1.98391 0.016594
1.685 1.93851 0.0145662
1.7 1.89684 0.0134284
1.715 1.85903 0.0116434
1.73 1.82308 0.0117042
1.745 1.78913 0.011698
1.76 1.75546 0.0116898
1.775 1.72552 0.0124136
1.79 1.69634 0.0106102
1.805 1.66783 0.0114112
1.82 1.6345 0.0113427
1.835 1.60668 0.0114227
1.85 1.57746 0.0105765
1.865 1.5489 0.011369
1.88 1.52315 0.0108012
1.895 1.49459 0.00989652
1.91 1.47246 0.0100893
1.925 1.44925 0.00913693
1.94 1.42512 0.00923399
1.955 1.40488 0.00963599
1.97 1.38347 0.00882496
1.985 1.36113 0.00771263
2 1.34087 0.00612826
