0.515 72.9453 1.64412
0.53 65.6178 1.63743
0.545 64.7447 1.52528
0.56 56.8072 1.66807
0.575 50.7771 0.952956
0.59 44.9438 1.08349
0.605 42.0347 1.5429
0.62 39.8648 1.1149
0.635 33.8287 1.06079
0.65 33.1367 0.674499
0.665 30.338 0.789591
0.68 28.7466 0.693553
0.695 26.1273 0.491331
0.71 23.6165 0.742301
0.725 21.5457 0.586673
0.74 20.7432 0.478868
0.755 17.6611 0.405157
0.77 17.8712 0.402876
0.785 16.1684 0.373429
0.8 15.3716 0.258972
0.815 14.4606 0.450013
0.83 12.8251 0.190069
0.845 12.7257 0.237612
0.86 11.8319 0.243441
0.875 11.075 0.274093
0.89 10.6609 0.254312
0.905 10.2376 0.109599
0.92 9.29589 0.0849226
0.935 8.90075 0.127772
0.95 8.67391 0.189827
0.965 8.25411 0.152208
0.98 7.9419 0.112802
0.995 7.4481 0.0809742
1.01 7.15837 0.0647727
1.025 6.72799 0.0887748
1.04 6.52159 0.0517792
1.055 6.22642 0.092764
1.07 5.92563 0.107788
1.085 5.94702 0.0664181
1.1 5.54184 0.0771009
1.115 5.3474 0.0392767
1.13 5.19696 0.0651004
1.145 5.03764 0.0588031
1.16 4.88064 0.0492041
1.175 4.61746 0.0497713
1.19 4.51046 0.0621368
1.205 4.36407 0.0413461
1.22 4.22724 0.0520504
1.235 4.07217 0.050543
1.25 3.99737 0.043444
1.265 3.845 0.0456723
1.28 3.68921 0.0407014
1.295 3.63055 0.0398939
1.31 3.57783 0.0357512
1.325 3.39292 0.0290343
1.34 3.2789 0.0333546
1.355 3.21292 0.0296921
1.37 3.15377 0.0382031
1.385 3.04837 0.0278591
1.4 2.97421 0.0225843
1.415 2.86957 0.0316576
1.43 2.83372 0.0286472
1.445 2.81576 0.0462574
1.46 2.71014 0.0162929
1.475 2.61141 0.0330679
1.49 2.54239 0.0186166
1.505 2.50789 0.0115314
1.52 2.47526 0.0253339
1.535 2.41258 0.0261428
1.55 2.32247 0.0163183
1.565 2.2736 0.0152127
1.58 2.24851 0.0210832
1.595 2.18568 0.0190361
1.61 2.14721 0.0149307
1.625 2.12227 0.0122983
1.64 2.02943 0.0107684
1.655 2.04735 0.0130455
1.67 1.98676 0.0143512
1.685 1.94372 0.0113545
1.7 1.93295 0.0156444
1.715 1.85913 0.0138421
1.73 1.85208 0.0122984
1.745 1.80298 0.0155374
1.76 1.76931 0.0135411
1.775 1.76859 0.0117801
1.79 1.68447 0.0125901
1.805 1.68063 0.0122305
1.82 1.63623 0.0168288
1.835 1.60872 0.015036
1.85 1.59484 0.00990714
1.865 1.57735 0.00793416
1.88 1.53437 0.0100579
1.895 1.51285 0.011542
1.91 1.49783 0.00971591
1.925 1.48351 0.0116993
1.94 1.43788 0.0085758
1.955 1.43215 0.0107709
1.97 1.40881 0.00885411
1.985 1.38303 0.00578916
2 1.36451 0.00938434
