-4.11053 0
-4.06922 0
-4.02791 0
-3.9866 0
-3.94528 0
-3.90397 0
-3.86266 0
-3.82135 0
-3.78004 0.000242061
-3.73873 0.000484122
-3.69741 0
-3.6561 0
-3.61479 0.000484122
-3.57348 0.00145237
-3.53217 0.00121031
-3.49085 0.000242061
-3.44954 0
-3.40823 0.000726183
-3.36692 0.000242061
-3.32561 0.000968245
-3.28429 0.00121031
-3.24298 0
-3.20167 0.00217855
-3.16036 0.00217855
-3.11905 0.00145237
-3.07774 0.00193649
-3.03642 0.00242061
-2.99511 0.00363092
-2.9538 0.00290473
-2.91249 0.00314679
-2.87118 0.00798802
-2.82986 0.00580947
-2.78855 0.00726183
-2.74724 0.0087142
-2.70593 0.0111348
-2.66462 0.0106507
-2.6233 0.00895626
-2.58199 0.0145237
-2.54068 0.0140395
-2.49937 0.0137975
-2.45806 0.0200911
-2.41674 0.0205752
-2.37543 0.0297735
-2.33412 0.0297735
-2.29281 0.0312259
-2.2515 0.0338886
-2.21019 0.0467178
-2.16887 0.0338886
-2.12756 0.0457496
-2.08625 0.0636621
-2.04494 0.0525273
-2.00363 0.0709239
-1.96231 0.0614835
-1.921 0.0646303
-1.87969 0.0801222
-1.83838 0.0839952
-1.79707 0.0902888
-1.75575 0.10457
-1.71444 0.101424
-1.67313 0.112316
-1.63182 0.124661
-1.59051 0.141848
-1.5492 0.129503
-1.50788 0.150562
-1.46657 0.158308
-1.42526 0.185419
-1.38395 0.164844
-1.34264 0.172832
-1.30132 0.190744
-1.26001 0.202847
-1.2187 0.212772
-1.17739 0.227053
-1.13608 0.218339
-1.09476 0.231168
-1.05345 0.220034
-1.01214 0.270624
-0.970829 0.251017
-0.929517 0.271108
-0.888205 0.26772
-0.846894 0.29362
-0.805582 0.294104
-0.76427 0.304271
-0.722958 0.283938
-0.681646 0.307418
-0.640334 0.322667
-0.599022 0.328235
-0.55771 0.313953
-0.516398 0.346632
-0.475087 0.328477
-0.433775 0.351231
-0.392463 0.348568
-0.351151 0.331624
-0.309839 0.331624
-0.268527 0.372048
-0.227215 0.356556
-0.185903 0.3476
-0.144592 0.358977
-0.10328 0.357524
-0.0619678 0.345905
-0.0206559 0.351231
0.0206559 0.358977
0.0619678 0.352925
0.10328 0.371564
0.144592 0.375679
0.185903 0.344695
0.227215 0.329687
0.268527 0.333076
0.309839 0.334771
0.351151 0.337917
0.392463 0.357282
0.433775 0.327509
0.475087 0.336223
0.516398 0.32412
0.55771 0.343485
0.599022 0.306449
0.640334 0.344695
0.681646 0.29362
0.722958 0.311775
0.76427 0.28418
0.805582 0.295073
0.846894 0.272561
0.888205 0.290715
0.929517 0.255859
0.970829 0.268688
1.01214 0.260458
1.05345 0.243271
1.09476 0.24666
1.13608 0.215919
1.17739 0.226569
1.2187 0.19728
1.26001 0.203331
1.30132 0.176947
1.34264 0.193649
1.38395 0.163391
1.42526 0.170169
1.46657 0.174284
1.50788 0.152741
1.5492 0.145237
1.59051 0.122241
1.63182 0.124904
1.67313 0.115463
1.71444 0.118852
1.75575 0.108685
1.79707 0.0818167
1.83838 0.0885944
1.87969 0.0844793
1.921 0.0810905
1.96231 0.0624518
2.00363 0.0665668
2.04494 0.0530114
2.08625 0.0682612
2.12756 0.0491384
2.16887 0.0409083
2.21019 0.0360671
2.2515 0.0338886
2.29281 0.0254164
2.33412 0.0273529
2.37543 0.027837
2.41674 0.0220276
2.45806 0.0191228
2.49937 0.0183966
2.54068 0.019849
2.58199 0.0087142
2.6233 0.0137975
2.66462 0.0140395
2.70593 0.0116189
2.74724 0.011861
2.78855 0.00701977
2.82986 0.00774596
2.87118 0.00556741
2.91249 0.00556741
2.9538 0.00387298
2.99511 0.00459916
3.03642 0.00363092
3.07774 0.000242061
3.11905 0.00290473
3.16036 0.00242061
3.20167 0.00121031
3.24298 0.000484122
3.28429 0.00145237
3.32561 0.00169443
3.36692 0.000484122
3.40823 0.000242061
3.44954 0
3.49085 0.000242061
3.53217 0
3.57348 0
3.61479 0.00145237
3.6561 0
3.69741 0.00145237
3.73873 0
3.78004 0
3.82135 0
3.86266 0
3.90397 0
3.94528 0.000242061
3.9866 0.000484122
4.02791 0
4.06922 0
4.11053 0
