-2.70008 0
-2.67294 0
-2.64581 0
-2.61867 0
-2.59153 0
-2.5644 0
-2.53726 0.000368508
-2.51012 0
-2.48299 0
-2.45585 0
-2.42871 0.000368508
-2.40158 0
-2.37444 0.00110552
-2.3473 0
-2.32017 0.00110552
-2.29303 0.000737015
-2.2659 0.00221105
-2.23876 0.000737015
-2.21162 0.000368508
-2.18449 0.00294806
-2.15735 0.00184254
-2.13021 0.00552762
-2.10308 0.00626463
-2.07594 0.00810717
-2.0488 0.00810717
-2.02167 0.00847568
-1.99453 0.00884419
-1.96739 0.0180569
-1.94026 0.0151088
-1.91312 0.0151088
-1.88598 0.0143718
-1.85885 0.023216
-1.83171 0.0272696
-1.80458 0.0291121
-1.77744 0.0316917
-1.7503 0.0390618
-1.72317 0.0394303
-1.69603 0.0445894
-1.66889 0.0460635
-1.64176 0.0563817
-1.61462 0.073333
-1.58748 0.0762811
-1.56035 0.0865993
-1.53321 0.0880733
-1.50607 0.093601
-1.47894 0.120134
-1.4518 0.141875
-1.42466 0.142981
-1.39753 0.139296
-1.37039 0.150351
-1.34326 0.167671
-1.31612 0.186096
-1.28898 0.195678
-1.26185 0.213734
-1.23471 0.217788
-1.20757 0.245058
-1.18044 0.255744
-1.1533 0.261272
-1.12616 0.290753
-1.09903 0.285225
-1.07189 0.310652
-1.04475 0.35303
-1.01762 0.360032
-0.990481 0.339764
-0.963345 0.336816
-0.936208 0.405727
-0.909072 0.357084
-0.881935 0.375509
-0.854799 0.40499
-0.827662 0.394303
-0.800526 0.420467
-0.773389 0.406833
-0.746253 0.452527
-0.719117 0.407938
-0.69198 0.378826
-0.664844 0.41236
-0.637707 0.411255
-0.610571 0.388407
-0.583434 0.376615
-0.556298 0.38767
-0.529161 0.388039
-0.502025 0.381405
-0.474888 0.393566
-0.447752 0.386196
-0.420615 0.361138
-0.393479 0.364454
-0.366342 0.360769
-0.339206 0.344186
-0.312069 0.339764
-0.284933 0.338659
-0.257796 0.307335
-0.23066 0.337922
-0.203524 0.317285
-0.176387 0.314337
-0.149251 0.312863
-0.122114 0.335342
-0.0949777 0.322813
-0.0678412 0.309178
-0.0407047 0.312126
-0.0135682 0.315811
0.0135682 0.321707
0.0407047 0.299597
0.0678412 0.315443
0.0949777 0.312126
0.122114 0.309915
0.149251 0.305493
0.176387 0.314706
0.203524 0.322076
0.23066 0.327235
0.257796 0.342344
0.284933 0.34566
0.312069 0.344555
0.339206 0.341238
0.366342 0.359295
0.393479 0.360769
0.420615 0.375878
0.447752 0.379931
0.474888 0.379194
0.502025 0.366297
0.529161 0.401305
0.556298 0.391724
0.583434 0.396146
0.610571 0.394672
0.637707 0.390987
0.664844 0.408307
0.69198 0.417151
0.719117 0.393566
0.746253 0.385459
0.773389 0.383617
0.800526 0.410149
0.827662 0.380668
0.854799 0.393198
0.881935 0.354504
0.909072 0.385828
0.936208 0.351556
0.963345 0.376983
0.990481 0.346766
1.01762 0.339396
1.04475 0.339396
1.07189 0.308441
1.09903 0.272696
1.12616 0.301808
1.1533 0.271959
1.18044 0.273064
1.20757 0.264957
1.23471 0.226632
1.26185 0.194204
1.28898 0.202679
1.31612 0.208207
1.34326 0.150351
1.37039 0.16288
1.39753 0.151088
1.42466 0.145929
1.4518 0.145929
1.47894 0.122345
1.50607 0.102445
1.53321 0.104656
1.56035 0.0913899
1.58748 0.0895474
1.61462 0.070385
1.64176 0.0722275
1.66889 0.0482745
1.69603 0.0600668
1.72317 0.0394303
1.7503 0.0291121
1.77744 0.0291121
1.80458 0.0291121
1.83171 0.0346397
1.85885 0.0265326
1.88598 0.021742
1.91312 0.021742
1.94026 0.0136348
1.96739 0.0136348
1.99453 0.0136348
2.02167 0.0106867
2.0488 0.00663314
2.07594 0.00626463
2.10308 0.00515911
2.13021 0.00368508
2.15735 0.00294806
2.18449 0.00442209
2.21162 0.00515911
2.23876 0.00294806
2.2659 0.00368508
2.29303 0.00147403
2.32017 0.00147403
2.3473 0
2.37444 0.00147403
2.40158 0
2.42871 0.000368508
2.45585 0.000368508
2.48299 0
2.51012 0.00110552
2.53726 0.00110552
2.5644 0.000368508
2.59153 0
2.61867 0
2.64581 0
2.67294 0
2.70008 0
0.7994610714882256 0.6380620806477272